<?xml version="1.0" encoding="UTF-8"?>
<TestRun id="a4b6b94d-da4c-4a00-8d53-da3f6c5debec" name="srivatsam@SWATHI 2017-01-25 09:18:24" runUser="CANARYS\srivatsam" xmlns="http://microsoft.com/schemas/VisualStudio/TeamTest/2010">
  <TestSettings name="Local" id="8b69c781-d4d4-4580-a862-165b7125fe4c">
    <Description>These are default test settings for a local test run.</Description>
    <Execution>
      <TestTypeSpecific />
      <AgentRule name="Execution Agents">
      </AgentRule>
    </Execution>
    <Deployment runDeploymentRoot="srivatsam_SWATHI 2017-01-25 09_18_24" />
    <Properties>
      <Property name="TestSettingsUIType" value="LoadTest" />
    </Properties>
  </TestSettings>
  <Times creation="2017-01-25T09:18:24.7010329+05:30" queuing="2017-01-25T09:18:27.5548015+05:30" start="2017-01-25T09:18:27.8363003+05:30" finish="2017-01-25T09:18:49.1028891+05:30" />
  <ResultSummary outcome="Completed">
    <Counters total="1" executed="1" passed="1" error="0" failed="0" timeout="0" aborted="0" inconclusive="0" passedButRunAborted="0" notRunnable="0" notExecuted="0" disconnected="0" warning="0" completed="0" inProgress="0" pending="0" />
  </ResultSummary>
  <TestDefinitions>
    <WebTest name="WebTest1" storage="c:\users\srivatsam\documents\visual studio 2017\projects\pul\pul\webtest1.webtest" id="452be674-4753-4493-a05d-2836c3126f7d" persistedWebTest="77u/PD94bWwgdmVyc2lvbj0iMS4wIiBlbmNvZGluZz0iVVRGLTgiIHN0YW5kYWxvbmU9InllcyI/Pg0KPFdlYlRlc3QgTmFtZT0iV2ViVGVzdDEiIElkPSI0NTJiZTY3NC00NzUzLTQ0OTMtYTA1ZC0yODM2YzMxMjZmN2QiIE93bmVyPSIiIFByaW9yaXR5PSIyMTQ3NDgzNjQ3IiBFbmFibGVkPSJUcnVlIiBDc3NQcm9qZWN0U3RydWN0dXJlPSIiIENzc0l0ZXJhdGlvbj0iIiBUaW1lb3V0PSIwIiBXb3JrSXRlbUlkcz0iIiB4bWxucz0iaHR0cDovL21pY3Jvc29mdC5jb20vc2NoZW1hcy9WaXN1YWxTdHVkaW8vVGVhbVRlc3QvMjAxMCIgRGVzY3JpcHRpb249IiIgQ3JlZGVudGlhbFVzZXJOYW1lPSIiIENyZWRlbnRpYWxQYXNzd29yZD0iIiBQcmVBdXRoZW50aWNhdGU9IlRydWUiIFByb3h5PSJkZWZhdWx0IiBTdG9wT25FcnJvcj0iRmFsc2UiIFJlY29yZGVkUmVzdWx0RmlsZT0iV2ViVGVzdDEuODNhN2Q2N2UtMmVkOS00YmVhLThmN2YtODEwNmJkMTA3NDViLnJlYy53ZWJ0ZXN0cmVzdWx0IiBSZXN1bHRzTG9jYWxlPSIiPg0KICA8SXRlbXM+DQogICAgPFJlcXVlc3QgTWV0aG9kPSJHRVQiIEd1aWQ9IjQ2NTBkNzdkLWFhMTgtNGIzYS1iOWUxLTAxNTNkZTU4NjUxYyIgVmVyc2lvbj0iMS4xIiBVcmw9Imh0dHA6Ly9wYXJ0c3VubGltaXRlZGUyZWRlbW8uYXp1cmV3ZWJzaXRlcy5uZXQvIiBUaGlua1RpbWU9IjAiIFRpbWVvdXQ9IjMwMCIgUGFyc2VEZXBlbmRlbnRSZXF1ZXN0cz0iVHJ1ZSIgRm9sbG93UmVkaXJlY3RzPSJUcnVlIiBSZWNvcmRSZXN1bHQ9IlRydWUiIENhY2hlPSJGYWxzZSIgUmVzcG9uc2VUaW1lR29hbD0iMCIgRW5jb2Rpbmc9InV0Zi04IiBFeHBlY3RlZEh0dHBTdGF0dXNDb2RlPSIwIiBFeHBlY3RlZFJlc3BvbnNlVXJsPSIiIFJlcG9ydGluZ05hbWU9IiIgSWdub3JlSHR0cFN0YXR1c0NvZGU9IkZhbHNlIj4NCiAgICAgIDxDb3JyZWxhdGlvbkV4dHJhY3Rpb25SdWxlcz4NCiAgICAgICAgPEV4dHJhY3Rpb25SdWxlIENsYXNzbmFtZT0iTWljcm9zb2Z0LlZpc3VhbFN0dWRpby5UZXN0VG9vbHMuV2ViVGVzdGluZy5SdWxlcy5FeHRyYWN0VGV4dCwgTWljcm9zb2Z0LlZpc3VhbFN0dWRpby5RdWFsaXR5VG9vbHMuV2ViVGVzdEZyYW1ld29yaywgVmVyc2lvbj0xMC4wLjAuMCwgQ3VsdHVyZT1uZXV0cmFsLCBQdWJsaWNLZXlUb2tlbj1iMDNmNWY3ZjExZDUwYTNhIiBWYXJpYWJsZU5hbWU9IlF1ZXJ5U3RyaW5nUGFyYW0xLkNhdGVnb3J5SWQiIERpc3BsYXlOYW1lPSIiIERlc2NyaXB0aW9uPSIiPg0KICAgICAgICAgIDxSdWxlUGFyYW1ldGVycz4NCiAgICAgICAgICAgIDxSdWxlUGFyYW1ldGVyIE5hbWU9IlN0YXJ0c1dpdGgiIFZhbHVlPSI/Q2F0ZWdvcnlJZD0iIC8+DQogICAgICAgICAgICA8UnVsZVBhcmFtZXRlciBOYW1lPSJFbmRzV2l0aCIgVmFsdWU9IiZxdW90OyIgLz4NCiAgICAgICAgICAgIDxSdWxlUGFyYW1ldGVyIE5hbWU9IkluZGV4IiBWYWx1ZT0iMyIgLz4NCiAgICAgICAgICAgIDxSdWxlUGFyYW1ldGVyIE5hbWU9Iklnbm9yZUNhc2UiIFZhbHVlPSJGYWxzZSIgLz4NCiAgICAgICAgICAgIDxSdWxlUGFyYW1ldGVyIE5hbWU9IlVzZVJlZ3VsYXJFeHByZXNzaW9uIiBWYWx1ZT0iRmFsc2UiIC8+DQogICAgICAgICAgICA8UnVsZVBhcmFtZXRlciBOYW1lPSJIdG1sRGVjb2RlIiBWYWx1ZT0iVHJ1ZSIgLz4NCiAgICAgICAgICAgIDxSdWxlUGFyYW1ldGVyIE5hbWU9IlJlcXVpcmVkIiBWYWx1ZT0iRmFsc2UiIC8+DQogICAgICAgICAgPC9SdWxlUGFyYW1ldGVycz4NCiAgICAgICAgPC9FeHRyYWN0aW9uUnVsZT4NCiAgICAgIDwvQ29ycmVsYXRpb25FeHRyYWN0aW9uUnVsZXM+DQogICAgPC9SZXF1ZXN0Pg0KICAgIDxSZXF1ZXN0IE1ldGhvZD0iR0VUIiBHdWlkPSI1YmNmMGZjYS1iYTg5LTQyNjctOGExMy1lNjVkMmFjNjU4NzAiIFZlcnNpb249IjEuMSIgVXJsPSJodHRwOi8vcGFydHN1bmxpbWl0ZWRlMmVkZW1vLmF6dXJld2Vic2l0ZXMubmV0L2ZvbnRzL2dseXBoaWNvbnMtaGFsZmxpbmdzLXJlZ3VsYXIuZW90IiBUaGlua1RpbWU9IjAiIFRpbWVvdXQ9IjMwMCIgUGFyc2VEZXBlbmRlbnRSZXF1ZXN0cz0iVHJ1ZSIgRm9sbG93UmVkaXJlY3RzPSJUcnVlIiBSZWNvcmRSZXN1bHQ9IlRydWUiIENhY2hlPSJGYWxzZSIgUmVzcG9uc2VUaW1lR29hbD0iMCIgRW5jb2Rpbmc9InV0Zi04IiBFeHBlY3RlZEh0dHBTdGF0dXNDb2RlPSIwIiBFeHBlY3RlZFJlc3BvbnNlVXJsPSIiIFJlcG9ydGluZ05hbWU9IiIgSWdub3JlSHR0cFN0YXR1c0NvZGU9IkZhbHNlIj4NCiAgICAgIDxIZWFkZXJzPg0KICAgICAgICA8SGVhZGVyIE5hbWU9IlJlZmVyZXIiIFZhbHVlPSJodHRwOi8vcGFydHN1bmxpbWl0ZWRlMmVkZW1vLmF6dXJld2Vic2l0ZXMubmV0LyIgLz4NCiAgICAgIDwvSGVhZGVycz4NCiAgICAgIDxRdWVyeVN0cmluZ1BhcmFtZXRlcnM+DQogICAgICAgIDxRdWVyeVN0cmluZ1BhcmFtZXRlciBOYW1lPSIiIFZhbHVlPSIiIFJlY29yZGVkVmFsdWU9IiIgQ29ycmVsYXRpb25CaW5kaW5nPSIiIFVybEVuY29kZT0iRmFsc2UiIFVzZVRvR3JvdXBSZXN1bHRzPSJGYWxzZSIgLz4NCiAgICAgIDwvUXVlcnlTdHJpbmdQYXJhbWV0ZXJzPg0KICAgIDwvUmVxdWVzdD4NCiAgICA8UmVxdWVzdCBNZXRob2Q9Ik9QVElPTlMiIEd1aWQ9ImNmZTcyYWNkLWM4OGMtNGEwOC1hZjExLTM0NDVkMjMzMjE5MyIgVmVyc2lvbj0iMS4xIiBVcmw9Imh0dHBzOi8vZGMuc2VydmljZXMudmlzdWFsc3R1ZGlvLmNvbS92Mi90cmFjayIgVGhpbmtUaW1lPSIwIiBUaW1lb3V0PSIzMDAiIFBhcnNlRGVwZW5kZW50UmVxdWVzdHM9IlRydWUiIEZvbGxvd1JlZGlyZWN0cz0iVHJ1ZSIgUmVjb3JkUmVzdWx0PSJUcnVlIiBDYWNoZT0iRmFsc2UiIFJlc3BvbnNlVGltZUdvYWw9IjAiIEVuY29kaW5nPSJ1dGYtOCIgRXhwZWN0ZWRIdHRwU3RhdHVzQ29kZT0iMCIgRXhwZWN0ZWRSZXNwb25zZVVybD0iIiBSZXBvcnRpbmdOYW1lPSIiIElnbm9yZUh0dHBTdGF0dXNDb2RlPSJGYWxzZSI+DQogICAgICA8U3RyaW5nSHR0cEJvZHkgQ29udGVudFR5cGU9IiIgSW5zZXJ0Qnl0ZU9yZGVyTWFyaz0iRmFsc2UiPg0KICAgICAgPC9TdHJpbmdIdHRwQm9keT4NCiAgICA8L1JlcXVlc3Q+DQogICAgPFJlcXVlc3QgTWV0aG9kPSJQT1NUIiBHdWlkPSI5N2JmMjU0Ni05OTIwLTQ2ZTItYmYwNC1kZjRmZjhkOWU4OWMiIFZlcnNpb249IjEuMSIgVXJsPSJodHRwczovL2RjLnNlcnZpY2VzLnZpc3VhbHN0dWRpby5jb20vdjIvdHJhY2siIFRoaW5rVGltZT0iNCIgVGltZW91dD0iMzAwIiBQYXJzZURlcGVuZGVudFJlcXVlc3RzPSJUcnVlIiBGb2xsb3dSZWRpcmVjdHM9IlRydWUiIFJlY29yZFJlc3VsdD0iVHJ1ZSIgQ2FjaGU9IkZhbHNlIiBSZXNwb25zZVRpbWVHb2FsPSIwIiBFbmNvZGluZz0idXRmLTgiIEV4cGVjdGVkSHR0cFN0YXR1c0NvZGU9IjAiIEV4cGVjdGVkUmVzcG9uc2VVcmw9IiIgUmVwb3J0aW5nTmFtZT0iIiBJZ25vcmVIdHRwU3RhdHVzQ29kZT0iRmFsc2UiPg0KICAgICAgPEhlYWRlcnM+DQogICAgICAgIDxIZWFkZXIgTmFtZT0iUmVmZXJlciIgVmFsdWU9Imh0dHA6Ly9wYXJ0c3VubGltaXRlZGUyZWRlbW8uYXp1cmV3ZWJzaXRlcy5uZXQvIiAvPg0KICAgICAgPC9IZWFkZXJzPg0KICAgICAgPFN0cmluZ0h0dHBCb2R5IENvbnRlbnRUeXBlPSJhcHBsaWNhdGlvbi9qc29uIiBJbnNlcnRCeXRlT3JkZXJNYXJrPSJGYWxzZSI+V3dCN0FDSUFkQUJwQUcwQVpRQWlBRG9BSWdBeUFEQUFNUUEzQUMwQU1BQXhBQzBBTWdBMUFGUUFNQUF6QURvQU5BQTNBRG9BTkFBMEFDNEFOQUE0QURFQVdnQWlBQ3dBSWdCcEFFc0FaUUI1QUNJQU9nQWlBRE1BTkFBekFHRUFOQUF6QURRQU1RQXRBR0VBTVFBeUFEUUFMUUEwQURNQU13QTNBQzBBT0FBeEFETUFNZ0F0QURNQU1BQTVBR0VBWXdBd0FEa0FOd0F5QURBQU1RQTBBQ0lBTEFBaUFHNEFZUUJ0QUdVQUlnQTZBQ0lBVFFCcEFHTUFjZ0J2QUhNQWJ3Qm1BSFFBTGdCQkFIQUFjQUJzQUdrQVl3QmhBSFFBYVFCdkFHNEFTUUJ1QUhNQWFRQm5BR2dBZEFCekFDNEFNd0EwQURNQVlRQTBBRE1BTkFBeEFHRUFNUUF5QURRQU5BQXpBRE1BTndBNEFERUFNd0F5QURNQU1BQTVBR0VBWXdBd0FEa0FOd0F5QURBQU1RQTBBQzRBUlFCNEFHTUFaUUJ3QUhRQWFRQnZBRzRBSWdBc0FDSUFkQUJoQUdjQWN3QWlBRG9BZXdBaUFHRUFhUUF1QUhNQVpRQnpBSE1BYVFCdkFHNEFMZ0JwQUdRQUlnQTZBQ0lBVkFCNUFHRUFWd0JGQUNJQUxBQWlBR0VBYVFBdUFHUUFaUUIyQUdrQVl3QmxBQzRBYVFCa0FDSUFPZ0FpQUdJQWNnQnZBSGNBY3dCbEFISUFJZ0FzQUNJQVlRQnBBQzRBWkFCbEFIWUFhUUJqQUdVQUxnQjBBSGtBY0FCbEFDSUFPZ0FpQUVJQWNnQnZBSGNBY3dCbEFISUFJZ0FzQUNJQVlRQnBBQzRBYVFCdUFIUUFaUUJ5QUc0QVlRQnNBQzRBWVFCbkFHVUFiZ0IwQUZZQVpRQnlBSE1BYVFCdkFHNEFJZ0E2QUNJQWN3QnVBR2tBY0FCd0FHVUFkQUE2QURFQUxnQXdBQ0lBTEFBaUFHRUFhUUF1QUdrQWJnQjBBR1VBY2dCdUFHRUFiQUF1QUhNQVpBQnJBRllBWlFCeUFITUFhUUJ2QUc0QUlnQTZBQ0lBYWdCaEFIWUFZUUJ6QUdNQWNnQnBBSEFBZEFBNkFERUFMZ0F3QUM0QU53QWlBQ3dBSWdCaEFHa0FMZ0IxQUhNQVpRQnlBQzRBYVFCa0FDSUFPZ0FpQUVzQU53QlVBRFFBUmdBaUFDd0FJZ0JoQUdrQUxnQnZBSEFBWlFCeUFHRUFkQUJwQUc4QWJnQXVBR2tBWkFBaUFEb0FJZ0JhQUhVQVRBQlVBRllBSWdBc0FDSUFZUUJwQUM0QWJ3QndBR1VBY2dCaEFIUUFhUUJ2QUc0QUxnQnVBR0VBYlFCbEFDSUFPZ0FpQUM4QUlnQjlBQ3dBSWdCa0FHRUFkQUJoQUNJQU9nQjdBQ0lBWWdCaEFITUFaUUJVQUhrQWNBQmxBQ0lBT2dBaUFFVUFlQUJqQUdVQWNBQjBBR2tBYndCdUFFUUFZUUIwQUdFQUlnQXNBQ0lBWWdCaEFITUFaUUJFQUdFQWRBQmhBQ0lBT2dCN0FDSUFkZ0JsQUhJQUlnQTZBRElBTEFBaUFHZ0FZUUJ1QUdRQWJBQmxBR1FBUVFCMEFDSUFPZ0FpQUhVQWJnQm9BR0VBYmdCa0FHd0FaUUJrQUNJQUxBQWlBR1VBZUFCakFHVUFjQUIwQUdrQWJ3QnVBSE1BSWdBNkFGc0Fld0FpQUhRQWVRQndBR1VBVGdCaEFHMEFaUUFpQURvQUlnQlVBSGtBY0FCbEFFVUFjZ0J5QUc4QWNnQWlBQ3dBSWdCdEFHVUFjd0J6QUdFQVp3QmxBQ0lBT2dBaUFGVUFiZ0JoQUdJQWJBQmxBQ0FBZEFCdkFDQUFad0JsQUhRQUlBQndBSElBYndCd0FHVUFjZ0IwQUhrQUlBQW5BR01BYkFCcEFHVUFiZ0IwQUNjQUlBQnZBR1lBSUFCMUFHNEFaQUJsQUdZQWFRQnVBR1VBWkFBZ0FHOEFjZ0FnQUc0QWRRQnNBR3dBSUFCeUFHVUFaZ0JsQUhJQVpRQnVBR01BWlFBaUFDd0FJZ0JvQUdFQWN3QkdBSFVBYkFCc0FGTUFkQUJoQUdNQWF3QWlBRG9BZEFCeUFIVUFaUUFzQUNJQWN3QjBBR0VBWXdCckFDSUFPZ0FpQUZRQWVRQndBR1VBUlFCeUFISUFid0J5QURvQUlBQlZBRzRBWVFCaUFHd0FaUUFnQUhRQWJ3QWdBR2NBWlFCMEFDQUFjQUJ5QUc4QWNBQmxBSElBZEFCNUFDQUFKd0JqQUd3QWFRQmxBRzRBZEFBbkFDQUFid0JtQUNBQWRRQnVBR1FBWlFCbUFHa0FiZ0JsQUdRQUlBQnZBSElBSUFCdUFIVUFiQUJzQUNBQWNnQmxBR1lBWlFCeUFHVUFiZ0JqQUdVQVhBQnVBQ0FBSUFBZ0FHRUFkQUFnQUVFQWJnQnZBRzRBZVFCdEFHOEFkUUJ6QUNBQVpnQjFBRzRBWXdCMEFHa0Fid0J1QUNBQUtBQm9BSFFBZEFCd0FEb0FMd0F2QUhBQVlRQnlBSFFBY3dCMUFHNEFiQUJwQUcwQWFRQjBBR1VBWkFCbEFESUFaUUJrQUdVQWJRQnZBQzRBWVFCNkFIVUFjZ0JsQUhjQVpRQmlBSE1BYVFCMEFHVUFjd0F1QUc0QVpRQjBBQzhBWWdCMUFHNEFaQUJzQUdVQWN3QXZBSE1BYVFCMEFHVUFQd0IyQUQwQU5nQmFBRUlBUmdCSEFHRUFNQUJ3QURJQU1BQmpBRVVBVmdCcEFEUUFUUUJUQUVjQWRBQmpBRk1BVGdCSkFEWUFiQUJHQUdjQWFBQTNBRTRBVWdCQkFHRUFRd0E1QUdJQVZBQjBBRk1BUWdCUkFGVUFXUUF4QURvQU1RQTZBRE1BTUFBMEFDa0FYQUJ1QUNBQUlBQWdBR0VBZEFBZ0FHRUFJQUFvQUdnQWRBQjBBSEFBT2dBdkFDOEFjQUJoQUhJQWRBQnpBSFVBYmdCc0FHa0FiUUJwQUhRQVpRQmtBR1VBTWdCbEFHUUFaUUJ0QUc4QUxnQmhBSG9BZFFCeUFHVUFkd0JsQUdJQWN3QnBBSFFBWlFCekFDNEFiZ0JsQUhRQUx3QmlBSFVBYmdCa0FHd0FaUUJ6QUM4QWFnQnhBSFVBWlFCeUFIa0FQd0IyQUQwQVl3QnhBRzBBTXdCeUFFWUFlZ0J5QUVnQVlRQnRBR2NBU0FCNUFHVUFPUUJ3QUhnQU5nQkhBRGdBUndCRUFEZ0FVQUJrQUdNQVRnQjFBRzhBYkFCSUFEZ0FjUUI2QUhFQVN3QlBBR3dBVEFCWUFHb0Fad0F4QURvQU1RQTZBREVBT0FBeUFEVUFPUUFwQUZ3QWJnQWdBQ0FBSUFCaEFIUUFJQUJvQUM0QVpnQnBBSElBWlFCWEFHa0FkQUJvQUNBQUtBQm9BSFFBZEFCd0FEb0FMd0F2QUhBQVlRQnlBSFFBY3dCMUFHNEFiQUJwQUcwQWFRQjBBR1VBWkFCbEFESUFaUUJrQUdVQWJRQnZBQzRBWVFCNkFIVUFjZ0JsQUhjQVpRQmlBSE1BYVFCMEFHVUFjd0F1QUc0QVpRQjBBQzhBWWdCMUFHNEFaQUJzQUdVQWN3QXZBR29BY1FCMUFHVUFjZ0I1QUQ4QWRnQTlBR01BY1FCdEFETUFjZ0JHQUhvQWNnQklBR0VBYlFCbkFFZ0FlUUJsQURrQWNBQjRBRFlBUndBNEFFY0FSQUE0QUZBQVpBQmpBRTRBZFFCdkFHd0FTQUE0QUhFQWVnQnhBRXNBVHdCc0FFd0FXQUJxQUdjQU1RQTZBREVBT2dBeEFEa0FNQUF3QURJQUtRQmNBRzRBSUFBZ0FDQUFZUUIwQUNBQWNnQmxBR0VBWkFCNUFDQUFLQUJvQUhRQWRBQndBRG9BTHdBdkFIQUFZUUJ5QUhRQWN3QjFBRzRBYkFCcEFHMEFhUUIwQUdVQVpBQmxBRElBWlFCa0FHVUFiUUJ2QUM0QVlRQjZBSFVBY2dCbEFIY0FaUUJpQUhNQWFRQjBBR1VBY3dBdUFHNEFaUUIwQUM4QVlnQjFBRzRBWkFCc0FHVUFjd0F2QUdvQWNRQjFBR1VBY2dCNUFEOEFkZ0E5QUdNQWNRQnRBRE1BY2dCR0FIb0FjZ0JJQUdFQWJRQm5BRWdBZVFCbEFEa0FjQUI0QURZQVJ3QTRBRWNBUkFBNEFGQUFaQUJqQUU0QWRRQnZBR3dBU0FBNEFIRUFlZ0J4QUVzQVR3QnNBRXdBV0FCcUFHY0FNUUE2QURFQU9nQXhBRE1BT0FBNUFEUUFLUUJjQUc0QUlBQWdBQ0FBWVFCMEFDQUFhQUFnQUNnQWFBQjBBSFFBY0FBNkFDOEFMd0J3QUdFQWNnQjBBSE1BZFFCdUFHd0FhUUJ0QUdrQWRBQmxBR1FBWlFBeUFHVUFaQUJsQUcwQWJ3QXVBR0VBZWdCMUFISUFaUUIzQUdVQVlnQnpBR2tBZEFCbEFITUFMZ0J1QUdVQWRBQXZBR0lBZFFCdUFHUUFiQUJsQUhNQUx3QnFBSEVBZFFCbEFISUFlUUEvQUhZQVBRQmpBSEVBYlFBekFISUFSZ0I2QUhJQVNBQmhBRzBBWndCSUFIa0FaUUE1QUhBQWVBQTJBRWNBT0FCSEFFUUFPQUJRQUdRQVl3Qk9BSFVBYndCc0FFZ0FPQUJ4QUhvQWNRQkxBRThBYkFCTUFGZ0FhZ0JuQURFQU9nQXhBRG9BTVFBeEFESUFPUUF3QUNrQUlnQXNBQ0lBY0FCaEFISUFjd0JsQUdRQVV3QjBBR0VBWXdCckFDSUFPZ0JiQUhzQUlnQnNBR1VBZGdCbEFHd0FJZ0E2QURBQUxBQWlBRzBBWlFCMEFHZ0Fid0JrQUNJQU9nQWlBRUVBYmdCdkFHNEFlUUJ0QUc4QWRRQnpBQ0FBWmdCMUFHNEFZd0IwQUdrQWJ3QnVBQ0lBTEFBaUFHRUFjd0J6QUdVQWJRQmlBR3dBZVFBaUFEb0FJZ0JoQUhRQUlBQkJBRzRBYndCdUFIa0FiUUJ2QUhVQWN3QWdBR1lBZFFCdUFHTUFkQUJwQUc4QWJnQWdBQ2dBYUFCMEFIUUFjQUE2QUM4QUx3QndBR0VBY2dCMEFITUFkUUJ1QUd3QWFRQnRBR2tBZEFCbEFHUUFaUUF5QUdVQVpBQmxBRzBBYndBdUFHRUFlZ0IxQUhJQVpRQjNBR1VBWWdCekFHa0FkQUJsQUhNQUxnQnVBR1VBZEFBdkFHSUFkUUJ1QUdRQWJBQmxBSE1BTHdCekFHa0FkQUJsQUQ4QWRnQTlBRFlBV2dCQ0FFWUFSd0JoQURBQWNBQXlBREFBWXdCRkFGWUFhUUEwQUUwQVV3QkhBSFFBWXdCVEFFNEFTUUEyQUd3QVJnQm5BR2dBTndCT0FGSUFRUUJoQUVNQU9RQmlBRlFBZEFCVEFFSUFVUUJWQUZrQU1RQTZBREVBT2dBekFEQUFOQUFwQUNJQUxBQWlBR1lBYVFCc0FHVUFUZ0JoQUcwQVpRQWlBRG9BSWdCb0FIUUFkQUJ3QURvQUx3QXZBSEFBWVFCeUFIUUFjd0IxQUc0QWJBQnBBRzBBYVFCMEFHVUFaQUJsQURJQVpRQmtBR1VBYlFCdkFDNEFZUUI2QUhVQWNnQmxBSGNBWlFCaUFITUFhUUIwQUdVQWN3QXVBRzRBWlFCMEFDOEFZZ0IxQUc0QVpBQnNBR1VBY3dBdkFITUFhUUIwQUdVQVB3QjJBRDBBTmdCYUFFSUFSZ0JIQUdFQU1BQndBRElBTUFCakFFVUFWZ0JwQURRQVRRQlRBRWNBZEFCakFGTUFUZ0JKQURZQWJBQkdBR2NBYUFBM0FFNEFVZ0JCQUdFQVF3QTVBR0lBVkFCMEFGTUFRZ0JSQUZVQVdRQXhBQ0lBTEFBaUFHd0FhUUJ1QUdVQUlnQTZBREVBZlFBc0FIc0FJZ0JzQUdVQWRnQmxBR3dBSWdBNkFERUFMQUFpQUcwQVpRQjBBR2dBYndCa0FDSUFPZ0FpQUdFQUlnQXNBQ0lBWVFCekFITUFaUUJ0QUdJQWJBQjVBQ0lBT2dBaUFHRUFkQUFnQUdFQUlBQW9BR2dBZEFCMEFIQUFPZ0F2QUM4QWNBQmhBSElBZEFCekFIVUFiZ0JzQUdrQWJRQnBBSFFBWlFCa0FHVUFNZ0JsQUdRQVpRQnRBRzhBTGdCaEFIb0FkUUJ5QUdVQWR3QmxBR0lBY3dCcEFIUUFaUUJ6QUM0QWJnQmxBSFFBTHdCaUFIVUFiZ0JrQUd3QVpRQnpBQzhBYWdCeEFIVUFaUUJ5QUhrQVB3QjJBRDBBWXdCeEFHMEFNd0J5QUVZQWVnQnlBRWdBWVFCdEFHY0FTQUI1QUdVQU9RQndBSGdBTmdCSEFEZ0FSd0JFQURnQVVBQmtBR01BVGdCMUFHOEFiQUJJQURnQWNRQjZBSEVBU3dCUEFHd0FUQUJZQUdvQVp3QXhBRG9BTVFBNkFERUFPQUF5QURVQU9RQXBBQ0lBTEFBaUFHWUFhUUJzQUdVQVRnQmhBRzBBWlFBaUFEb0FJZ0JvQUhRQWRBQndBRG9BTHdBdkFIQUFZUUJ5QUhRQWN3QjFBRzRBYkFCcEFHMEFhUUIwQUdVQVpBQmxBRElBWlFCa0FHVUFiUUJ2QUM0QVlRQjZBSFVBY2dCbEFIY0FaUUJpQUhNQWFRQjBBR1VBY3dBdUFHNEFaUUIwQUM4QVlnQjFBRzRBWkFCc0FHVUFjd0F2QUdvQWNRQjFBR1VBY2dCNUFEOEFkZ0E5QUdNQWNRQnRBRE1BY2dCR0FIb0FjZ0JJQUdFQWJRQm5BRWdBZVFCbEFEa0FjQUI0QURZQVJ3QTRBRWNBUkFBNEFGQUFaQUJqQUU0QWRRQnZBR3dBU0FBNEFIRUFlZ0J4QUVzQVR3QnNBRXdBV0FCcUFHY0FNUUFpQUN3QUlnQnNBR2tBYmdCbEFDSUFPZ0F4QUgwQUxBQjdBQ0lBYkFCbEFIWUFaUUJzQUNJQU9nQXlBQ3dBSWdCdEFHVUFkQUJvQUc4QVpBQWlBRG9BSWdCb0FDNEFaZ0JwQUhJQVpRQlhBR2tBZEFCb0FDSUFMQUFpQUdFQWN3QnpBR1VBYlFCaUFHd0FlUUFpQURvQUlnQmhBSFFBSUFCb0FDNEFaZ0JwQUhJQVpRQlhBR2tBZEFCb0FDQUFLQUJvQUhRQWRBQndBRG9BTHdBdkFIQUFZUUJ5QUhRQWN3QjFBRzRBYkFCcEFHMEFhUUIwQUdVQVpBQmxBRElBWlFCa0FHVUFiUUJ2QUM0QVlRQjZBSFVBY2dCbEFIY0FaUUJpQUhNQWFRQjBBR1VBY3dBdUFHNEFaUUIwQUM4QVlnQjFBRzRBWkFCc0FHVUFjd0F2QUdvQWNRQjFBR1VBY2dCNUFEOEFkZ0E5QUdNQWNRQnRBRE1BY2dCR0FIb0FjZ0JJQUdFQWJRQm5BRWdBZVFCbEFEa0FjQUI0QURZQVJ3QTRBRWNBUkFBNEFGQUFaQUJqQUU0QWRRQnZBR3dBU0FBNEFIRUFlZ0J4QUVzQVR3QnNBRXdBV0FCcUFHY0FNUUE2QURFQU9nQXhBRGtBTUFBd0FESUFLUUFpQUN3QUlnQm1BR2tBYkFCbEFFNEFZUUJ0QUdVQUlnQTZBQ0lBYUFCMEFIUUFjQUE2QUM4QUx3QndBR0VBY2dCMEFITUFkUUJ1QUd3QWFRQnRBR2tBZEFCbEFHUUFaUUF5QUdVQVpBQmxBRzBBYndBdUFHRUFlZ0IxQUhJQVpRQjNBR1VBWWdCekFHa0FkQUJsQUhNQUxnQnVBR1VBZEFBdkFHSUFkUUJ1QUdRQWJBQmxBSE1BTHdCcUFIRUFkUUJsQUhJQWVRQS9BSFlBUFFCakFIRUFiUUF6QUhJQVJnQjZBSElBU0FCaEFHMEFad0JJQUhrQVpRQTVBSEFBZUFBMkFFY0FPQUJIQUVRQU9BQlFBR1FBWXdCT0FIVUFid0JzQUVnQU9BQnhBSG9BY1FCTEFFOEFiQUJNQUZnQWFnQm5BREVBSWdBc0FDSUFiQUJwQUc0QVpRQWlBRG9BTVFCOUFDd0Fld0FpQUd3QVpRQjJBR1VBYkFBaUFEb0FNd0FzQUNJQWJRQmxBSFFBYUFCdkFHUUFJZ0E2QUNJQWNnQmxBR0VBWkFCNUFDSUFMQUFpQUdFQWN3QnpBR1VBYlFCaUFHd0FlUUFpQURvQUlnQmhBSFFBSUFCeUFHVUFZUUJrQUhrQUlBQW9BR2dBZEFCMEFIQUFPZ0F2QUM4QWNBQmhBSElBZEFCekFIVUFiZ0JzQUdrQWJRQnBBSFFBWlFCa0FHVUFNZ0JsQUdRQVpRQnRBRzhBTGdCaEFIb0FkUUJ5QUdVQWR3QmxBR0lBY3dCcEFIUUFaUUJ6QUM0QWJnQmxBSFFBTHdCaUFIVUFiZ0JrQUd3QVpRQnpBQzhBYWdCeEFIVUFaUUJ5QUhrQVB3QjJBRDBBWXdCeEFHMEFNd0J5QUVZQWVnQnlBRWdBWVFCdEFHY0FTQUI1QUdVQU9RQndBSGdBTmdCSEFEZ0FSd0JFQURnQVVBQmtBR01BVGdCMUFHOEFiQUJJQURnQWNRQjZBSEVBU3dCUEFHd0FUQUJZQUdvQVp3QXhBRG9BTVFBNkFERUFNd0E0QURrQU5BQXBBQ0lBTEFBaUFHWUFhUUJzQUdVQVRnQmhBRzBBWlFBaUFEb0FJZ0JvQUhRQWRBQndBRG9BTHdBdkFIQUFZUUJ5QUhRQWN3QjFBRzRBYkFCcEFHMEFhUUIwQUdVQVpBQmxBRElBWlFCa0FHVUFiUUJ2QUM0QVlRQjZBSFVBY2dCbEFIY0FaUUJpQUhNQWFRQjBBR1VBY3dBdUFHNEFaUUIwQUM4QVlnQjFBRzRBWkFCc0FHVUFjd0F2QUdvQWNRQjFBR1VBY2dCNUFEOEFkZ0E5QUdNQWNRQnRBRE1BY2dCR0FIb0FjZ0JJQUdFQWJRQm5BRWdBZVFCbEFEa0FjQUI0QURZQVJ3QTRBRWNBUkFBNEFGQUFaQUJqQUU0QWRRQnZBR3dBU0FBNEFIRUFlZ0J4QUVzQVR3QnNBRXdBV0FCcUFHY0FNUUFpQUN3QUlnQnNBR2tBYmdCbEFDSUFPZ0F4QUgwQUxBQjdBQ0lBYkFCbEFIWUFaUUJzQUNJQU9nQTBBQ3dBSWdCdEFHVUFkQUJvQUc4QVpBQWlBRG9BSWdCb0FDSUFMQUFpQUdFQWN3QnpBR1VBYlFCaUFHd0FlUUFpQURvQUlnQmhBSFFBSUFCb0FDQUFLQUJvQUhRQWRBQndBRG9BTHdBdkFIQUFZUUJ5QUhRQWN3QjFBRzRBYkFCcEFHMEFhUUIwQUdVQVpBQmxBRElBWlFCa0FHVUFiUUJ2QUM0QVlRQjZBSFVBY2dCbEFIY0FaUUJpQUhNQWFRQjBBR1VBY3dBdUFHNEFaUUIwQUM4QVlnQjFBRzRBWkFCc0FHVUFjd0F2QUdvQWNRQjFBR1VBY2dCNUFEOEFkZ0E5QUdNQWNRQnRBRE1BY2dCR0FIb0FjZ0JJQUdFQWJRQm5BRWdBZVFCbEFEa0FjQUI0QURZQVJ3QTRBRWNBUkFBNEFGQUFaQUJqQUU0QWRRQnZBR3dBU0FBNEFIRUFlZ0J4QUVzQVR3QnNBRXdBV0FCcUFHY0FNUUE2QURFQU9nQXhBREVBTWdBNUFEQUFLUUFpQUN3QUlnQm1BR2tBYkFCbEFFNEFZUUJ0QUdVQUlnQTZBQ0lBYUFCMEFIUUFjQUE2QUM4QUx3QndBR0VBY2dCMEFITUFkUUJ1QUd3QWFRQnRBR2tBZEFCbEFHUUFaUUF5QUdVQVpBQmxBRzBBYndBdUFHRUFlZ0IxQUhJQVpRQjNBR1VBWWdCekFHa0FkQUJsQUhNQUxnQnVBR1VBZEFBdkFHSUFkUUJ1QUdRQWJBQmxBSE1BTHdCcUFIRUFkUUJsQUhJQWVRQS9BSFlBUFFCakFIRUFiUUF6QUhJQVJnQjZBSElBU0FCaEFHMEFad0JJQUhrQVpRQTVBSEFBZUFBMkFFY0FPQUJIQUVRQU9BQlFBR1FBWXdCT0FIVUFid0JzQUVnQU9BQnhBSG9BY1FCTEFFOEFiQUJNQUZnQWFnQm5BREVBSWdBc0FDSUFiQUJwQUc0QVpRQWlBRG9BTVFCOUFGMEFmUUJkQUN3QUlnQndBSElBYndCd0FHVUFjZ0IwQUdrQVpRQnpBQ0lBT2dCN0FDSUFkUUJ5QUd3QUlnQTZBQ0lBYUFCMEFIUUFjQUE2QUM4QUx3QndBR0VBY2dCMEFITUFkUUJ1QUd3QWFRQnRBR2tBZEFCbEFHUUFaUUF5QUdVQVpBQmxBRzBBYndBdUFHRUFlZ0IxQUhJQVpRQjNBR1VBWWdCekFHa0FkQUJsQUhNQUxnQnVBR1VBZEFBdkFHSUFkUUJ1QUdRQWJBQmxBSE1BTHdCekFHa0FkQUJsQUQ4QWRnQTlBRFlBV2dCQ0FFWUFSd0JoQURBQWNBQXlBREFBWXdCRkFGWUFhUUEwQUUwQVV3QkhBSFFBWXdCVEFFNEFTUUEyQUd3QVJnQm5BR2dBTndCT0FGSUFRUUJoQUVNQU9RQmlBRlFBZEFCVEFFSUFVUUJWQUZrQU1RQWlBSDBBZlFCOUFIMEFMQUI3QUNJQWRBQnBBRzBBWlFBaUFEb0FJZ0F5QURBQU1RQTNBQzBBTUFBeEFDMEFNZ0ExQUZRQU1BQXpBRG9BTkFBM0FEb0FOQUEwQUM0QU5RQTNBRFFBV2dBaUFDd0FJZ0JwQUVzQVpRQjVBQ0lBT2dBaUFETUFOQUF6QUdFQU5BQXpBRFFBTVFBdEFHRUFNUUF5QURRQUxRQTBBRE1BTXdBM0FDMEFPQUF4QURNQU1nQXRBRE1BTUFBNUFHRUFZd0F3QURrQU53QXlBREFBTVFBMEFDSUFMQUFpQUc0QVlRQnRBR1VBSWdBNkFDSUFUUUJwQUdNQWNnQnZBSE1BYndCbUFIUUFMZ0JCQUhBQWNBQnNBR2tBWXdCaEFIUUFhUUJ2QUc0QVNRQnVBSE1BYVFCbkFHZ0FkQUJ6QUM0QU13QTBBRE1BWVFBMEFETUFOQUF4QUdFQU1RQXlBRFFBTkFBekFETUFOd0E0QURFQU13QXlBRE1BTUFBNUFHRUFZd0F3QURrQU53QXlBREFBTVFBMEFDNEFVQUJoQUdjQVpRQjJBR2tBWlFCM0FDSUFMQUFpQUhRQVlRQm5BSE1BSWdBNkFIc0FJZ0JoQUdrQUxnQnpBR1VBY3dCekFHa0Fid0J1QUM0QWFRQmtBQ0lBT2dBaUFGUUFlUUJoQUZjQVJRQWlBQ3dBSWdCaEFHa0FMZ0JrQUdVQWRnQnBBR01BWlFBdUFHa0FaQUFpQURvQUlnQmlBSElBYndCM0FITUFaUUJ5QUNJQUxBQWlBR0VBYVFBdUFHUUFaUUIyQUdrQVl3QmxBQzRBZEFCNUFIQUFaUUFpQURvQUlnQkNBSElBYndCM0FITUFaUUJ5QUNJQUxBQWlBR0VBYVFBdUFHa0FiZ0IwQUdVQWNnQnVBR0VBYkFBdUFHRUFad0JsQUc0QWRBQldBR1VBY2dCekFHa0Fid0J1QUNJQU9nQWlBSE1BYmdCcEFIQUFjQUJsQUhRQU9nQXhBQzRBTUFBaUFDd0FJZ0JoQUdrQUxnQnBBRzRBZEFCbEFISUFiZ0JoQUd3QUxnQnpBR1FBYXdCV0FHVUFjZ0J6QUdrQWJ3QnVBQ0lBT2dBaUFHb0FZUUIyQUdFQWN3QmpBSElBYVFCd0FIUUFPZ0F4QUM0QU1BQXVBRGNBSWdBc0FDSUFZUUJwQUM0QWRRQnpBR1VBY2dBdUFHa0FaQUFpQURvQUlnQkxBRGNBVkFBMEFFWUFJZ0FzQUNJQVlRQnBBQzRBYndCd0FHVUFjZ0JoQUhRQWFRQnZBRzRBTGdCcEFHUUFJZ0E2QUNJQVdnQjFBRXdBVkFCV0FDSUFMQUFpQUdFQWFRQXVBRzhBY0FCbEFISUFZUUIwQUdrQWJ3QnVBQzRBYmdCaEFHMEFaUUFpQURvQUlnQXZBQ0lBZlFBc0FDSUFaQUJoQUhRQVlRQWlBRG9BZXdBaUFHSUFZUUJ6QUdVQVZBQjVBSEFBWlFBaUFEb0FJZ0JRQUdFQVp3QmxBSFlBYVFCbEFIY0FSQUJoQUhRQVlRQWlBQ3dBSWdCaUFHRUFjd0JsQUVRQVlRQjBBR0VBSWdBNkFIc0FJZ0IyQUdVQWNnQWlBRG9BTWdBc0FDSUFiZ0JoQUcwQVpRQWlBRG9BSWdCSUFHOEFiUUJsQUNBQVVBQmhBR2NBWlFBZ0FCTWdJQUJRQUdFQWNnQjBBSE1BSUFCVkFHNEFiQUJwQUcwQWFRQjBBR1VBWkFBaUFDd0FJZ0IxQUhJQWJBQWlBRG9BSWdCb0FIUUFkQUJ3QURvQUx3QXZBSEFBWVFCeUFIUUFjd0IxQUc0QWJBQnBBRzBBYVFCMEFHVUFaQUJsQURJQVpRQmtBR1VBYlFCdkFDNEFZUUI2QUhVQWNnQmxBSGNBWlFCaUFITUFhUUIwQUdVQWN3QXVBRzRBWlFCMEFDOEFJZ0FzQUNJQVpBQjFBSElBWVFCMEFHa0Fid0J1QUNJQU9nQWlBREFBTUFBNkFEQUFNQUE2QURBQU1RQXVBRFFBT0FBMkFDSUFmUUI5QUgwQUxBQjdBQ0lBZEFCcEFHMEFaUUFpQURvQUlnQXlBREFBTVFBM0FDMEFNQUF4QUMwQU1nQTFBRlFBTUFBekFEb0FOQUEzQURvQU5BQTBBQzRBTlFBM0FEVUFXZ0FpQUN3QUlnQnBBRXNBWlFCNUFDSUFPZ0FpQURNQU5BQXpBR0VBTkFBekFEUUFNUUF0QUdFQU1RQXlBRFFBTFFBMEFETUFNd0EzQUMwQU9BQXhBRE1BTWdBdEFETUFNQUE1QUdFQVl3QXdBRGtBTndBeUFEQUFNUUEwQUNJQUxBQWlBRzRBWVFCdEFHVUFJZ0E2QUNJQVRRQnBBR01BY2dCdkFITUFid0JtQUhRQUxnQkJBSEFBY0FCc0FHa0FZd0JoQUhRQWFRQnZBRzRBU1FCdUFITUFhUUJuQUdnQWRBQnpBQzRBTXdBMEFETUFZUUEwQURNQU5BQXhBR0VBTVFBeUFEUUFOQUF6QURNQU53QTRBREVBTXdBeUFETUFNQUE1QUdFQVl3QXdBRGtBTndBeUFEQUFNUUEwQUM0QVVBQmhBR2NBWlFCMkFHa0FaUUIzQUZBQVpRQnlBR1lBYndCeUFHMEFZUUJ1QUdNQVpRQWlBQ3dBSWdCMEFHRUFad0J6QUNJQU9nQjdBQ0lBWVFCcEFDNEFjd0JsQUhNQWN3QnBBRzhBYmdBdUFHa0FaQUFpQURvQUlnQlVBSGtBWVFCWEFFVUFJZ0FzQUNJQVlRQnBBQzRBWkFCbEFIWUFhUUJqQUdVQUxnQnBBR1FBSWdBNkFDSUFZZ0J5QUc4QWR3QnpBR1VBY2dBaUFDd0FJZ0JoQUdrQUxnQmtBR1VBZGdCcEFHTUFaUUF1QUhRQWVRQndBR1VBSWdBNkFDSUFRZ0J5QUc4QWR3QnpBR1VBY2dBaUFDd0FJZ0JoQUdrQUxnQnBBRzRBZEFCbEFISUFiZ0JoQUd3QUxnQmhBR2NBWlFCdUFIUUFWZ0JsQUhJQWN3QnBBRzhBYmdBaUFEb0FJZ0J6QUc0QWFRQndBSEFBWlFCMEFEb0FNUUF1QURBQUlnQXNBQ0lBWVFCcEFDNEFhUUJ1QUhRQVpRQnlBRzRBWVFCc0FDNEFjd0JrQUdzQVZnQmxBSElBY3dCcEFHOEFiZ0FpQURvQUlnQnFBR0VBZGdCaEFITUFZd0J5QUdrQWNBQjBBRG9BTVFBdUFEQUFMZ0EzQUNJQUxBQWlBR0VBYVFBdUFIVUFjd0JsQUhJQUxnQnBBR1FBSWdBNkFDSUFTd0EzQUZRQU5BQkdBQ0lBTEFBaUFHRUFhUUF1QUc4QWNBQmxBSElBWVFCMEFHa0Fid0J1QUM0QWFRQmtBQ0lBT2dBaUFGb0FkUUJNQUZRQVZnQWlBQ3dBSWdCaEFHa0FMZ0J2QUhBQVpRQnlBR0VBZEFCcEFHOEFiZ0F1QUc0QVlRQnRBR1VBSWdBNkFDSUFMd0FpQUgwQUxBQWlBR1FBWVFCMEFHRUFJZ0E2QUhzQUlnQmlBR0VBY3dCbEFGUUFlUUJ3QUdVQUlnQTZBQ0lBVUFCaEFHY0FaUUIyQUdrQVpRQjNBRkFBWlFCeUFHWUFid0J5QUcwQVlRQnVBR01BWlFCRUFHRUFkQUJoQUNJQUxBQWlBR0lBWVFCekFHVUFSQUJoQUhRQVlRQWlBRG9BZXdBaUFIWUFaUUJ5QUNJQU9nQXlBQ3dBSWdCdUFHRUFiUUJsQUNJQU9nQWlBRWdBYndCdEFHVUFJQUJRQUdFQVp3QmxBQ0FBRXlBZ0FGQUFZUUJ5QUhRQWN3QWdBRlVBYmdCc0FHa0FiUUJwQUhRQVpRQmtBQ0lBTEFBaUFIVUFjZ0JzQUNJQU9nQWlBR2dBZEFCMEFIQUFPZ0F2QUM4QWNBQmhBSElBZEFCekFIVUFiZ0JzQUdrQWJRQnBBSFFBWlFCa0FHVUFNZ0JsQUdRQVpRQnRBRzhBTGdCaEFIb0FkUUJ5QUdVQWR3QmxBR0lBY3dCcEFIUUFaUUJ6QUM0QWJnQmxBSFFBTHdBaUFDd0FJZ0JrQUhVQWNnQmhBSFFBYVFCdkFHNEFJZ0E2QUNJQU1BQXdBRG9BTUFBd0FEb0FNQUF4QUM0QU5BQTRBRFlBSWdBc0FDSUFjQUJsQUhJQVpnQlVBRzhBZEFCaEFHd0FJZ0E2QUNJQU1BQXdBRG9BTUFBd0FEb0FNQUF4QUM0QU5BQTRBRFlBSWdBc0FDSUFiZ0JsQUhRQWR3QnZBSElBYXdCREFHOEFiZ0J1QUdVQVl3QjBBQ0lBT2dBaUFEQUFNQUE2QURBQU1BQTZBREFBTUFBdUFEQUFNQUF3QUNJQUxBQWlBSE1BWlFCdUFIUUFVZ0JsQUhFQWRRQmxBSE1BZEFBaUFEb0FJZ0F3QURBQU9nQXdBREFBT2dBd0FEQUFMZ0F3QURFQU1BQWlBQ3dBSWdCeUFHVUFZd0JsQUdrQWRnQmxBR1FBVWdCbEFITUFjQUJ2QUc0QWN3QmxBQ0lBT2dBaUFEQUFNQUE2QURBQU1BQTZBREFBTUFBdUFEUUFOUUF4QUNJQUxBQWlBR1FBYndCdEFGQUFjZ0J2QUdNQVpRQnpBSE1BYVFCdUFHY0FJZ0E2QUNJQU1BQXdBRG9BTUFBd0FEb0FNQUF3QUM0QU1RQXhBREFBSWdCOUFIMEFmUUJkQUE9PTwvU3RyaW5nSHR0cEJvZHk+DQogICAgPC9SZXF1ZXN0Pg0KICAgIDxSZXF1ZXN0IE1ldGhvZD0iR0VUIiBHdWlkPSJiMWQ0NGUxNC1jMjg0LTQxOTUtOGIyYS0zNDE1N2Q2NWY5MDAiIFZlcnNpb249IjEuMSIgVXJsPSJodHRwOi8vcGFydHN1bmxpbWl0ZWRlMmVkZW1vLmF6dXJld2Vic2l0ZXMubmV0L1N0b3JlL0Jyb3dzZSIgVGhpbmtUaW1lPSIwIiBUaW1lb3V0PSIzMDAiIFBhcnNlRGVwZW5kZW50UmVxdWVzdHM9IlRydWUiIEZvbGxvd1JlZGlyZWN0cz0iVHJ1ZSIgUmVjb3JkUmVzdWx0PSJUcnVlIiBDYWNoZT0iRmFsc2UiIFJlc3BvbnNlVGltZUdvYWw9IjAiIEVuY29kaW5nPSJ1dGYtOCIgRXhwZWN0ZWRIdHRwU3RhdHVzQ29kZT0iMCIgRXhwZWN0ZWRSZXNwb25zZVVybD0iIiBSZXBvcnRpbmdOYW1lPSIiIElnbm9yZUh0dHBTdGF0dXNDb2RlPSJGYWxzZSI+DQogICAgICA8RGVwZW5kZW50UmVxdWVzdHM+DQogICAgICAgIDxSZXF1ZXN0IE1ldGhvZD0iR0VUIiBHdWlkPSJkM2Q3OTMyMi1mNTdjLTQ1ZGUtODBjNi1kYzc3MzFhYWE2YzUiIFZlcnNpb249IjEuMSIgVXJsPSJodHRwOi8vcGFydHN1bmxpbWl0ZWRlMmVkZW1vLmF6dXJld2Vic2l0ZXMubmV0L2ZvbnRzL2dseXBoaWNvbnMtaGFsZmxpbmdzLXJlZ3VsYXIuZW90IiBUaGlua1RpbWU9IjMiIFRpbWVvdXQ9IjMwMCIgUGFyc2VEZXBlbmRlbnRSZXF1ZXN0cz0iVHJ1ZSIgRm9sbG93UmVkaXJlY3RzPSJUcnVlIiBSZWNvcmRSZXN1bHQ9IlRydWUiIENhY2hlPSJGYWxzZSIgUmVzcG9uc2VUaW1lR29hbD0iMCIgRW5jb2Rpbmc9InV0Zi04IiBFeHBlY3RlZEh0dHBTdGF0dXNDb2RlPSIwIiBFeHBlY3RlZFJlc3BvbnNlVXJsPSIiIFJlcG9ydGluZ05hbWU9IiIgSWdub3JlSHR0cFN0YXR1c0NvZGU9IkZhbHNlIj4NCiAgICAgICAgICA8SGVhZGVycz4NCiAgICAgICAgICAgIDxIZWFkZXIgTmFtZT0iUmVmZXJlciIgVmFsdWU9Imh0dHA6Ly9wYXJ0c3VubGltaXRlZGUyZWRlbW8uYXp1cmV3ZWJzaXRlcy5uZXQvU3RvcmUvQnJvd3NlP0NhdGVnb3J5SWQ9NCIgLz4NCiAgICAgICAgICA8L0hlYWRlcnM+DQogICAgICAgICAgPFF1ZXJ5U3RyaW5nUGFyYW1ldGVycz4NCiAgICAgICAgICAgIDxRdWVyeVN0cmluZ1BhcmFtZXRlciBOYW1lPSIiIFZhbHVlPSIiIFJlY29yZGVkVmFsdWU9IiIgQ29ycmVsYXRpb25CaW5kaW5nPSIiIFVybEVuY29kZT0iRmFsc2UiIFVzZVRvR3JvdXBSZXN1bHRzPSJGYWxzZSIgLz4NCiAgICAgICAgICA8L1F1ZXJ5U3RyaW5nUGFyYW1ldGVycz4NCiAgICAgICAgPC9SZXF1ZXN0Pg0KICAgICAgPC9EZXBlbmRlbnRSZXF1ZXN0cz4NCiAgICAgIDxIZWFkZXJzPg0KICAgICAgICA8SGVhZGVyIE5hbWU9IlJlZmVyZXIiIFZhbHVlPSJodHRwOi8vcGFydHN1bmxpbWl0ZWRlMmVkZW1vLmF6dXJld2Vic2l0ZXMubmV0LyIgLz4NCiAgICAgIDwvSGVhZGVycz4NCiAgICAgIDxRdWVyeVN0cmluZ1BhcmFtZXRlcnM+DQogICAgICAgIDxRdWVyeVN0cmluZ1BhcmFtZXRlciBOYW1lPSJDYXRlZ29yeUlkIiBWYWx1ZT0iNCIgUmVjb3JkZWRWYWx1ZT0iNCIgQ29ycmVsYXRpb25CaW5kaW5nPSJ7e1F1ZXJ5U3RyaW5nUGFyYW0xLkNhdGVnb3J5SWR9fSIgVXJsRW5jb2RlPSJGYWxzZSIgVXNlVG9Hcm91cFJlc3VsdHM9IkZhbHNlIiAvPg0KICAgICAgPC9RdWVyeVN0cmluZ1BhcmFtZXRlcnM+DQogICAgPC9SZXF1ZXN0Pg0KICAgIDxSZXF1ZXN0IE1ldGhvZD0iR0VUIiBHdWlkPSI5NDI2NzIwZi1hYTYwLTQyODEtOTZmOS03NzJjNGNlZDhiYWYiIFZlcnNpb249IjEuMSIgVXJsPSJodHRwOi8vcGFydHN1bmxpbWl0ZWRlMmVkZW1vLmF6dXJld2Vic2l0ZXMubmV0L1N0b3JlL0RldGFpbHMvMTQiIFRoaW5rVGltZT0iMCIgVGltZW91dD0iMzAwIiBQYXJzZURlcGVuZGVudFJlcXVlc3RzPSJUcnVlIiBGb2xsb3dSZWRpcmVjdHM9IlRydWUiIFJlY29yZFJlc3VsdD0iVHJ1ZSIgQ2FjaGU9IkZhbHNlIiBSZXNwb25zZVRpbWVHb2FsPSIwIiBFbmNvZGluZz0idXRmLTgiIEV4cGVjdGVkSHR0cFN0YXR1c0NvZGU9IjAiIEV4cGVjdGVkUmVzcG9uc2VVcmw9IiIgUmVwb3J0aW5nTmFtZT0iIiBJZ25vcmVIdHRwU3RhdHVzQ29kZT0iRmFsc2UiPg0KICAgICAgPERlcGVuZGVudFJlcXVlc3RzPg0KICAgICAgICA8UmVxdWVzdCBNZXRob2Q9IkdFVCIgR3VpZD0iMTgyMzc2YmEtYTA4ZS00NzY2LWJhMzAtMmVhZjY1MjU3ZDkzIiBWZXJzaW9uPSIxLjEiIFVybD0iaHR0cDovL3BhcnRzdW5saW1pdGVkZTJlZGVtby5henVyZXdlYnNpdGVzLm5ldC9mb250cy9nbHlwaGljb25zLWhhbGZsaW5ncy1yZWd1bGFyLmVvdCIgVGhpbmtUaW1lPSIyIiBUaW1lb3V0PSIzMDAiIFBhcnNlRGVwZW5kZW50UmVxdWVzdHM9IlRydWUiIEZvbGxvd1JlZGlyZWN0cz0iVHJ1ZSIgUmVjb3JkUmVzdWx0PSJUcnVlIiBDYWNoZT0iRmFsc2UiIFJlc3BvbnNlVGltZUdvYWw9IjAiIEVuY29kaW5nPSJ1dGYtOCIgRXhwZWN0ZWRIdHRwU3RhdHVzQ29kZT0iMCIgRXhwZWN0ZWRSZXNwb25zZVVybD0iIiBSZXBvcnRpbmdOYW1lPSIiIElnbm9yZUh0dHBTdGF0dXNDb2RlPSJGYWxzZSI+DQogICAgICAgICAgPEhlYWRlcnM+DQogICAgICAgICAgICA8SGVhZGVyIE5hbWU9IlJlZmVyZXIiIFZhbHVlPSJodHRwOi8vcGFydHN1bmxpbWl0ZWRlMmVkZW1vLmF6dXJld2Vic2l0ZXMubmV0L1N0b3JlL0RldGFpbHMvMTQiIC8+DQogICAgICAgICAgPC9IZWFkZXJzPg0KICAgICAgICAgIDxRdWVyeVN0cmluZ1BhcmFtZXRlcnM+DQogICAgICAgICAgICA8UXVlcnlTdHJpbmdQYXJhbWV0ZXIgTmFtZT0iIiBWYWx1ZT0iIiBSZWNvcmRlZFZhbHVlPSIiIENvcnJlbGF0aW9uQmluZGluZz0iIiBVcmxFbmNvZGU9IkZhbHNlIiBVc2VUb0dyb3VwUmVzdWx0cz0iRmFsc2UiIC8+DQogICAgICAgICAgPC9RdWVyeVN0cmluZ1BhcmFtZXRlcnM+DQogICAgICAgIDwvUmVxdWVzdD4NCiAgICAgIDwvRGVwZW5kZW50UmVxdWVzdHM+DQogICAgICA8SGVhZGVycz4NCiAgICAgICAgPEhlYWRlciBOYW1lPSJSZWZlcmVyIiBWYWx1ZT0iaHR0cDovL3BhcnRzdW5saW1pdGVkZTJlZGVtby5henVyZXdlYnNpdGVzLm5ldC9TdG9yZS9Ccm93c2U/Q2F0ZWdvcnlJZD00IiAvPg0KICAgICAgPC9IZWFkZXJzPg0KICAgIDwvUmVxdWVzdD4NCiAgICA8UmVxdWVzdCBNZXRob2Q9IkdFVCIgR3VpZD0iMzFmMzIxNWEtODk5NC00MzlhLWE5NGQtY2FjMDU1YjM3YzJkIiBWZXJzaW9uPSIxLjEiIFVybD0iaHR0cDovL3BhcnRzdW5saW1pdGVkZTJlZGVtby5henVyZXdlYnNpdGVzLm5ldC9TaG9wcGluZ0NhcnQvQWRkVG9DYXJ0LzE0IiBUaGlua1RpbWU9IjAiIFRpbWVvdXQ9IjMwMCIgUGFyc2VEZXBlbmRlbnRSZXF1ZXN0cz0iVHJ1ZSIgRm9sbG93UmVkaXJlY3RzPSJUcnVlIiBSZWNvcmRSZXN1bHQ9IlRydWUiIENhY2hlPSJGYWxzZSIgUmVzcG9uc2VUaW1lR29hbD0iMCIgRW5jb2Rpbmc9InV0Zi04IiBFeHBlY3RlZEh0dHBTdGF0dXNDb2RlPSIwIiBFeHBlY3RlZFJlc3BvbnNlVXJsPSJodHRwOi8vcGFydHN1bmxpbWl0ZWRlMmVkZW1vLmF6dXJld2Vic2l0ZXMubmV0L1Nob3BwaW5nQ2FydCIgUmVwb3J0aW5nTmFtZT0iIiBJZ25vcmVIdHRwU3RhdHVzQ29kZT0iRmFsc2UiPg0KICAgICAgPERlcGVuZGVudFJlcXVlc3RzPg0KICAgICAgICA8UmVxdWVzdCBNZXRob2Q9IkdFVCIgR3VpZD0iNzk5NjgwY2UtOGM3Zi00MmRjLTgzN2QtOWM0NDQ0NzFjNzdhIiBWZXJzaW9uPSIxLjEiIFVybD0iaHR0cDovL3BhcnRzdW5saW1pdGVkZTJlZGVtby5henVyZXdlYnNpdGVzLm5ldC9mb250cy9nbHlwaGljb25zLWhhbGZsaW5ncy1yZWd1bGFyLmVvdCIgVGhpbmtUaW1lPSIwIiBUaW1lb3V0PSIzMDAiIFBhcnNlRGVwZW5kZW50UmVxdWVzdHM9IlRydWUiIEZvbGxvd1JlZGlyZWN0cz0iVHJ1ZSIgUmVjb3JkUmVzdWx0PSJUcnVlIiBDYWNoZT0iRmFsc2UiIFJlc3BvbnNlVGltZUdvYWw9IjAiIEVuY29kaW5nPSJ1dGYtOCIgRXhwZWN0ZWRIdHRwU3RhdHVzQ29kZT0iMCIgRXhwZWN0ZWRSZXNwb25zZVVybD0iIiBSZXBvcnRpbmdOYW1lPSIiIElnbm9yZUh0dHBTdGF0dXNDb2RlPSJGYWxzZSI+DQogICAgICAgICAgPEhlYWRlcnM+DQogICAgICAgICAgICA8SGVhZGVyIE5hbWU9IlJlZmVyZXIiIFZhbHVlPSJodHRwOi8vcGFydHN1bmxpbWl0ZWRlMmVkZW1vLmF6dXJld2Vic2l0ZXMubmV0L1Nob3BwaW5nQ2FydCIgLz4NCiAgICAgICAgICA8L0hlYWRlcnM+DQogICAgICAgICAgPFF1ZXJ5U3RyaW5nUGFyYW1ldGVycz4NCiAgICAgICAgICAgIDxRdWVyeVN0cmluZ1BhcmFtZXRlciBOYW1lPSIiIFZhbHVlPSIiIFJlY29yZGVkVmFsdWU9IiIgQ29ycmVsYXRpb25CaW5kaW5nPSIiIFVybEVuY29kZT0iRmFsc2UiIFVzZVRvR3JvdXBSZXN1bHRzPSJGYWxzZSIgLz4NCiAgICAgICAgICA8L1F1ZXJ5U3RyaW5nUGFyYW1ldGVycz4NCiAgICAgICAgPC9SZXF1ZXN0Pg0KICAgICAgPC9EZXBlbmRlbnRSZXF1ZXN0cz4NCiAgICAgIDxIZWFkZXJzPg0KICAgICAgICA8SGVhZGVyIE5hbWU9IlJlZmVyZXIiIFZhbHVlPSJodHRwOi8vcGFydHN1bmxpbWl0ZWRlMmVkZW1vLmF6dXJld2Vic2l0ZXMubmV0L1N0b3JlL0RldGFpbHMvMTQiIC8+DQogICAgICA8L0hlYWRlcnM+DQogICAgPC9SZXF1ZXN0Pg0KICAgIDxSZXF1ZXN0IE1ldGhvZD0iUE9TVCIgR3VpZD0iYThlNzIwZTctMjkwYS00OGIwLWE5MmUtNWUyMjFlYTI5ZDIxIiBWZXJzaW9uPSIxLjEiIFVybD0iaHR0cHM6Ly9kYy5zZXJ2aWNlcy52aXN1YWxzdHVkaW8uY29tL3YyL3RyYWNrIiBUaGlua1RpbWU9IjEiIFRpbWVvdXQ9IjMwMCIgUGFyc2VEZXBlbmRlbnRSZXF1ZXN0cz0iVHJ1ZSIgRm9sbG93UmVkaXJlY3RzPSJUcnVlIiBSZWNvcmRSZXN1bHQ9IlRydWUiIENhY2hlPSJGYWxzZSIgUmVzcG9uc2VUaW1lR29hbD0iMCIgRW5jb2Rpbmc9InV0Zi04IiBFeHBlY3RlZEh0dHBTdGF0dXNDb2RlPSIwIiBFeHBlY3RlZFJlc3BvbnNlVXJsPSIiIFJlcG9ydGluZ05hbWU9IiIgSWdub3JlSHR0cFN0YXR1c0NvZGU9IkZhbHNlIj4NCiAgICAgIDxIZWFkZXJzPg0KICAgICAgICA8SGVhZGVyIE5hbWU9IlJlZmVyZXIiIFZhbHVlPSJodHRwOi8vcGFydHN1bmxpbWl0ZWRlMmVkZW1vLmF6dXJld2Vic2l0ZXMubmV0L1Nob3BwaW5nQ2FydCIgLz4NCiAgICAgIDwvSGVhZGVycz4NCiAgICAgIDxTdHJpbmdIdHRwQm9keSBDb250ZW50VHlwZT0iYXBwbGljYXRpb24vanNvbiIgSW5zZXJ0Qnl0ZU9yZGVyTWFyaz0iRmFsc2UiPld3QjdBQ0lBZEFCcEFHMEFaUUFpQURvQUlnQXlBREFBTVFBM0FDMEFNQUF4QUMwQU1nQTFBRlFBTUFBekFEb0FOQUE0QURvQU1BQXpBQzRBT1FBd0FEVUFXZ0FpQUN3QUlnQnBBRXNBWlFCNUFDSUFPZ0FpQURNQU5BQXpBR0VBTkFBekFEUUFNUUF0QUdFQU1RQXlBRFFBTFFBMEFETUFNd0EzQUMwQU9BQXhBRE1BTWdBdEFETUFNQUE1QUdFQVl3QXdBRGtBTndBeUFEQUFNUUEwQUNJQUxBQWlBRzRBWVFCdEFHVUFJZ0E2QUNJQVRRQnBBR01BY2dCdkFITUFid0JtQUhRQUxnQkJBSEFBY0FCc0FHa0FZd0JoQUhRQWFRQnZBRzRBU1FCdUFITUFhUUJuQUdnQWRBQnpBQzRBTXdBMEFETUFZUUEwQURNQU5BQXhBR0VBTVFBeUFEUUFOQUF6QURNQU53QTRBREVBTXdBeUFETUFNQUE1QUdFQVl3QXdBRGtBTndBeUFEQUFNUUEwQUM0QVJRQjRBR01BWlFCd0FIUUFhUUJ2QUc0QUlnQXNBQ0lBZEFCaEFHY0Fjd0FpQURvQWV3QWlBR0VBYVFBdUFITUFaUUJ6QUhNQWFRQnZBRzRBTGdCcEFHUUFJZ0E2QUNJQVZBQjVBR0VBVndCRkFDSUFMQUFpQUdFQWFRQXVBR1FBWlFCMkFHa0FZd0JsQUM0QWFRQmtBQ0lBT2dBaUFHSUFjZ0J2QUhjQWN3QmxBSElBSWdBc0FDSUFZUUJwQUM0QVpBQmxBSFlBYVFCakFHVUFMZ0IwQUhrQWNBQmxBQ0lBT2dBaUFFSUFjZ0J2QUhjQWN3QmxBSElBSWdBc0FDSUFZUUJwQUM0QWFRQnVBSFFBWlFCeUFHNEFZUUJzQUM0QVlRQm5BR1VBYmdCMEFGWUFaUUJ5QUhNQWFRQnZBRzRBSWdBNkFDSUFjd0J1QUdrQWNBQndBR1VBZEFBNkFERUFMZ0F3QUNJQUxBQWlBR0VBYVFBdUFHa0FiZ0IwQUdVQWNnQnVBR0VBYkFBdUFITUFaQUJyQUZZQVpRQnlBSE1BYVFCdkFHNEFJZ0E2QUNJQWFnQmhBSFlBWVFCekFHTUFjZ0JwQUhBQWRBQTZBREVBTGdBd0FDNEFOd0FpQUN3QUlnQmhBR2tBTGdCMUFITUFaUUJ5QUM0QWFRQmtBQ0lBT2dBaUFFc0FOd0JVQURRQVJnQWlBQ3dBSWdCaEFHa0FMZ0J2QUhBQVpRQnlBR0VBZEFCcEFHOEFiZ0F1QUdrQVpBQWlBRG9BSWdCTEFISUFVZ0JQQUdrQUlnQXNBQ0lBWVFCcEFDNEFid0J3QUdVQWNnQmhBSFFBYVFCdkFHNEFMZ0J1QUdFQWJRQmxBQ0lBT2dBaUFDOEFVd0JvQUc4QWNBQndBR2tBYmdCbkFFTUFZUUJ5QUhRQUlnQjlBQ3dBSWdCa0FHRUFkQUJoQUNJQU9nQjdBQ0lBWWdCaEFITUFaUUJVQUhrQWNBQmxBQ0lBT2dBaUFFVUFlQUJqQUdVQWNBQjBBR2tBYndCdUFFUUFZUUIwQUdFQUlnQXNBQ0lBWWdCaEFITUFaUUJFQUdFQWRBQmhBQ0lBT2dCN0FDSUFkZ0JsQUhJQUlnQTZBRElBTEFBaUFHZ0FZUUJ1QUdRQWJBQmxBR1FBUVFCMEFDSUFPZ0FpQUhVQWJnQm9BR0VBYmdCa0FHd0FaUUJrQUNJQUxBQWlBR1VBZUFCakFHVUFjQUIwQUdrQWJ3QnVBSE1BSWdBNkFGc0Fld0FpQUhRQWVRQndBR1VBVGdCaEFHMEFaUUFpQURvQUlnQlVBSGtBY0FCbEFFVUFjZ0J5QUc4QWNnQWlBQ3dBSWdCdEFHVUFjd0J6QUdFQVp3QmxBQ0lBT2dBaUFGVUFiZ0JoQUdJQWJBQmxBQ0FBZEFCdkFDQUFad0JsQUhRQUlBQndBSElBYndCd0FHVUFjZ0IwQUhrQUlBQW5BR01BYkFCcEFHVUFiZ0IwQUNjQUlBQnZBR1lBSUFCMUFHNEFaQUJsQUdZQWFRQnVBR1VBWkFBZ0FHOEFjZ0FnQUc0QWRRQnNBR3dBSUFCeUFHVUFaZ0JsQUhJQVpRQnVBR01BWlFBaUFDd0FJZ0JvQUdFQWN3QkdBSFVBYkFCc0FGTUFkQUJoQUdNQWF3QWlBRG9BZEFCeUFIVUFaUUFzQUNJQWN3QjBBR0VBWXdCckFDSUFPZ0FpQUZRQWVRQndBR1VBUlFCeUFISUFid0J5QURvQUlBQlZBRzRBWVFCaUFHd0FaUUFnQUhRQWJ3QWdBR2NBWlFCMEFDQUFjQUJ5QUc4QWNBQmxBSElBZEFCNUFDQUFKd0JqQUd3QWFRQmxBRzRBZEFBbkFDQUFid0JtQUNBQWRRQnVBR1FBWlFCbUFHa0FiZ0JsQUdRQUlBQnZBSElBSUFCdUFIVUFiQUJzQUNBQWNnQmxBR1lBWlFCeUFHVUFiZ0JqQUdVQVhBQnVBQ0FBSUFBZ0FHRUFkQUFnQUVFQWJnQnZBRzRBZVFCdEFHOEFkUUJ6QUNBQVpnQjFBRzRBWXdCMEFHa0Fid0J1QUNBQUtBQm9BSFFBZEFCd0FEb0FMd0F2QUhBQVlRQnlBSFFBY3dCMUFHNEFiQUJwQUcwQWFRQjBBR1VBWkFCbEFESUFaUUJrQUdVQWJRQnZBQzRBWVFCNkFIVUFjZ0JsQUhjQVpRQmlBSE1BYVFCMEFHVUFjd0F1QUc0QVpRQjBBQzhBWWdCMUFHNEFaQUJzQUdVQWN3QXZBSE1BYVFCMEFHVUFQd0IyQUQwQU5nQmFBRUlBUmdCSEFHRUFNQUJ3QURJQU1BQmpBRVVBVmdCcEFEUUFUUUJUQUVjQWRBQmpBRk1BVGdCSkFEWUFiQUJHQUdjQWFBQTNBRTRBVWdCQkFHRUFRd0E1QUdJQVZBQjBBRk1BUWdCUkFGVUFXUUF4QURvQU1RQTZBRE1BTUFBMEFDa0FYQUJ1QUNBQUlBQWdBR0VBZEFBZ0FHRUFJQUFvQUdnQWRBQjBBSEFBT2dBdkFDOEFjQUJoQUhJQWRBQnpBSFVBYmdCc0FHa0FiUUJwQUhRQVpRQmtBR1VBTWdCbEFHUUFaUUJ0QUc4QUxnQmhBSG9BZFFCeUFHVUFkd0JsQUdJQWN3QnBBSFFBWlFCekFDNEFiZ0JsQUhRQUx3QmlBSFVBYmdCa0FHd0FaUUJ6QUM4QWFnQnhBSFVBWlFCeUFIa0FQd0IyQUQwQVl3QnhBRzBBTXdCeUFFWUFlZ0J5QUVnQVlRQnRBR2NBU0FCNUFHVUFPUUJ3QUhnQU5nQkhBRGdBUndCRUFEZ0FVQUJrQUdNQVRnQjFBRzhBYkFCSUFEZ0FjUUI2QUhFQVN3QlBBR3dBVEFCWUFHb0Fad0F4QURvQU1RQTZBREVBT0FBeUFEVUFPUUFwQUZ3QWJnQWdBQ0FBSUFCaEFIUUFJQUJvQUM0QVpnQnBBSElBWlFCWEFHa0FkQUJvQUNBQUtBQm9BSFFBZEFCd0FEb0FMd0F2QUhBQVlRQnlBSFFBY3dCMUFHNEFiQUJwQUcwQWFRQjBBR1VBWkFCbEFESUFaUUJrQUdVQWJRQnZBQzRBWVFCNkFIVUFjZ0JsQUhjQVpRQmlBSE1BYVFCMEFHVUFjd0F1QUc0QVpRQjBBQzhBWWdCMUFHNEFaQUJzQUdVQWN3QXZBR29BY1FCMUFHVUFjZ0I1QUQ4QWRnQTlBR01BY1FCdEFETUFjZ0JHQUhvQWNnQklBR0VBYlFCbkFFZ0FlUUJsQURrQWNBQjRBRFlBUndBNEFFY0FSQUE0QUZBQVpBQmpBRTRBZFFCdkFHd0FTQUE0QUhFQWVnQnhBRXNBVHdCc0FFd0FXQUJxQUdjQU1RQTZBREVBT2dBeEFEa0FNQUF3QURJQUtRQmNBRzRBSUFBZ0FDQUFZUUIwQUNBQWNnQmxBR0VBWkFCNUFDQUFLQUJvQUhRQWRBQndBRG9BTHdBdkFIQUFZUUJ5QUhRQWN3QjFBRzRBYkFCcEFHMEFhUUIwQUdVQVpBQmxBRElBWlFCa0FHVUFiUUJ2QUM0QVlRQjZBSFVBY2dCbEFIY0FaUUJpQUhNQWFRQjBBR1VBY3dBdUFHNEFaUUIwQUM4QVlnQjFBRzRBWkFCc0FHVUFjd0F2QUdvQWNRQjFBR1VBY2dCNUFEOEFkZ0E5QUdNQWNRQnRBRE1BY2dCR0FIb0FjZ0JJQUdFQWJRQm5BRWdBZVFCbEFEa0FjQUI0QURZQVJ3QTRBRWNBUkFBNEFGQUFaQUJqQUU0QWRRQnZBR3dBU0FBNEFIRUFlZ0J4QUVzQVR3QnNBRXdBV0FCcUFHY0FNUUE2QURFQU9nQXhBRE1BT0FBNUFEUUFLUUJjQUc0QUlBQWdBQ0FBWVFCMEFDQUFhQUFnQUNnQWFBQjBBSFFBY0FBNkFDOEFMd0J3QUdFQWNnQjBBSE1BZFFCdUFHd0FhUUJ0QUdrQWRBQmxBR1FBWlFBeUFHVUFaQUJsQUcwQWJ3QXVBR0VBZWdCMUFISUFaUUIzQUdVQVlnQnpBR2tBZEFCbEFITUFMZ0J1QUdVQWRBQXZBR0lBZFFCdUFHUUFiQUJsQUhNQUx3QnFBSEVBZFFCbEFISUFlUUEvQUhZQVBRQmpBSEVBYlFBekFISUFSZ0I2QUhJQVNBQmhBRzBBWndCSUFIa0FaUUE1QUhBQWVBQTJBRWNBT0FCSEFFUUFPQUJRQUdRQVl3Qk9BSFVBYndCc0FFZ0FPQUJ4QUhvQWNRQkxBRThBYkFCTUFGZ0FhZ0JuQURFQU9nQXhBRG9BTVFBeEFESUFPUUF3QUNrQUlnQXNBQ0lBY0FCaEFISUFjd0JsQUdRQVV3QjBBR0VBWXdCckFDSUFPZ0JiQUhzQUlnQnNBR1VBZGdCbEFHd0FJZ0E2QURBQUxBQWlBRzBBWlFCMEFHZ0Fid0JrQUNJQU9nQWlBRUVBYmdCdkFHNEFlUUJ0QUc4QWRRQnpBQ0FBWmdCMUFHNEFZd0IwQUdrQWJ3QnVBQ0lBTEFBaUFHRUFjd0J6QUdVQWJRQmlBR3dBZVFBaUFEb0FJZ0JoQUhRQUlBQkJBRzRBYndCdUFIa0FiUUJ2QUhVQWN3QWdBR1lBZFFCdUFHTUFkQUJwQUc4QWJnQWdBQ2dBYUFCMEFIUUFjQUE2QUM4QUx3QndBR0VBY2dCMEFITUFkUUJ1QUd3QWFRQnRBR2tBZEFCbEFHUUFaUUF5QUdVQVpBQmxBRzBBYndBdUFHRUFlZ0IxQUhJQVpRQjNBR1VBWWdCekFHa0FkQUJsQUhNQUxnQnVBR1VBZEFBdkFHSUFkUUJ1QUdRQWJBQmxBSE1BTHdCekFHa0FkQUJsQUQ4QWRnQTlBRFlBV2dCQ0FFWUFSd0JoQURBQWNBQXlBREFBWXdCRkFGWUFhUUEwQUUwQVV3QkhBSFFBWXdCVEFFNEFTUUEyQUd3QVJnQm5BR2dBTndCT0FGSUFRUUJoQUVNQU9RQmlBRlFBZEFCVEFFSUFVUUJWQUZrQU1RQTZBREVBT2dBekFEQUFOQUFwQUNJQUxBQWlBR1lBYVFCc0FHVUFUZ0JoQUcwQVpRQWlBRG9BSWdCb0FIUUFkQUJ3QURvQUx3QXZBSEFBWVFCeUFIUUFjd0IxQUc0QWJBQnBBRzBBYVFCMEFHVUFaQUJsQURJQVpRQmtBR1VBYlFCdkFDNEFZUUI2QUhVQWNnQmxBSGNBWlFCaUFITUFhUUIwQUdVQWN3QXVBRzRBWlFCMEFDOEFZZ0IxQUc0QVpBQnNBR1VBY3dBdkFITUFhUUIwQUdVQVB3QjJBRDBBTmdCYUFFSUFSZ0JIQUdFQU1BQndBRElBTUFCakFFVUFWZ0JwQURRQVRRQlRBRWNBZEFCakFGTUFUZ0JKQURZQWJBQkdBR2NBYUFBM0FFNEFVZ0JCQUdFQVF3QTVBR0lBVkFCMEFGTUFRZ0JSQUZVQVdRQXhBQ0lBTEFBaUFHd0FhUUJ1QUdVQUlnQTZBREVBZlFBc0FIc0FJZ0JzQUdVQWRnQmxBR3dBSWdBNkFERUFMQUFpQUcwQVpRQjBBR2dBYndCa0FDSUFPZ0FpQUdFQUlnQXNBQ0lBWVFCekFITUFaUUJ0QUdJQWJBQjVBQ0lBT2dBaUFHRUFkQUFnQUdFQUlBQW9BR2dBZEFCMEFIQUFPZ0F2QUM4QWNBQmhBSElBZEFCekFIVUFiZ0JzQUdrQWJRQnBBSFFBWlFCa0FHVUFNZ0JsQUdRQVpRQnRBRzhBTGdCaEFIb0FkUUJ5QUdVQWR3QmxBR0lBY3dCcEFIUUFaUUJ6QUM0QWJnQmxBSFFBTHdCaUFIVUFiZ0JrQUd3QVpRQnpBQzhBYWdCeEFIVUFaUUJ5QUhrQVB3QjJBRDBBWXdCeEFHMEFNd0J5QUVZQWVnQnlBRWdBWVFCdEFHY0FTQUI1QUdVQU9RQndBSGdBTmdCSEFEZ0FSd0JFQURnQVVBQmtBR01BVGdCMUFHOEFiQUJJQURnQWNRQjZBSEVBU3dCUEFHd0FUQUJZQUdvQVp3QXhBRG9BTVFBNkFERUFPQUF5QURVQU9RQXBBQ0lBTEFBaUFHWUFhUUJzQUdVQVRnQmhBRzBBWlFBaUFEb0FJZ0JvQUhRQWRBQndBRG9BTHdBdkFIQUFZUUJ5QUhRQWN3QjFBRzRBYkFCcEFHMEFhUUIwQUdVQVpBQmxBRElBWlFCa0FHVUFiUUJ2QUM0QVlRQjZBSFVBY2dCbEFIY0FaUUJpQUhNQWFRQjBBR1VBY3dBdUFHNEFaUUIwQUM4QVlnQjFBRzRBWkFCc0FHVUFjd0F2QUdvQWNRQjFBR1VBY2dCNUFEOEFkZ0E5QUdNQWNRQnRBRE1BY2dCR0FIb0FjZ0JJQUdFQWJRQm5BRWdBZVFCbEFEa0FjQUI0QURZQVJ3QTRBRWNBUkFBNEFGQUFaQUJqQUU0QWRRQnZBR3dBU0FBNEFIRUFlZ0J4QUVzQVR3QnNBRXdBV0FCcUFHY0FNUUFpQUN3QUlnQnNBR2tBYmdCbEFDSUFPZ0F4QUgwQUxBQjdBQ0lBYkFCbEFIWUFaUUJzQUNJQU9nQXlBQ3dBSWdCdEFHVUFkQUJvQUc4QVpBQWlBRG9BSWdCb0FDNEFaZ0JwQUhJQVpRQlhBR2tBZEFCb0FDSUFMQUFpQUdFQWN3QnpBR1VBYlFCaUFHd0FlUUFpQURvQUlnQmhBSFFBSUFCb0FDNEFaZ0JwQUhJQVpRQlhBR2tBZEFCb0FDQUFLQUJvQUhRQWRBQndBRG9BTHdBdkFIQUFZUUJ5QUhRQWN3QjFBRzRBYkFCcEFHMEFhUUIwQUdVQVpBQmxBRElBWlFCa0FHVUFiUUJ2QUM0QVlRQjZBSFVBY2dCbEFIY0FaUUJpQUhNQWFRQjBBR1VBY3dBdUFHNEFaUUIwQUM4QVlnQjFBRzRBWkFCc0FHVUFjd0F2QUdvQWNRQjFBR1VBY2dCNUFEOEFkZ0E5QUdNQWNRQnRBRE1BY2dCR0FIb0FjZ0JJQUdFQWJRQm5BRWdBZVFCbEFEa0FjQUI0QURZQVJ3QTRBRWNBUkFBNEFGQUFaQUJqQUU0QWRRQnZBR3dBU0FBNEFIRUFlZ0J4QUVzQVR3QnNBRXdBV0FCcUFHY0FNUUE2QURFQU9nQXhBRGtBTUFBd0FESUFLUUFpQUN3QUlnQm1BR2tBYkFCbEFFNEFZUUJ0QUdVQUlnQTZBQ0lBYUFCMEFIUUFjQUE2QUM4QUx3QndBR0VBY2dCMEFITUFkUUJ1QUd3QWFRQnRBR2tBZEFCbEFHUUFaUUF5QUdVQVpBQmxBRzBBYndBdUFHRUFlZ0IxQUhJQVpRQjNBR1VBWWdCekFHa0FkQUJsQUhNQUxnQnVBR1VBZEFBdkFHSUFkUUJ1QUdRQWJBQmxBSE1BTHdCcUFIRUFkUUJsQUhJQWVRQS9BSFlBUFFCakFIRUFiUUF6QUhJQVJnQjZBSElBU0FCaEFHMEFad0JJQUhrQVpRQTVBSEFBZUFBMkFFY0FPQUJIQUVRQU9BQlFBR1FBWXdCT0FIVUFid0JzQUVnQU9BQnhBSG9BY1FCTEFFOEFiQUJNQUZnQWFnQm5BREVBSWdBc0FDSUFiQUJwQUc0QVpRQWlBRG9BTVFCOUFDd0Fld0FpQUd3QVpRQjJBR1VBYkFBaUFEb0FNd0FzQUNJQWJRQmxBSFFBYUFCdkFHUUFJZ0E2QUNJQWNnQmxBR0VBWkFCNUFDSUFMQUFpQUdFQWN3QnpBR1VBYlFCaUFHd0FlUUFpQURvQUlnQmhBSFFBSUFCeUFHVUFZUUJrQUhrQUlBQW9BR2dBZEFCMEFIQUFPZ0F2QUM4QWNBQmhBSElBZEFCekFIVUFiZ0JzQUdrQWJRQnBBSFFBWlFCa0FHVUFNZ0JsQUdRQVpRQnRBRzhBTGdCaEFIb0FkUUJ5QUdVQWR3QmxBR0lBY3dCcEFIUUFaUUJ6QUM0QWJnQmxBSFFBTHdCaUFIVUFiZ0JrQUd3QVpRQnpBQzhBYWdCeEFIVUFaUUJ5QUhrQVB3QjJBRDBBWXdCeEFHMEFNd0J5QUVZQWVnQnlBRWdBWVFCdEFHY0FTQUI1QUdVQU9RQndBSGdBTmdCSEFEZ0FSd0JFQURnQVVBQmtBR01BVGdCMUFHOEFiQUJJQURnQWNRQjZBSEVBU3dCUEFHd0FUQUJZQUdvQVp3QXhBRG9BTVFBNkFERUFNd0E0QURrQU5BQXBBQ0lBTEFBaUFHWUFhUUJzQUdVQVRnQmhBRzBBWlFBaUFEb0FJZ0JvQUhRQWRBQndBRG9BTHdBdkFIQUFZUUJ5QUhRQWN3QjFBRzRBYkFCcEFHMEFhUUIwQUdVQVpBQmxBRElBWlFCa0FHVUFiUUJ2QUM0QVlRQjZBSFVBY2dCbEFIY0FaUUJpQUhNQWFRQjBBR1VBY3dBdUFHNEFaUUIwQUM4QVlnQjFBRzRBWkFCc0FHVUFjd0F2QUdvQWNRQjFBR1VBY2dCNUFEOEFkZ0E5QUdNQWNRQnRBRE1BY2dCR0FIb0FjZ0JJQUdFQWJRQm5BRWdBZVFCbEFEa0FjQUI0QURZQVJ3QTRBRWNBUkFBNEFGQUFaQUJqQUU0QWRRQnZBR3dBU0FBNEFIRUFlZ0J4QUVzQVR3QnNBRXdBV0FCcUFHY0FNUUFpQUN3QUlnQnNBR2tBYmdCbEFDSUFPZ0F4QUgwQUxBQjdBQ0lBYkFCbEFIWUFaUUJzQUNJQU9nQTBBQ3dBSWdCdEFHVUFkQUJvQUc4QVpBQWlBRG9BSWdCb0FDSUFMQUFpQUdFQWN3QnpBR1VBYlFCaUFHd0FlUUFpQURvQUlnQmhBSFFBSUFCb0FDQUFLQUJvQUhRQWRBQndBRG9BTHdBdkFIQUFZUUJ5QUhRQWN3QjFBRzRBYkFCcEFHMEFhUUIwQUdVQVpBQmxBRElBWlFCa0FHVUFiUUJ2QUM0QVlRQjZBSFVBY2dCbEFIY0FaUUJpQUhNQWFRQjBBR1VBY3dBdUFHNEFaUUIwQUM4QVlnQjFBRzRBWkFCc0FHVUFjd0F2QUdvQWNRQjFBR1VBY2dCNUFEOEFkZ0E5QUdNQWNRQnRBRE1BY2dCR0FIb0FjZ0JJQUdFQWJRQm5BRWdBZVFCbEFEa0FjQUI0QURZQVJ3QTRBRWNBUkFBNEFGQUFaQUJqQUU0QWRRQnZBR3dBU0FBNEFIRUFlZ0J4QUVzQVR3QnNBRXdBV0FCcUFHY0FNUUE2QURFQU9nQXhBREVBTWdBNUFEQUFLUUFpQUN3QUlnQm1BR2tBYkFCbEFFNEFZUUJ0QUdVQUlnQTZBQ0lBYUFCMEFIUUFjQUE2QUM4QUx3QndBR0VBY2dCMEFITUFkUUJ1QUd3QWFRQnRBR2tBZEFCbEFHUUFaUUF5QUdVQVpBQmxBRzBBYndBdUFHRUFlZ0IxQUhJQVpRQjNBR1VBWWdCekFHa0FkQUJsQUhNQUxnQnVBR1VBZEFBdkFHSUFkUUJ1QUdRQWJBQmxBSE1BTHdCcUFIRUFkUUJsQUhJQWVRQS9BSFlBUFFCakFIRUFiUUF6QUhJQVJnQjZBSElBU0FCaEFHMEFad0JJQUhrQVpRQTVBSEFBZUFBMkFFY0FPQUJIQUVRQU9BQlFBR1FBWXdCT0FIVUFid0JzQUVnQU9BQnhBSG9BY1FCTEFFOEFiQUJNQUZnQWFnQm5BREVBSWdBc0FDSUFiQUJwQUc0QVpRQWlBRG9BTVFCOUFGMEFmUUJkQUN3QUlnQndBSElBYndCd0FHVUFjZ0IwQUdrQVpRQnpBQ0lBT2dCN0FDSUFkUUJ5QUd3QUlnQTZBQ0lBYUFCMEFIUUFjQUE2QUM4QUx3QndBR0VBY2dCMEFITUFkUUJ1QUd3QWFRQnRBR2tBZEFCbEFHUUFaUUF5QUdVQVpBQmxBRzBBYndBdUFHRUFlZ0IxQUhJQVpRQjNBR1VBWWdCekFHa0FkQUJsQUhNQUxnQnVBR1VBZEFBdkFHSUFkUUJ1QUdRQWJBQmxBSE1BTHdCekFHa0FkQUJsQUQ4QWRnQTlBRFlBV2dCQ0FFWUFSd0JoQURBQWNBQXlBREFBWXdCRkFGWUFhUUEwQUUwQVV3QkhBSFFBWXdCVEFFNEFTUUEyQUd3QVJnQm5BR2dBTndCT0FGSUFRUUJoQUVNQU9RQmlBRlFBZEFCVEFFSUFVUUJWQUZrQU1RQWlBSDBBZlFCOUFIMEFMQUI3QUNJQWRBQnBBRzBBWlFBaUFEb0FJZ0F5QURBQU1RQTNBQzBBTUFBeEFDMEFNZ0ExQUZRQU1BQXpBRG9BTkFBNEFEb0FNQUF6QUM0QU9RQTJBRGtBV2dBaUFDd0FJZ0JwQUVzQVpRQjVBQ0lBT2dBaUFETUFOQUF6QUdFQU5BQXpBRFFBTVFBdEFHRUFNUUF5QURRQUxRQTBBRE1BTXdBM0FDMEFPQUF4QURNQU1nQXRBRE1BTUFBNUFHRUFZd0F3QURrQU53QXlBREFBTVFBMEFDSUFMQUFpQUc0QVlRQnRBR1VBSWdBNkFDSUFUUUJwQUdNQWNnQnZBSE1BYndCbUFIUUFMZ0JCQUhBQWNBQnNBR2tBWXdCaEFIUUFhUUJ2QUc0QVNRQnVBSE1BYVFCbkFHZ0FkQUJ6QUM0QU13QTBBRE1BWVFBMEFETUFOQUF4QUdFQU1RQXlBRFFBTkFBekFETUFOd0E0QURFQU13QXlBRE1BTUFBNUFHRUFZd0F3QURrQU53QXlBREFBTVFBMEFDNEFVQUJoQUdjQVpRQjJBR2tBWlFCM0FDSUFMQUFpQUhRQVlRQm5BSE1BSWdBNkFIc0FJZ0JoQUdrQUxnQnpBR1VBY3dCekFHa0Fid0J1QUM0QWFRQmtBQ0lBT2dBaUFGUUFlUUJoQUZjQVJRQWlBQ3dBSWdCaEFHa0FMZ0JrQUdVQWRnQnBBR01BWlFBdUFHa0FaQUFpQURvQUlnQmlBSElBYndCM0FITUFaUUJ5QUNJQUxBQWlBR0VBYVFBdUFHUUFaUUIyQUdrQVl3QmxBQzRBZEFCNUFIQUFaUUFpQURvQUlnQkNBSElBYndCM0FITUFaUUJ5QUNJQUxBQWlBR0VBYVFBdUFHa0FiZ0IwQUdVQWNnQnVBR0VBYkFBdUFHRUFad0JsQUc0QWRBQldBR1VBY2dCekFHa0Fid0J1QUNJQU9nQWlBSE1BYmdCcEFIQUFjQUJsQUhRQU9nQXhBQzRBTUFBaUFDd0FJZ0JoQUdrQUxnQnBBRzRBZEFCbEFISUFiZ0JoQUd3QUxnQnpBR1FBYXdCV0FHVUFjZ0J6QUdrQWJ3QnVBQ0lBT2dBaUFHb0FZUUIyQUdFQWN3QmpBSElBYVFCd0FIUUFPZ0F4QUM0QU1BQXVBRGNBSWdBc0FDSUFZUUJwQUM0QWRRQnpBR1VBY2dBdUFHa0FaQUFpQURvQUlnQkxBRGNBVkFBMEFFWUFJZ0FzQUNJQVlRQnBBQzRBYndCd0FHVUFjZ0JoQUhRQWFRQnZBRzRBTGdCcEFHUUFJZ0E2QUNJQVN3QnlBRklBVHdCcEFDSUFMQUFpQUdFQWFRQXVBRzhBY0FCbEFISUFZUUIwQUdrQWJ3QnVBQzRBYmdCaEFHMEFaUUFpQURvQUlnQXZBRk1BYUFCdkFIQUFjQUJwQUc0QVp3QkRBR0VBY2dCMEFDSUFmUUFzQUNJQVpBQmhBSFFBWVFBaUFEb0Fld0FpQUdJQVlRQnpBR1VBVkFCNUFIQUFaUUFpQURvQUlnQlFBR0VBWndCbEFIWUFhUUJsQUhjQVJBQmhBSFFBWVFBaUFDd0FJZ0JpQUdFQWN3QmxBRVFBWVFCMEFHRUFJZ0E2QUhzQUlnQjJBR1VBY2dBaUFEb0FNZ0FzQUNJQWJnQmhBRzBBWlFBaUFEb0FJZ0JUQUdnQWJ3QndBSEFBYVFCdUFHY0FJQUJEQUdFQWNnQjBBQ0FBRXlBZ0FGQUFZUUJ5QUhRQWN3QWdBRlVBYmdCc0FHa0FiUUJwQUhRQVpRQmtBQ0lBTEFBaUFIVUFjZ0JzQUNJQU9nQWlBR2dBZEFCMEFIQUFPZ0F2QUM4QWNBQmhBSElBZEFCekFIVUFiZ0JzQUdrQWJRQnBBSFFBWlFCa0FHVUFNZ0JsQUdRQVpRQnRBRzhBTGdCaEFIb0FkUUJ5QUdVQWR3QmxBR0lBY3dCcEFIUUFaUUJ6QUM0QWJnQmxBSFFBTHdCVEFHZ0Fid0J3QUhBQWFRQnVBR2NBUXdCaEFISUFkQUFpQUN3QUlnQmtBSFVBY2dCaEFIUUFhUUJ2QUc0QUlnQTZBQ0lBTUFBd0FEb0FNQUF3QURvQU1BQTBBQzRBTUFBM0FEUUFJZ0I5QUgwQWZRQXNBSHNBSWdCMEFHa0FiUUJsQUNJQU9nQWlBRElBTUFBeEFEY0FMUUF3QURFQUxRQXlBRFVBVkFBd0FETUFPZ0EwQURnQU9nQXdBRE1BTGdBNUFEY0FNQUJhQUNJQUxBQWlBR2tBU3dCbEFIa0FJZ0E2QUNJQU13QTBBRE1BWVFBMEFETUFOQUF4QUMwQVlRQXhBRElBTkFBdEFEUUFNd0F6QURjQUxRQTRBREVBTXdBeUFDMEFNd0F3QURrQVlRQmpBREFBT1FBM0FESUFNQUF4QURRQUlnQXNBQ0lBYmdCaEFHMEFaUUFpQURvQUlnQk5BR2tBWXdCeUFHOEFjd0J2QUdZQWRBQXVBRUVBY0FCd0FHd0FhUUJqQUdFQWRBQnBBRzhBYmdCSkFHNEFjd0JwQUdjQWFBQjBBSE1BTGdBekFEUUFNd0JoQURRQU13QTBBREVBWVFBeEFESUFOQUEwQURNQU13QTNBRGdBTVFBekFESUFNd0F3QURrQVlRQmpBREFBT1FBM0FESUFNQUF4QURRQUxnQlFBR0VBWndCbEFIWUFhUUJsQUhjQVVBQmxBSElBWmdCdkFISUFiUUJoQUc0QVl3QmxBQ0lBTEFBaUFIUUFZUUJuQUhNQUlnQTZBSHNBSWdCaEFHa0FMZ0J6QUdVQWN3QnpBR2tBYndCdUFDNEFhUUJrQUNJQU9nQWlBRlFBZVFCaEFGY0FSUUFpQUN3QUlnQmhBR2tBTGdCa0FHVUFkZ0JwQUdNQVpRQXVBR2tBWkFBaUFEb0FJZ0JpQUhJQWJ3QjNBSE1BWlFCeUFDSUFMQUFpQUdFQWFRQXVBR1FBWlFCMkFHa0FZd0JsQUM0QWRBQjVBSEFBWlFBaUFEb0FJZ0JDQUhJQWJ3QjNBSE1BWlFCeUFDSUFMQUFpQUdFQWFRQXVBR2tBYmdCMEFHVUFjZ0J1QUdFQWJBQXVBR0VBWndCbEFHNEFkQUJXQUdVQWNnQnpBR2tBYndCdUFDSUFPZ0FpQUhNQWJnQnBBSEFBY0FCbEFIUUFPZ0F4QUM0QU1BQWlBQ3dBSWdCaEFHa0FMZ0JwQUc0QWRBQmxBSElBYmdCaEFHd0FMZ0J6QUdRQWF3QldBR1VBY2dCekFHa0Fid0J1QUNJQU9nQWlBR29BWVFCMkFHRUFjd0JqQUhJQWFRQndBSFFBT2dBeEFDNEFNQUF1QURjQUlnQXNBQ0lBWVFCcEFDNEFkUUJ6QUdVQWNnQXVBR2tBWkFBaUFEb0FJZ0JMQURjQVZBQTBBRVlBSWdBc0FDSUFZUUJwQUM0QWJ3QndBR1VBY2dCaEFIUUFhUUJ2QUc0QUxnQnBBR1FBSWdBNkFDSUFTd0J5QUZJQVR3QnBBQ0lBTEFBaUFHRUFhUUF1QUc4QWNBQmxBSElBWVFCMEFHa0Fid0J1QUM0QWJnQmhBRzBBWlFBaUFEb0FJZ0F2QUZNQWFBQnZBSEFBY0FCcEFHNEFad0JEQUdFQWNnQjBBQ0lBZlFBc0FDSUFaQUJoQUhRQVlRQWlBRG9BZXdBaUFHSUFZUUJ6QUdVQVZBQjVBSEFBWlFBaUFEb0FJZ0JRQUdFQVp3QmxBSFlBYVFCbEFIY0FVQUJsQUhJQVpnQnZBSElBYlFCaEFHNEFZd0JsQUVRQVlRQjBBR0VBSWdBc0FDSUFZZ0JoQUhNQVpRQkVBR0VBZEFCaEFDSUFPZ0I3QUNJQWRnQmxBSElBSWdBNkFESUFMQUFpQUc0QVlRQnRBR1VBSWdBNkFDSUFVd0JvQUc4QWNBQndBR2tBYmdCbkFDQUFRd0JoQUhJQWRBQWdBQk1nSUFCUUFHRUFjZ0IwQUhNQUlBQlZBRzRBYkFCcEFHMEFhUUIwQUdVQVpBQWlBQ3dBSWdCMUFISUFiQUFpQURvQUlnQm9BSFFBZEFCd0FEb0FMd0F2QUhBQVlRQnlBSFFBY3dCMUFHNEFiQUJwQUcwQWFRQjBBR1VBWkFCbEFESUFaUUJrQUdVQWJRQnZBQzRBWVFCNkFIVUFjZ0JsQUhjQVpRQmlBSE1BYVFCMEFHVUFjd0F1QUc0QVpRQjBBQzhBVXdCb0FHOEFjQUJ3QUdrQWJnQm5BRU1BWVFCeUFIUUFJZ0FzQUNJQVpBQjFBSElBWVFCMEFHa0Fid0J1QUNJQU9nQWlBREFBTUFBNkFEQUFNQUE2QURBQU5BQXVBREFBTndBMEFDSUFMQUFpQUhBQVpRQnlBR1lBVkFCdkFIUUFZUUJzQUNJQU9nQWlBREFBTUFBNkFEQUFNQUE2QURBQU5BQXVBREFBTndBMEFDSUFMQUFpQUc0QVpRQjBBSGNBYndCeUFHc0FRd0J2QUc0QWJnQmxBR01BZEFBaUFEb0FJZ0F3QURBQU9nQXdBREFBT2dBd0FETUFMZ0ExQURJQU5BQWlBQ3dBSWdCekFHVUFiZ0IwQUZJQVpRQnhBSFVBWlFCekFIUUFJZ0E2QUNJQU1BQXdBRG9BTUFBd0FEb0FNQUF3QUM0QU1BQXdBRFVBSWdBc0FDSUFjZ0JsQUdNQVpRQnBBSFlBWlFCa0FGSUFaUUJ6QUhBQWJ3QnVBSE1BWlFBaUFEb0FJZ0F3QURBQU9nQXdBREFBT2dBd0FEQUFMZ0F3QURBQU5RQWlBQ3dBSWdCa0FHOEFiUUJRQUhJQWJ3QmpBR1VBY3dCekFHa0FiZ0JuQUNJQU9nQWlBREFBTUFBNkFEQUFNQUE2QURBQU1BQXVBRFVBTXdBNUFDSUFmUUI5QUgwQVhRQT08L1N0cmluZ0h0dHBCb2R5Pg0KICAgIDwvUmVxdWVzdD4NCiAgICA8UmVxdWVzdCBNZXRob2Q9IkdFVCIgR3VpZD0iN2I3MWYyYTctNGNkMS00NzIxLWFhNTEtYmU2ZTdiMjg3N2MyIiBWZXJzaW9uPSIxLjEiIFVybD0iaHR0cDovL3BhcnRzdW5saW1pdGVkZTJlZGVtby5henVyZXdlYnNpdGVzLm5ldC9DaGVja291dC9BZGRyZXNzQW5kUGF5bWVudCIgVGhpbmtUaW1lPSIwIiBUaW1lb3V0PSIzMDAiIFBhcnNlRGVwZW5kZW50UmVxdWVzdHM9IlRydWUiIEZvbGxvd1JlZGlyZWN0cz0iVHJ1ZSIgUmVjb3JkUmVzdWx0PSJUcnVlIiBDYWNoZT0iRmFsc2UiIFJlc3BvbnNlVGltZUdvYWw9IjAiIEVuY29kaW5nPSJ1dGYtOCIgRXhwZWN0ZWRIdHRwU3RhdHVzQ29kZT0iMCIgRXhwZWN0ZWRSZXNwb25zZVVybD0iaHR0cDovL3BhcnRzdW5saW1pdGVkZTJlZGVtby5henVyZXdlYnNpdGVzLm5ldC9BY2NvdW50L0xvZ2luP1JldHVyblVybD0lMkZDaGVja291dCUyRkFkZHJlc3NBbmRQYXltZW50IiBSZXBvcnRpbmdOYW1lPSIiIElnbm9yZUh0dHBTdGF0dXNDb2RlPSJGYWxzZSI+DQogICAgICA8RGVwZW5kZW50UmVxdWVzdHM+DQogICAgICAgIDxSZXF1ZXN0IE1ldGhvZD0iR0VUIiBHdWlkPSI2OTQ3MWNlZi00OWFjLTQ0YmUtYWY2OS0zZDVhYzVkYzk0YjciIFZlcnNpb249IjEuMSIgVXJsPSJodHRwOi8vcGFydHN1bmxpbWl0ZWRlMmVkZW1vLmF6dXJld2Vic2l0ZXMubmV0L2ZvbnRzL2dseXBoaWNvbnMtaGFsZmxpbmdzLXJlZ3VsYXIuZW90IiBUaGlua1RpbWU9IjAiIFRpbWVvdXQ9IjMwMCIgUGFyc2VEZXBlbmRlbnRSZXF1ZXN0cz0iVHJ1ZSIgRm9sbG93UmVkaXJlY3RzPSJUcnVlIiBSZWNvcmRSZXN1bHQ9IlRydWUiIENhY2hlPSJGYWxzZSIgUmVzcG9uc2VUaW1lR29hbD0iMCIgRW5jb2Rpbmc9InV0Zi04IiBFeHBlY3RlZEh0dHBTdGF0dXNDb2RlPSIwIiBFeHBlY3RlZFJlc3BvbnNlVXJsPSIiIFJlcG9ydGluZ05hbWU9IiIgSWdub3JlSHR0cFN0YXR1c0NvZGU9IkZhbHNlIj4NCiAgICAgICAgICA8SGVhZGVycz4NCiAgICAgICAgICAgIDxIZWFkZXIgTmFtZT0iUmVmZXJlciIgVmFsdWU9Imh0dHA6Ly9wYXJ0c3VubGltaXRlZGUyZWRlbW8uYXp1cmV3ZWJzaXRlcy5uZXQvQWNjb3VudC9Mb2dpbj9SZXR1cm5Vcmw9JTJGQ2hlY2tvdXQlMkZBZGRyZXNzQW5kUGF5bWVudCIgLz4NCiAgICAgICAgICA8L0hlYWRlcnM+DQogICAgICAgICAgPFF1ZXJ5U3RyaW5nUGFyYW1ldGVycz4NCiAgICAgICAgICAgIDxRdWVyeVN0cmluZ1BhcmFtZXRlciBOYW1lPSIiIFZhbHVlPSIiIFJlY29yZGVkVmFsdWU9IiIgQ29ycmVsYXRpb25CaW5kaW5nPSIiIFVybEVuY29kZT0iRmFsc2UiIFVzZVRvR3JvdXBSZXN1bHRzPSJGYWxzZSIgLz4NCiAgICAgICAgICA8L1F1ZXJ5U3RyaW5nUGFyYW1ldGVycz4NCiAgICAgICAgPC9SZXF1ZXN0Pg0KICAgICAgPC9EZXBlbmRlbnRSZXF1ZXN0cz4NCiAgICAgIDxIZWFkZXJzPg0KICAgICAgICA8SGVhZGVyIE5hbWU9IlJlZmVyZXIiIFZhbHVlPSJodHRwOi8vcGFydHN1bmxpbWl0ZWRlMmVkZW1vLmF6dXJld2Vic2l0ZXMubmV0L1Nob3BwaW5nQ2FydCIgLz4NCiAgICAgIDwvSGVhZGVycz4NCiAgICA8L1JlcXVlc3Q+DQogIDwvSXRlbXM+DQogIDxWYWxpZGF0aW9uUnVsZXM+DQogICAgPFZhbGlkYXRpb25SdWxlIENsYXNzbmFtZT0iTWljcm9zb2Z0LlZpc3VhbFN0dWRpby5UZXN0VG9vbHMuV2ViVGVzdGluZy5SdWxlcy5WYWxpZGF0ZVJlc3BvbnNlVXJsLCBNaWNyb3NvZnQuVmlzdWFsU3R1ZGlvLlF1YWxpdHlUb29scy5XZWJUZXN0RnJhbWV3b3JrLCBWZXJzaW9uPTEwLjAuMC4wLCBDdWx0dXJlPW5ldXRyYWwsIFB1YmxpY0tleVRva2VuPWIwM2Y1ZjdmMTFkNTBhM2EiIERpc3BsYXlOYW1lPSJSZXNwb25zZSBVUkwiIERlc2NyaXB0aW9uPSJWYWxpZGF0ZXMgdGhhdCB0aGUgcmVzcG9uc2UgVVJMIGFmdGVyIHJlZGlyZWN0cyBhcmUgZm9sbG93ZWQgaXMgdGhlIHNhbWUgYXMgdGhlIHJlY29yZGVkIHJlc3BvbnNlIFVSTC4gIFF1ZXJ5U3RyaW5nIHBhcmFtZXRlcnMgYXJlIGlnbm9yZWQuIiBMZXZlbD0iTG93IiBFeGVjdHVpb25PcmRlcj0iQmVmb3JlRGVwZW5kZW50cyIgLz4NCiAgICA8VmFsaWRhdGlvblJ1bGUgQ2xhc3NuYW1lPSJNaWNyb3NvZnQuVmlzdWFsU3R1ZGlvLlRlc3RUb29scy5XZWJUZXN0aW5nLlJ1bGVzLlZhbGlkYXRpb25SdWxlUmVzcG9uc2VUaW1lR29hbCwgTWljcm9zb2Z0LlZpc3VhbFN0dWRpby5RdWFsaXR5VG9vbHMuV2ViVGVzdEZyYW1ld29yaywgVmVyc2lvbj0xMC4wLjAuMCwgQ3VsdHVyZT1uZXV0cmFsLCBQdWJsaWNLZXlUb2tlbj1iMDNmNWY3ZjExZDUwYTNhIiBEaXNwbGF5TmFtZT0iUmVzcG9uc2UgVGltZSBHb2FsIiBEZXNjcmlwdGlvbj0iVmFsaWRhdGVzIHRoYXQgdGhlIHJlc3BvbnNlIHRpbWUgZm9yIHRoZSByZXF1ZXN0IGlzIGxlc3MgdGhhbiBvciBlcXVhbCB0byB0aGUgcmVzcG9uc2UgdGltZSBnb2FsIGFzIHNwZWNpZmllZCBvbiB0aGUgcmVxdWVzdC4gIFJlc3BvbnNlIHRpbWUgZ29hbHMgb2YgemVybyB3aWxsIGJlIGlnbm9yZWQuIiBMZXZlbD0iTG93IiBFeGVjdHVpb25PcmRlcj0iQWZ0ZXJEZXBlbmRlbnRzIj4NCiAgICAgIDxSdWxlUGFyYW1ldGVycz4NCiAgICAgICAgPFJ1bGVQYXJhbWV0ZXIgTmFtZT0iVG9sZXJhbmNlIiBWYWx1ZT0iMCIgLz4NCiAgICAgIDwvUnVsZVBhcmFtZXRlcnM+DQogICAgPC9WYWxpZGF0aW9uUnVsZT4NCiAgPC9WYWxpZGF0aW9uUnVsZXM+DQo8L1dlYlRlc3Q+">
      <Execution id="111aeb6f-87d6-44bd-8536-4991f8acd1b9" />
    </WebTest>
  </TestDefinitions>
  <TestLists>
    <TestList name="Results Not in a List" id="8c84fa94-04c1-424b-9868-57a2d4851a1d" />
    <TestList name="All Loaded Results" id="19431567-8539-422a-85d7-44ee4e166bda" />
  </TestLists>
  <TestEntries>
    <TestEntry isTransparent="false" testId="452be674-4753-4493-a05d-2836c3126f7d" executionId="111aeb6f-87d6-44bd-8536-4991f8acd1b9" testListId="8c84fa94-04c1-424b-9868-57a2d4851a1d" />
  </TestEntries>
  <Results>
    <WebTestResult executionId="111aeb6f-87d6-44bd-8536-4991f8acd1b9" testId="452be674-4753-4493-a05d-2836c3126f7d" testName="WebTest1" computerName="SWATHI" duration="00:00:10.4189337" startTime="2017-01-25T09:18:27.9202220+05:30" endTime="2017-01-25T09:18:49.0428882+05:30" testType="4e7599fa-5ecb-43e9-a887-cd63cf72d207" outcome="Passed" testListId="8c84fa94-04c1-424b-9868-57a2d4851a1d" relativeResultsDirectory="111aeb6f-87d6-44bd-8536-4991f8acd1b9">
      <ResultFiles>
        <ResultFile path="WebTest1.webtestResult" />
      </ResultFiles>
      <TestSettings name="Local" id="8b69c781-d4d4-4580-a862-165b7125fe4c">
        <Description>These are default test settings for a local test run.</Description>
        <Execution>
          <TestTypeSpecific>
            <WebTestRunConfiguration testTypeId="4e7599fa-5ecb-43e9-a887-cd63cf72d207">
              <Browser name="Internet Explorer 9.0" MaxConnections="6">
                <Headers>
                  <Header name="User-Agent" value="Mozilla/5.0 (compatible; MSIE 9.0; Windows NT 6.1; Trident/5.0)" />
                  <Header name="Accept" value="*/*" />
                  <Header name="Accept-Language" value="{{$IEAcceptLanguage}}" />
                  <Header name="Accept-Encoding" value="GZIP" />
                </Headers>
              </Browser>
            </WebTestRunConfiguration>
          </TestTypeSpecific>
          <AgentRule name="Execution Agents">
          </AgentRule>
        </Execution>
        <Deployment runDeploymentRoot="srivatsam_SWATHI 2017-01-25 09_18_24" />
        <Properties>
          <Property name="TestSettingsUIType" value="LoadTest" />
        </Properties>
      </TestSettings>
      <WebTestResultFilePath>srivatsam_SWATHI 2017-01-25 09_18_24\In\111aeb6f-87d6-44bd-8536-4991f8acd1b9\WebTest1.webtestResult</WebTestResultFilePath>
    </WebTestResult>
  </Results>
</TestRun>