<?xml version="1.0" encoding="UTF-8"?>
<TestRun id="6418c897-8735-4b4f-97f8-2d52194ec36b" name="srivatsam@SWATHI 2017-01-25 12:09:25" runUser="CANARYS\srivatsam" xmlns="http://microsoft.com/schemas/VisualStudio/TeamTest/2010">
  <TestSettings name="Local" id="8b69c781-d4d4-4580-a862-165b7125fe4c">
    <Description>These are default test settings for a local test run.</Description>
    <Execution>
      <TestTypeSpecific />
      <AgentRule name="Execution Agents">
      </AgentRule>
    </Execution>
    <Deployment runDeploymentRoot="srivatsam_SWATHI 2017-01-25 12_09_25" />
    <Properties>
      <Property name="TestSettingsUIType" value="LoadTest" />
    </Properties>
  </TestSettings>
  <Times creation="2017-01-25T12:09:25.6872777+05:30" queuing="2017-01-25T12:09:26.1672798+05:30" start="2017-01-25T12:09:26.2772795+05:30" finish="2017-01-25T12:09:46.3623560+05:30" />
  <ResultSummary outcome="Completed">
    <Counters total="1" executed="1" passed="1" error="0" failed="0" timeout="0" aborted="0" inconclusive="0" passedButRunAborted="0" notRunnable="0" notExecuted="0" disconnected="0" warning="0" completed="0" inProgress="0" pending="0" />
  </ResultSummary>
  <TestDefinitions>
    <WebTest name="WebTest3" storage="c:\users\srivatsam\documents\visual studio 2017\projects\pul\pul\webtest3.webtest" id="496c3879-affb-4ed3-9fbd-87389667b71d" persistedWebTest="77u/PD94bWwgdmVyc2lvbj0iMS4wIiBlbmNvZGluZz0iVVRGLTgiIHN0YW5kYWxvbmU9InllcyI/Pg0KPFdlYlRlc3QgTmFtZT0iV2ViVGVzdDMiIElkPSI0OTZjMzg3OS1hZmZiLTRlZDMtOWZiZC04NzM4OTY2N2I3MWQiIE93bmVyPSIiIFByaW9yaXR5PSIyMTQ3NDgzNjQ3IiBFbmFibGVkPSJUcnVlIiBDc3NQcm9qZWN0U3RydWN0dXJlPSIiIENzc0l0ZXJhdGlvbj0iIiBUaW1lb3V0PSIwIiBXb3JrSXRlbUlkcz0iIiB4bWxucz0iaHR0cDovL21pY3Jvc29mdC5jb20vc2NoZW1hcy9WaXN1YWxTdHVkaW8vVGVhbVRlc3QvMjAxMCIgRGVzY3JpcHRpb249IiIgQ3JlZGVudGlhbFVzZXJOYW1lPSIiIENyZWRlbnRpYWxQYXNzd29yZD0iIiBQcmVBdXRoZW50aWNhdGU9IlRydWUiIFByb3h5PSJkZWZhdWx0IiBTdG9wT25FcnJvcj0iRmFsc2UiIFJlY29yZGVkUmVzdWx0RmlsZT0iV2ViVGVzdDMuN2YzOTUxY2UtODZkYS00YmNjLWIwZWYtYzYzZjdhYjQwMjAxLnJlYy53ZWJ0ZXN0cmVzdWx0IiBSZXN1bHRzTG9jYWxlPSIiPg0KICA8SXRlbXM+DQogICAgPFJlcXVlc3QgTWV0aG9kPSJHRVQiIEd1aWQ9ImUwYWJlMTI0LWQ3MTgtNDUxYi04ZTk2LTZiNDMwZmVhMGJlZSIgVmVyc2lvbj0iMS4xIiBVcmw9Imh0dHA6Ly9hcGkuYmluZy5jb20vcXNtbC5hc3B4IiBUaGlua1RpbWU9IjAiIFRpbWVvdXQ9IjMwMCIgUGFyc2VEZXBlbmRlbnRSZXF1ZXN0cz0iVHJ1ZSIgRm9sbG93UmVkaXJlY3RzPSJUcnVlIiBSZWNvcmRSZXN1bHQ9IlRydWUiIENhY2hlPSJGYWxzZSIgUmVzcG9uc2VUaW1lR29hbD0iMCIgRW5jb2Rpbmc9InV0Zi04IiBFeHBlY3RlZEh0dHBTdGF0dXNDb2RlPSIwIiBFeHBlY3RlZFJlc3BvbnNlVXJsPSIiIFJlcG9ydGluZ05hbWU9IiIgSWdub3JlSHR0cFN0YXR1c0NvZGU9IkZhbHNlIj4NCiAgICAgIDxRdWVyeVN0cmluZ1BhcmFtZXRlcnM+DQogICAgICAgIDxRdWVyeVN0cmluZ1BhcmFtZXRlciBOYW1lPSJxdWVyeSIgVmFsdWU9InAiIFJlY29yZGVkVmFsdWU9InAiIENvcnJlbGF0aW9uQmluZGluZz0iIiBVcmxFbmNvZGU9IkZhbHNlIiBVc2VUb0dyb3VwUmVzdWx0cz0iRmFsc2UiIC8+DQogICAgICAgIDxRdWVyeVN0cmluZ1BhcmFtZXRlciBOYW1lPSJtYXh3aWR0aCIgVmFsdWU9IjMyNzY1IiBSZWNvcmRlZFZhbHVlPSIzMjc2NSIgQ29ycmVsYXRpb25CaW5kaW5nPSIiIFVybEVuY29kZT0iRmFsc2UiIFVzZVRvR3JvdXBSZXN1bHRzPSJGYWxzZSIgLz4NCiAgICAgICAgPFF1ZXJ5U3RyaW5nUGFyYW1ldGVyIE5hbWU9InJvd2hlaWdodCIgVmFsdWU9IjIwIiBSZWNvcmRlZFZhbHVlPSIyMCIgQ29ycmVsYXRpb25CaW5kaW5nPSIiIFVybEVuY29kZT0iRmFsc2UiIFVzZVRvR3JvdXBSZXN1bHRzPSJGYWxzZSIgLz4NCiAgICAgICAgPFF1ZXJ5U3RyaW5nUGFyYW1ldGVyIE5hbWU9InNlY3Rpb25IZWlnaHQiIFZhbHVlPSIxNjAiIFJlY29yZGVkVmFsdWU9IjE2MCIgQ29ycmVsYXRpb25CaW5kaW5nPSIiIFVybEVuY29kZT0iRmFsc2UiIFVzZVRvR3JvdXBSZXN1bHRzPSJGYWxzZSIgLz4NCiAgICAgICAgPFF1ZXJ5U3RyaW5nUGFyYW1ldGVyIE5hbWU9IkZPUk0iIFZhbHVlPSJJRVNTMDIiIFJlY29yZGVkVmFsdWU9IklFU1MwMiIgQ29ycmVsYXRpb25CaW5kaW5nPSIiIFVybEVuY29kZT0iRmFsc2UiIFVzZVRvR3JvdXBSZXN1bHRzPSJGYWxzZSIgLz4NCiAgICAgICAgPFF1ZXJ5U3RyaW5nUGFyYW1ldGVyIE5hbWU9Im1hcmtldCIgVmFsdWU9ImVuLVVTIiBSZWNvcmRlZFZhbHVlPSJlbi1VUyIgQ29ycmVsYXRpb25CaW5kaW5nPSIiIFVybEVuY29kZT0iRmFsc2UiIFVzZVRvR3JvdXBSZXN1bHRzPSJGYWxzZSIgLz4NCiAgICAgIDwvUXVlcnlTdHJpbmdQYXJhbWV0ZXJzPg0KICAgIDwvUmVxdWVzdD4NCiAgICA8UmVxdWVzdCBNZXRob2Q9IkdFVCIgR3VpZD0iYmJjYTUwNTYtMGJmYi00YTBiLThhOTktMGY0OTRmOTkxMjE1IiBWZXJzaW9uPSIxLjEiIFVybD0iaHR0cDovL3BhcnRzdW5saW1pdGVkZTJlZGVtby5henVyZXdlYnNpdGVzLm5ldC8iIFRoaW5rVGltZT0iMCIgVGltZW91dD0iMzAwIiBQYXJzZURlcGVuZGVudFJlcXVlc3RzPSJUcnVlIiBGb2xsb3dSZWRpcmVjdHM9IlRydWUiIFJlY29yZFJlc3VsdD0iVHJ1ZSIgQ2FjaGU9IkZhbHNlIiBSZXNwb25zZVRpbWVHb2FsPSIwIiBFbmNvZGluZz0idXRmLTgiIEV4cGVjdGVkSHR0cFN0YXR1c0NvZGU9IjAiIEV4cGVjdGVkUmVzcG9uc2VVcmw9IiIgUmVwb3J0aW5nTmFtZT0iIiBJZ25vcmVIdHRwU3RhdHVzQ29kZT0iRmFsc2UiPg0KICAgICAgPERlcGVuZGVudFJlcXVlc3RzPg0KICAgICAgICA8UmVxdWVzdCBNZXRob2Q9IkdFVCIgR3VpZD0iNzk5MGY0YmMtMDRjMy00YzA0LWFlYjYtZTQ3OGE4MGZhNzE0IiBWZXJzaW9uPSIxLjEiIFVybD0iaHR0cDovL3BhcnRzdW5saW1pdGVkZTJlZGVtby5henVyZXdlYnNpdGVzLm5ldC9mb250cy9nbHlwaGljb25zLWhhbGZsaW5ncy1yZWd1bGFyLmVvdCIgVGhpbmtUaW1lPSIwIiBUaW1lb3V0PSIzMDAiIFBhcnNlRGVwZW5kZW50UmVxdWVzdHM9IlRydWUiIEZvbGxvd1JlZGlyZWN0cz0iVHJ1ZSIgUmVjb3JkUmVzdWx0PSJUcnVlIiBDYWNoZT0iRmFsc2UiIFJlc3BvbnNlVGltZUdvYWw9IjAiIEVuY29kaW5nPSJ1dGYtOCIgRXhwZWN0ZWRIdHRwU3RhdHVzQ29kZT0iMCIgRXhwZWN0ZWRSZXNwb25zZVVybD0iIiBSZXBvcnRpbmdOYW1lPSIiIElnbm9yZUh0dHBTdGF0dXNDb2RlPSJGYWxzZSI+DQogICAgICAgICAgPEhlYWRlcnM+DQogICAgICAgICAgICA8SGVhZGVyIE5hbWU9IlJlZmVyZXIiIFZhbHVlPSJodHRwOi8vcGFydHN1bmxpbWl0ZWRlMmVkZW1vLmF6dXJld2Vic2l0ZXMubmV0LyIgLz4NCiAgICAgICAgICA8L0hlYWRlcnM+DQogICAgICAgICAgPFF1ZXJ5U3RyaW5nUGFyYW1ldGVycz4NCiAgICAgICAgICAgIDxRdWVyeVN0cmluZ1BhcmFtZXRlciBOYW1lPSIiIFZhbHVlPSIiIFJlY29yZGVkVmFsdWU9IiIgQ29ycmVsYXRpb25CaW5kaW5nPSIiIFVybEVuY29kZT0iRmFsc2UiIFVzZVRvR3JvdXBSZXN1bHRzPSJGYWxzZSIgLz4NCiAgICAgICAgICA8L1F1ZXJ5U3RyaW5nUGFyYW1ldGVycz4NCiAgICAgICAgPC9SZXF1ZXN0Pg0KICAgICAgPC9EZXBlbmRlbnRSZXF1ZXN0cz4NCiAgICAgIDxDb3JyZWxhdGlvbkV4dHJhY3Rpb25SdWxlcz4NCiAgICAgICAgPEV4dHJhY3Rpb25SdWxlIENsYXNzbmFtZT0iTWljcm9zb2Z0LlZpc3VhbFN0dWRpby5UZXN0VG9vbHMuV2ViVGVzdGluZy5SdWxlcy5FeHRyYWN0VGV4dCwgTWljcm9zb2Z0LlZpc3VhbFN0dWRpby5RdWFsaXR5VG9vbHMuV2ViVGVzdEZyYW1ld29yaywgVmVyc2lvbj0xMC4wLjAuMCwgQ3VsdHVyZT1uZXV0cmFsLCBQdWJsaWNLZXlUb2tlbj1iMDNmNWY3ZjExZDUwYTNhIiBWYXJpYWJsZU5hbWU9IlF1ZXJ5U3RyaW5nUGFyYW0xLkNhdGVnb3J5SWQiIERpc3BsYXlOYW1lPSIiIERlc2NyaXB0aW9uPSIiPg0KICAgICAgICAgIDxSdWxlUGFyYW1ldGVycz4NCiAgICAgICAgICAgIDxSdWxlUGFyYW1ldGVyIE5hbWU9IlN0YXJ0c1dpdGgiIFZhbHVlPSI/Q2F0ZWdvcnlJZD0iIC8+DQogICAgICAgICAgICA8UnVsZVBhcmFtZXRlciBOYW1lPSJFbmRzV2l0aCIgVmFsdWU9IiZxdW90OyIgLz4NCiAgICAgICAgICAgIDxSdWxlUGFyYW1ldGVyIE5hbWU9IkluZGV4IiBWYWx1ZT0iMyIgLz4NCiAgICAgICAgICAgIDxSdWxlUGFyYW1ldGVyIE5hbWU9Iklnbm9yZUNhc2UiIFZhbHVlPSJGYWxzZSIgLz4NCiAgICAgICAgICAgIDxSdWxlUGFyYW1ldGVyIE5hbWU9IlVzZVJlZ3VsYXJFeHByZXNzaW9uIiBWYWx1ZT0iRmFsc2UiIC8+DQogICAgICAgICAgICA8UnVsZVBhcmFtZXRlciBOYW1lPSJIdG1sRGVjb2RlIiBWYWx1ZT0iVHJ1ZSIgLz4NCiAgICAgICAgICAgIDxSdWxlUGFyYW1ldGVyIE5hbWU9IlJlcXVpcmVkIiBWYWx1ZT0iRmFsc2UiIC8+DQogICAgICAgICAgPC9SdWxlUGFyYW1ldGVycz4NCiAgICAgICAgPC9FeHRyYWN0aW9uUnVsZT4NCiAgICAgIDwvQ29ycmVsYXRpb25FeHRyYWN0aW9uUnVsZXM+DQogICAgPC9SZXF1ZXN0Pg0KICAgIDxSZXF1ZXN0IE1ldGhvZD0iT1BUSU9OUyIgR3VpZD0iY2IxNTUzZWMtMmQ0My00M2ExLWJjZjAtNzk5NTZhZjEyZTE0IiBWZXJzaW9uPSIxLjEiIFVybD0iaHR0cHM6Ly9kYy5zZXJ2aWNlcy52aXN1YWxzdHVkaW8uY29tL3YyL3RyYWNrIiBUaGlua1RpbWU9IjAiIFRpbWVvdXQ9IjMwMCIgUGFyc2VEZXBlbmRlbnRSZXF1ZXN0cz0iVHJ1ZSIgRm9sbG93UmVkaXJlY3RzPSJUcnVlIiBSZWNvcmRSZXN1bHQ9IlRydWUiIENhY2hlPSJGYWxzZSIgUmVzcG9uc2VUaW1lR29hbD0iMCIgRW5jb2Rpbmc9InV0Zi04IiBFeHBlY3RlZEh0dHBTdGF0dXNDb2RlPSIwIiBFeHBlY3RlZFJlc3BvbnNlVXJsPSIiIFJlcG9ydGluZ05hbWU9IiIgSWdub3JlSHR0cFN0YXR1c0NvZGU9IkZhbHNlIj4NCiAgICAgIDxTdHJpbmdIdHRwQm9keSBDb250ZW50VHlwZT0iIiBJbnNlcnRCeXRlT3JkZXJNYXJrPSJGYWxzZSI+DQogICAgICA8L1N0cmluZ0h0dHBCb2R5Pg0KICAgIDwvUmVxdWVzdD4NCiAgICA8UmVxdWVzdCBNZXRob2Q9IlBPU1QiIEd1aWQ9ImIyOGE4MDQ5LWQ4MTUtNDUxOS1iMWU2LTE3N2IxYTczNDU0MiIgVmVyc2lvbj0iMS4xIiBVcmw9Imh0dHBzOi8vZGMuc2VydmljZXMudmlzdWFsc3R1ZGlvLmNvbS92Mi90cmFjayIgVGhpbmtUaW1lPSIyMDIiIFRpbWVvdXQ9IjMwMCIgUGFyc2VEZXBlbmRlbnRSZXF1ZXN0cz0iVHJ1ZSIgRm9sbG93UmVkaXJlY3RzPSJUcnVlIiBSZWNvcmRSZXN1bHQ9IlRydWUiIENhY2hlPSJGYWxzZSIgUmVzcG9uc2VUaW1lR29hbD0iMCIgRW5jb2Rpbmc9InV0Zi04IiBFeHBlY3RlZEh0dHBTdGF0dXNDb2RlPSIwIiBFeHBlY3RlZFJlc3BvbnNlVXJsPSIiIFJlcG9ydGluZ05hbWU9IiIgSWdub3JlSHR0cFN0YXR1c0NvZGU9IkZhbHNlIj4NCiAgICAgIDxIZWFkZXJzPg0KICAgICAgICA8SGVhZGVyIE5hbWU9IlJlZmVyZXIiIFZhbHVlPSJodHRwOi8vcGFydHN1bmxpbWl0ZWRlMmVkZW1vLmF6dXJld2Vic2l0ZXMubmV0LyIgLz4NCiAgICAgIDwvSGVhZGVycz4NCiAgICAgIDxTdHJpbmdIdHRwQm9keSBDb250ZW50VHlwZT0iYXBwbGljYXRpb24vanNvbiIgSW5zZXJ0Qnl0ZU9yZGVyTWFyaz0iRmFsc2UiPld3QjdBQ0lBZEFCcEFHMEFaUUFpQURvQUlnQXlBREFBTVFBM0FDMEFNQUF4QUMwQU1nQTFBRlFBTUFBMkFEb0FNd0ExQURvQU5BQTRBQzRBT0FBekFERUFXZ0FpQUN3QUlnQnBBRXNBWlFCNUFDSUFPZ0FpQURNQU5BQXpBR0VBTkFBekFEUUFNUUF0QUdFQU1RQXlBRFFBTFFBMEFETUFNd0EzQUMwQU9BQXhBRE1BTWdBdEFETUFNQUE1QUdFQVl3QXdBRGtBTndBeUFEQUFNUUEwQUNJQUxBQWlBRzRBWVFCdEFHVUFJZ0E2QUNJQVRRQnBBR01BY2dCdkFITUFid0JtQUhRQUxnQkJBSEFBY0FCc0FHa0FZd0JoQUhRQWFRQnZBRzRBU1FCdUFITUFhUUJuQUdnQWRBQnpBQzRBTXdBMEFETUFZUUEwQURNQU5BQXhBR0VBTVFBeUFEUUFOQUF6QURNQU53QTRBREVBTXdBeUFETUFNQUE1QUdFQVl3QXdBRGtBTndBeUFEQUFNUUEwQUM0QVJRQjRBR01BWlFCd0FIUUFhUUJ2QUc0QUlnQXNBQ0lBZEFCaEFHY0Fjd0FpQURvQWV3QWlBR0VBYVFBdUFITUFaUUJ6QUhNQWFRQnZBRzRBTGdCcEFHUUFJZ0E2QUNJQU5BQklBRUlBVndCNkFDSUFMQUFpQUdFQWFRQXVBR1FBWlFCMkFHa0FZd0JsQUM0QWFRQmtBQ0lBT2dBaUFHSUFjZ0J2QUhjQWN3QmxBSElBSWdBc0FDSUFZUUJwQUM0QVpBQmxBSFlBYVFCakFHVUFMZ0IwQUhrQWNBQmxBQ0lBT2dBaUFFSUFjZ0J2QUhjQWN3QmxBSElBSWdBc0FDSUFZUUJwQUM0QWFRQnVBSFFBWlFCeUFHNEFZUUJzQUM0QVlRQm5BR1VBYmdCMEFGWUFaUUJ5QUhNQWFRQnZBRzRBSWdBNkFDSUFjd0J1QUdrQWNBQndBR1VBZEFBNkFERUFMZ0F3QUNJQUxBQWlBR0VBYVFBdUFHa0FiZ0IwQUdVQWNnQnVBR0VBYkFBdUFITUFaQUJyQUZZQVpRQnlBSE1BYVFCdkFHNEFJZ0E2QUNJQWFnQmhBSFlBWVFCekFHTUFjZ0JwQUhBQWRBQTZBREVBTGdBd0FDNEFOd0FpQUN3QUlnQmhBR2tBTGdCMUFITUFaUUJ5QUM0QWFRQmtBQ0lBT2dBaUFFc0FOd0JVQURRQVJnQWlBQ3dBSWdCaEFHa0FMZ0J2QUhBQVpRQnlBR0VBZEFCcEFHOEFiZ0F1QUdrQVpBQWlBRG9BSWdCMUFEWUFLd0JyQUU0QUlnQXNBQ0lBWVFCcEFDNEFid0J3QUdVQWNnQmhBSFFBYVFCdkFHNEFMZ0J1QUdFQWJRQmxBQ0lBT2dBaUFDOEFJZ0I5QUN3QUlnQmtBR0VBZEFCaEFDSUFPZ0I3QUNJQVlnQmhBSE1BWlFCVUFIa0FjQUJsQUNJQU9nQWlBRVVBZUFCakFHVUFjQUIwQUdrQWJ3QnVBRVFBWVFCMEFHRUFJZ0FzQUNJQVlnQmhBSE1BWlFCRUFHRUFkQUJoQUNJQU9nQjdBQ0lBZGdCbEFISUFJZ0E2QURJQUxBQWlBR2dBWVFCdUFHUUFiQUJsQUdRQVFRQjBBQ0lBT2dBaUFIVUFiZ0JvQUdFQWJnQmtBR3dBWlFCa0FDSUFMQUFpQUdVQWVBQmpBR1VBY0FCMEFHa0Fid0J1QUhNQUlnQTZBRnNBZXdBaUFIUUFlUUJ3QUdVQVRnQmhBRzBBWlFBaUFEb0FJZ0JVQUhrQWNBQmxBRVVBY2dCeUFHOEFjZ0FpQUN3QUlnQnRBR1VBY3dCekFHRUFad0JsQUNJQU9nQWlBRlVBYmdCaEFHSUFiQUJsQUNBQWRBQnZBQ0FBWndCbEFIUUFJQUJ3QUhJQWJ3QndBR1VBY2dCMEFIa0FJQUFuQUdNQWJBQnBBR1VBYmdCMEFDY0FJQUJ2QUdZQUlBQjFBRzRBWkFCbEFHWUFhUUJ1QUdVQVpBQWdBRzhBY2dBZ0FHNEFkUUJzQUd3QUlBQnlBR1VBWmdCbEFISUFaUUJ1QUdNQVpRQWlBQ3dBSWdCb0FHRUFjd0JHQUhVQWJBQnNBRk1BZEFCaEFHTUFhd0FpQURvQWRBQnlBSFVBWlFBc0FDSUFjd0IwQUdFQVl3QnJBQ0lBT2dBaUFGUUFlUUJ3QUdVQVJRQnlBSElBYndCeUFEb0FJQUJWQUc0QVlRQmlBR3dBWlFBZ0FIUUFid0FnQUdjQVpRQjBBQ0FBY0FCeUFHOEFjQUJsQUhJQWRBQjVBQ0FBSndCakFHd0FhUUJsQUc0QWRBQW5BQ0FBYndCbUFDQUFkUUJ1QUdRQVpRQm1BR2tBYmdCbEFHUUFJQUJ2QUhJQUlBQnVBSFVBYkFCc0FDQUFjZ0JsQUdZQVpRQnlBR1VBYmdCakFHVUFYQUJ1QUNBQUlBQWdBR0VBZEFBZ0FFRUFiZ0J2QUc0QWVRQnRBRzhBZFFCekFDQUFaZ0IxQUc0QVl3QjBBR2tBYndCdUFDQUFLQUJvQUhRQWRBQndBRG9BTHdBdkFIQUFZUUJ5QUhRQWN3QjFBRzRBYkFCcEFHMEFhUUIwQUdVQVpBQmxBRElBWlFCa0FHVUFiUUJ2QUM0QVlRQjZBSFVBY2dCbEFIY0FaUUJpQUhNQWFRQjBBR1VBY3dBdUFHNEFaUUIwQUM4QVlnQjFBRzRBWkFCc0FHVUFjd0F2QUhNQWFRQjBBR1VBUHdCMkFEMEFOZ0JhQUVJQVJnQkhBR0VBTUFCd0FESUFNQUJqQUVVQVZnQnBBRFFBVFFCVEFFY0FkQUJqQUZNQVRnQkpBRFlBYkFCR0FHY0FhQUEzQUU0QVVnQkJBR0VBUXdBNUFHSUFWQUIwQUZNQVFnQlJBRlVBV1FBeEFEb0FNUUE2QURNQU1BQTBBQ2tBWEFCdUFDQUFJQUFnQUdFQWRBQWdBR0VBSUFBb0FHZ0FkQUIwQUhBQU9nQXZBQzhBY0FCaEFISUFkQUJ6QUhVQWJnQnNBR2tBYlFCcEFIUUFaUUJrQUdVQU1nQmxBR1FBWlFCdEFHOEFMZ0JoQUhvQWRRQnlBR1VBZHdCbEFHSUFjd0JwQUhRQVpRQnpBQzRBYmdCbEFIUUFMd0JpQUhVQWJnQmtBR3dBWlFCekFDOEFhZ0J4QUhVQVpRQnlBSGtBUHdCMkFEMEFZd0J4QUcwQU13QnlBRVlBZWdCeUFFZ0FZUUJ0QUdjQVNBQjVBR1VBT1FCd0FIZ0FOZ0JIQURnQVJ3QkVBRGdBVUFCa0FHTUFUZ0IxQUc4QWJBQklBRGdBY1FCNkFIRUFTd0JQQUd3QVRBQllBR29BWndBeEFEb0FNUUE2QURFQU9BQXlBRFVBT1FBcEFGd0FiZ0FnQUNBQUlBQmhBSFFBSUFCb0FDNEFaZ0JwQUhJQVpRQlhBR2tBZEFCb0FDQUFLQUJvQUhRQWRBQndBRG9BTHdBdkFIQUFZUUJ5QUhRQWN3QjFBRzRBYkFCcEFHMEFhUUIwQUdVQVpBQmxBRElBWlFCa0FHVUFiUUJ2QUM0QVlRQjZBSFVBY2dCbEFIY0FaUUJpQUhNQWFRQjBBR1VBY3dBdUFHNEFaUUIwQUM4QVlnQjFBRzRBWkFCc0FHVUFjd0F2QUdvQWNRQjFBR1VBY2dCNUFEOEFkZ0E5QUdNQWNRQnRBRE1BY2dCR0FIb0FjZ0JJQUdFQWJRQm5BRWdBZVFCbEFEa0FjQUI0QURZQVJ3QTRBRWNBUkFBNEFGQUFaQUJqQUU0QWRRQnZBR3dBU0FBNEFIRUFlZ0J4QUVzQVR3QnNBRXdBV0FCcUFHY0FNUUE2QURFQU9nQXhBRGtBTUFBd0FESUFLUUJjQUc0QUlBQWdBQ0FBWVFCMEFDQUFjZ0JsQUdFQVpBQjVBQ0FBS0FCb0FIUUFkQUJ3QURvQUx3QXZBSEFBWVFCeUFIUUFjd0IxQUc0QWJBQnBBRzBBYVFCMEFHVUFaQUJsQURJQVpRQmtBR1VBYlFCdkFDNEFZUUI2QUhVQWNnQmxBSGNBWlFCaUFITUFhUUIwQUdVQWN3QXVBRzRBWlFCMEFDOEFZZ0IxQUc0QVpBQnNBR1VBY3dBdkFHb0FjUUIxQUdVQWNnQjVBRDhBZGdBOUFHTUFjUUJ0QURNQWNnQkdBSG9BY2dCSUFHRUFiUUJuQUVnQWVRQmxBRGtBY0FCNEFEWUFSd0E0QUVjQVJBQTRBRkFBWkFCakFFNEFkUUJ2QUd3QVNBQTRBSEVBZWdCeEFFc0FUd0JzQUV3QVdBQnFBR2NBTVFBNkFERUFPZ0F4QURNQU9BQTVBRFFBS1FCY0FHNEFJQUFnQUNBQVlRQjBBQ0FBYUFBZ0FDZ0FhQUIwQUhRQWNBQTZBQzhBTHdCd0FHRUFjZ0IwQUhNQWRRQnVBR3dBYVFCdEFHa0FkQUJsQUdRQVpRQXlBR1VBWkFCbEFHMEFid0F1QUdFQWVnQjFBSElBWlFCM0FHVUFZZ0J6QUdrQWRBQmxBSE1BTGdCdUFHVUFkQUF2QUdJQWRRQnVBR1FBYkFCbEFITUFMd0JxQUhFQWRRQmxBSElBZVFBL0FIWUFQUUJqQUhFQWJRQXpBSElBUmdCNkFISUFTQUJoQUcwQVp3QklBSGtBWlFBNUFIQUFlQUEyQUVjQU9BQkhBRVFBT0FCUUFHUUFZd0JPQUhVQWJ3QnNBRWdBT0FCeEFIb0FjUUJMQUU4QWJBQk1BRmdBYWdCbkFERUFPZ0F4QURvQU1RQXhBRElBT1FBd0FDa0FJZ0FzQUNJQWNBQmhBSElBY3dCbEFHUUFVd0IwQUdFQVl3QnJBQ0lBT2dCYkFIc0FJZ0JzQUdVQWRnQmxBR3dBSWdBNkFEQUFMQUFpQUcwQVpRQjBBR2dBYndCa0FDSUFPZ0FpQUVFQWJnQnZBRzRBZVFCdEFHOEFkUUJ6QUNBQVpnQjFBRzRBWXdCMEFHa0Fid0J1QUNJQUxBQWlBR0VBY3dCekFHVUFiUUJpQUd3QWVRQWlBRG9BSWdCaEFIUUFJQUJCQUc0QWJ3QnVBSGtBYlFCdkFIVUFjd0FnQUdZQWRRQnVBR01BZEFCcEFHOEFiZ0FnQUNnQWFBQjBBSFFBY0FBNkFDOEFMd0J3QUdFQWNnQjBBSE1BZFFCdUFHd0FhUUJ0QUdrQWRBQmxBR1FBWlFBeUFHVUFaQUJsQUcwQWJ3QXVBR0VBZWdCMUFISUFaUUIzQUdVQVlnQnpBR2tBZEFCbEFITUFMZ0J1QUdVQWRBQXZBR0lBZFFCdUFHUUFiQUJsQUhNQUx3QnpBR2tBZEFCbEFEOEFkZ0E5QURZQVdnQkNBRVlBUndCaEFEQUFjQUF5QURBQVl3QkZBRllBYVFBMEFFMEFVd0JIQUhRQVl3QlRBRTRBU1FBMkFHd0FSZ0JuQUdnQU53Qk9BRklBUVFCaEFFTUFPUUJpQUZRQWRBQlRBRUlBVVFCVkFGa0FNUUE2QURFQU9nQXpBREFBTkFBcEFDSUFMQUFpQUdZQWFRQnNBR1VBVGdCaEFHMEFaUUFpQURvQUlnQm9BSFFBZEFCd0FEb0FMd0F2QUhBQVlRQnlBSFFBY3dCMUFHNEFiQUJwQUcwQWFRQjBBR1VBWkFCbEFESUFaUUJrQUdVQWJRQnZBQzRBWVFCNkFIVUFjZ0JsQUhjQVpRQmlBSE1BYVFCMEFHVUFjd0F1QUc0QVpRQjBBQzhBWWdCMUFHNEFaQUJzQUdVQWN3QXZBSE1BYVFCMEFHVUFQd0IyQUQwQU5nQmFBRUlBUmdCSEFHRUFNQUJ3QURJQU1BQmpBRVVBVmdCcEFEUUFUUUJUQUVjQWRBQmpBRk1BVGdCSkFEWUFiQUJHQUdjQWFBQTNBRTRBVWdCQkFHRUFRd0E1QUdJQVZBQjBBRk1BUWdCUkFGVUFXUUF4QUNJQUxBQWlBR3dBYVFCdUFHVUFJZ0E2QURFQWZRQXNBSHNBSWdCc0FHVUFkZ0JsQUd3QUlnQTZBREVBTEFBaUFHMEFaUUIwQUdnQWJ3QmtBQ0lBT2dBaUFHRUFJZ0FzQUNJQVlRQnpBSE1BWlFCdEFHSUFiQUI1QUNJQU9nQWlBR0VBZEFBZ0FHRUFJQUFvQUdnQWRBQjBBSEFBT2dBdkFDOEFjQUJoQUhJQWRBQnpBSFVBYmdCc0FHa0FiUUJwQUhRQVpRQmtBR1VBTWdCbEFHUUFaUUJ0QUc4QUxnQmhBSG9BZFFCeUFHVUFkd0JsQUdJQWN3QnBBSFFBWlFCekFDNEFiZ0JsQUhRQUx3QmlBSFVBYmdCa0FHd0FaUUJ6QUM4QWFnQnhBSFVBWlFCeUFIa0FQd0IyQUQwQVl3QnhBRzBBTXdCeUFFWUFlZ0J5QUVnQVlRQnRBR2NBU0FCNUFHVUFPUUJ3QUhnQU5nQkhBRGdBUndCRUFEZ0FVQUJrQUdNQVRnQjFBRzhBYkFCSUFEZ0FjUUI2QUhFQVN3QlBBR3dBVEFCWUFHb0Fad0F4QURvQU1RQTZBREVBT0FBeUFEVUFPUUFwQUNJQUxBQWlBR1lBYVFCc0FHVUFUZ0JoQUcwQVpRQWlBRG9BSWdCb0FIUUFkQUJ3QURvQUx3QXZBSEFBWVFCeUFIUUFjd0IxQUc0QWJBQnBBRzBBYVFCMEFHVUFaQUJsQURJQVpRQmtBR1VBYlFCdkFDNEFZUUI2QUhVQWNnQmxBSGNBWlFCaUFITUFhUUIwQUdVQWN3QXVBRzRBWlFCMEFDOEFZZ0IxQUc0QVpBQnNBR1VBY3dBdkFHb0FjUUIxQUdVQWNnQjVBRDhBZGdBOUFHTUFjUUJ0QURNQWNnQkdBSG9BY2dCSUFHRUFiUUJuQUVnQWVRQmxBRGtBY0FCNEFEWUFSd0E0QUVjQVJBQTRBRkFBWkFCakFFNEFkUUJ2QUd3QVNBQTRBSEVBZWdCeEFFc0FUd0JzQUV3QVdBQnFBR2NBTVFBaUFDd0FJZ0JzQUdrQWJnQmxBQ0lBT2dBeEFIMEFMQUI3QUNJQWJBQmxBSFlBWlFCc0FDSUFPZ0F5QUN3QUlnQnRBR1VBZEFCb0FHOEFaQUFpQURvQUlnQm9BQzRBWmdCcEFISUFaUUJYQUdrQWRBQm9BQ0lBTEFBaUFHRUFjd0J6QUdVQWJRQmlBR3dBZVFBaUFEb0FJZ0JoQUhRQUlBQm9BQzRBWmdCcEFISUFaUUJYQUdrQWRBQm9BQ0FBS0FCb0FIUUFkQUJ3QURvQUx3QXZBSEFBWVFCeUFIUUFjd0IxQUc0QWJBQnBBRzBBYVFCMEFHVUFaQUJsQURJQVpRQmtBR1VBYlFCdkFDNEFZUUI2QUhVQWNnQmxBSGNBWlFCaUFITUFhUUIwQUdVQWN3QXVBRzRBWlFCMEFDOEFZZ0IxQUc0QVpBQnNBR1VBY3dBdkFHb0FjUUIxQUdVQWNnQjVBRDhBZGdBOUFHTUFjUUJ0QURNQWNnQkdBSG9BY2dCSUFHRUFiUUJuQUVnQWVRQmxBRGtBY0FCNEFEWUFSd0E0QUVjQVJBQTRBRkFBWkFCakFFNEFkUUJ2QUd3QVNBQTRBSEVBZWdCeEFFc0FUd0JzQUV3QVdBQnFBR2NBTVFBNkFERUFPZ0F4QURrQU1BQXdBRElBS1FBaUFDd0FJZ0JtQUdrQWJBQmxBRTRBWVFCdEFHVUFJZ0E2QUNJQWFBQjBBSFFBY0FBNkFDOEFMd0J3QUdFQWNnQjBBSE1BZFFCdUFHd0FhUUJ0QUdrQWRBQmxBR1FBWlFBeUFHVUFaQUJsQUcwQWJ3QXVBR0VBZWdCMUFISUFaUUIzQUdVQVlnQnpBR2tBZEFCbEFITUFMZ0J1QUdVQWRBQXZBR0lBZFFCdUFHUUFiQUJsQUhNQUx3QnFBSEVBZFFCbEFISUFlUUEvQUhZQVBRQmpBSEVBYlFBekFISUFSZ0I2QUhJQVNBQmhBRzBBWndCSUFIa0FaUUE1QUhBQWVBQTJBRWNBT0FCSEFFUUFPQUJRQUdRQVl3Qk9BSFVBYndCc0FFZ0FPQUJ4QUhvQWNRQkxBRThBYkFCTUFGZ0FhZ0JuQURFQUlnQXNBQ0lBYkFCcEFHNEFaUUFpQURvQU1RQjlBQ3dBZXdBaUFHd0FaUUIyQUdVQWJBQWlBRG9BTXdBc0FDSUFiUUJsQUhRQWFBQnZBR1FBSWdBNkFDSUFjZ0JsQUdFQVpBQjVBQ0lBTEFBaUFHRUFjd0J6QUdVQWJRQmlBR3dBZVFBaUFEb0FJZ0JoQUhRQUlBQnlBR1VBWVFCa0FIa0FJQUFvQUdnQWRBQjBBSEFBT2dBdkFDOEFjQUJoQUhJQWRBQnpBSFVBYmdCc0FHa0FiUUJwQUhRQVpRQmtBR1VBTWdCbEFHUUFaUUJ0QUc4QUxnQmhBSG9BZFFCeUFHVUFkd0JsQUdJQWN3QnBBSFFBWlFCekFDNEFiZ0JsQUhRQUx3QmlBSFVBYmdCa0FHd0FaUUJ6QUM4QWFnQnhBSFVBWlFCeUFIa0FQd0IyQUQwQVl3QnhBRzBBTXdCeUFFWUFlZ0J5QUVnQVlRQnRBR2NBU0FCNUFHVUFPUUJ3QUhnQU5nQkhBRGdBUndCRUFEZ0FVQUJrQUdNQVRnQjFBRzhBYkFCSUFEZ0FjUUI2QUhFQVN3QlBBR3dBVEFCWUFHb0Fad0F4QURvQU1RQTZBREVBTXdBNEFEa0FOQUFwQUNJQUxBQWlBR1lBYVFCc0FHVUFUZ0JoQUcwQVpRQWlBRG9BSWdCb0FIUUFkQUJ3QURvQUx3QXZBSEFBWVFCeUFIUUFjd0IxQUc0QWJBQnBBRzBBYVFCMEFHVUFaQUJsQURJQVpRQmtBR1VBYlFCdkFDNEFZUUI2QUhVQWNnQmxBSGNBWlFCaUFITUFhUUIwQUdVQWN3QXVBRzRBWlFCMEFDOEFZZ0IxQUc0QVpBQnNBR1VBY3dBdkFHb0FjUUIxQUdVQWNnQjVBRDhBZGdBOUFHTUFjUUJ0QURNQWNnQkdBSG9BY2dCSUFHRUFiUUJuQUVnQWVRQmxBRGtBY0FCNEFEWUFSd0E0QUVjQVJBQTRBRkFBWkFCakFFNEFkUUJ2QUd3QVNBQTRBSEVBZWdCeEFFc0FUd0JzQUV3QVdBQnFBR2NBTVFBaUFDd0FJZ0JzQUdrQWJnQmxBQ0lBT2dBeEFIMEFMQUI3QUNJQWJBQmxBSFlBWlFCc0FDSUFPZ0EwQUN3QUlnQnRBR1VBZEFCb0FHOEFaQUFpQURvQUlnQm9BQ0lBTEFBaUFHRUFjd0J6QUdVQWJRQmlBR3dBZVFBaUFEb0FJZ0JoQUhRQUlBQm9BQ0FBS0FCb0FIUUFkQUJ3QURvQUx3QXZBSEFBWVFCeUFIUUFjd0IxQUc0QWJBQnBBRzBBYVFCMEFHVUFaQUJsQURJQVpRQmtBR1VBYlFCdkFDNEFZUUI2QUhVQWNnQmxBSGNBWlFCaUFITUFhUUIwQUdVQWN3QXVBRzRBWlFCMEFDOEFZZ0IxQUc0QVpBQnNBR1VBY3dBdkFHb0FjUUIxQUdVQWNnQjVBRDhBZGdBOUFHTUFjUUJ0QURNQWNnQkdBSG9BY2dCSUFHRUFiUUJuQUVnQWVRQmxBRGtBY0FCNEFEWUFSd0E0QUVjQVJBQTRBRkFBWkFCakFFNEFkUUJ2QUd3QVNBQTRBSEVBZWdCeEFFc0FUd0JzQUV3QVdBQnFBR2NBTVFBNkFERUFPZ0F4QURFQU1nQTVBREFBS1FBaUFDd0FJZ0JtQUdrQWJBQmxBRTRBWVFCdEFHVUFJZ0E2QUNJQWFBQjBBSFFBY0FBNkFDOEFMd0J3QUdFQWNnQjBBSE1BZFFCdUFHd0FhUUJ0QUdrQWRBQmxBR1FBWlFBeUFHVUFaQUJsQUcwQWJ3QXVBR0VBZWdCMUFISUFaUUIzQUdVQVlnQnpBR2tBZEFCbEFITUFMZ0J1QUdVQWRBQXZBR0lBZFFCdUFHUUFiQUJsQUhNQUx3QnFBSEVBZFFCbEFISUFlUUEvQUhZQVBRQmpBSEVBYlFBekFISUFSZ0I2QUhJQVNBQmhBRzBBWndCSUFIa0FaUUE1QUhBQWVBQTJBRWNBT0FCSEFFUUFPQUJRQUdRQVl3Qk9BSFVBYndCc0FFZ0FPQUJ4QUhvQWNRQkxBRThBYkFCTUFGZ0FhZ0JuQURFQUlnQXNBQ0lBYkFCcEFHNEFaUUFpQURvQU1RQjlBRjBBZlFCZEFDd0FJZ0J3QUhJQWJ3QndBR1VBY2dCMEFHa0FaUUJ6QUNJQU9nQjdBQ0lBZFFCeUFHd0FJZ0E2QUNJQWFBQjBBSFFBY0FBNkFDOEFMd0J3QUdFQWNnQjBBSE1BZFFCdUFHd0FhUUJ0QUdrQWRBQmxBR1FBWlFBeUFHVUFaQUJsQUcwQWJ3QXVBR0VBZWdCMUFISUFaUUIzQUdVQVlnQnpBR2tBZEFCbEFITUFMZ0J1QUdVQWRBQXZBR0lBZFFCdUFHUUFiQUJsQUhNQUx3QnpBR2tBZEFCbEFEOEFkZ0E5QURZQVdnQkNBRVlBUndCaEFEQUFjQUF5QURBQVl3QkZBRllBYVFBMEFFMEFVd0JIQUhRQVl3QlRBRTRBU1FBMkFHd0FSZ0JuQUdnQU53Qk9BRklBUVFCaEFFTUFPUUJpQUZRQWRBQlRBRUlBVVFCVkFGa0FNUUFpQUgwQWZRQjlBSDBBTEFCN0FDSUFkQUJwQUcwQVpRQWlBRG9BSWdBeUFEQUFNUUEzQUMwQU1BQXhBQzBBTWdBMUFGUUFNQUEyQURvQU13QTFBRG9BTkFBNEFDNEFPUUF4QURrQVdnQWlBQ3dBSWdCcEFFc0FaUUI1QUNJQU9nQWlBRE1BTkFBekFHRUFOQUF6QURRQU1RQXRBR0VBTVFBeUFEUUFMUUEwQURNQU13QTNBQzBBT0FBeEFETUFNZ0F0QURNQU1BQTVBR0VBWXdBd0FEa0FOd0F5QURBQU1RQTBBQ0lBTEFBaUFHNEFZUUJ0QUdVQUlnQTZBQ0lBVFFCcEFHTUFjZ0J2QUhNQWJ3Qm1BSFFBTGdCQkFIQUFjQUJzQUdrQVl3QmhBSFFBYVFCdkFHNEFTUUJ1QUhNQWFRQm5BR2dBZEFCekFDNEFNd0EwQURNQVlRQTBBRE1BTkFBeEFHRUFNUUF5QURRQU5BQXpBRE1BTndBNEFERUFNd0F5QURNQU1BQTVBR0VBWXdBd0FEa0FOd0F5QURBQU1RQTBBQzRBVUFCaEFHY0FaUUIyQUdrQVpRQjNBQ0lBTEFBaUFIUUFZUUJuQUhNQUlnQTZBSHNBSWdCaEFHa0FMZ0J6QUdVQWN3QnpBR2tBYndCdUFDNEFhUUJrQUNJQU9nQWlBRFFBU0FCQ0FGY0FlZ0FpQUN3QUlnQmhBR2tBTGdCa0FHVUFkZ0JwQUdNQVpRQXVBR2tBWkFBaUFEb0FJZ0JpQUhJQWJ3QjNBSE1BWlFCeUFDSUFMQUFpQUdFQWFRQXVBR1FBWlFCMkFHa0FZd0JsQUM0QWRBQjVBSEFBWlFBaUFEb0FJZ0JDQUhJQWJ3QjNBSE1BWlFCeUFDSUFMQUFpQUdFQWFRQXVBR2tBYmdCMEFHVUFjZ0J1QUdFQWJBQXVBR0VBWndCbEFHNEFkQUJXQUdVQWNnQnpBR2tBYndCdUFDSUFPZ0FpQUhNQWJnQnBBSEFBY0FCbEFIUUFPZ0F4QUM0QU1BQWlBQ3dBSWdCaEFHa0FMZ0JwQUc0QWRBQmxBSElBYmdCaEFHd0FMZ0J6QUdRQWF3QldBR1VBY2dCekFHa0Fid0J1QUNJQU9nQWlBR29BWVFCMkFHRUFjd0JqQUhJQWFRQndBSFFBT2dBeEFDNEFNQUF1QURjQUlnQXNBQ0lBWVFCcEFDNEFkUUJ6QUdVQWNnQXVBR2tBWkFBaUFEb0FJZ0JMQURjQVZBQTBBRVlBSWdBc0FDSUFZUUJwQUM0QWJ3QndBR1VBY2dCaEFIUUFhUUJ2QUc0QUxnQnBBR1FBSWdBNkFDSUFkUUEyQUNzQWF3Qk9BQ0lBTEFBaUFHRUFhUUF1QUc4QWNBQmxBSElBWVFCMEFHa0Fid0J1QUM0QWJnQmhBRzBBWlFBaUFEb0FJZ0F2QUNJQWZRQXNBQ0lBWkFCaEFIUUFZUUFpQURvQWV3QWlBR0lBWVFCekFHVUFWQUI1QUhBQVpRQWlBRG9BSWdCUUFHRUFad0JsQUhZQWFRQmxBSGNBUkFCaEFIUUFZUUFpQUN3QUlnQmlBR0VBY3dCbEFFUUFZUUIwQUdFQUlnQTZBSHNBSWdCMkFHVUFjZ0FpQURvQU1nQXNBQ0lBYmdCaEFHMEFaUUFpQURvQUlnQklBRzhBYlFCbEFDQUFVQUJoQUdjQVpRQWdBQk1nSUFCUUFHRUFjZ0IwQUhNQUlBQlZBRzRBYkFCcEFHMEFhUUIwQUdVQVpBQWlBQ3dBSWdCMUFISUFiQUFpQURvQUlnQm9BSFFBZEFCd0FEb0FMd0F2QUhBQVlRQnlBSFFBY3dCMUFHNEFiQUJwQUcwQWFRQjBBR1VBWkFCbEFESUFaUUJrQUdVQWJRQnZBQzRBWVFCNkFIVUFjZ0JsQUhjQVpRQmlBSE1BYVFCMEFHVUFjd0F1QUc0QVpRQjBBQzhBSWdBc0FDSUFaQUIxQUhJQVlRQjBBR2tBYndCdUFDSUFPZ0FpQURBQU1BQTZBREFBTUFBNkFEQUFNd0F1QURZQU5nQTRBQ0lBZlFCOUFIMEFMQUI3QUNJQWRBQnBBRzBBWlFBaUFEb0FJZ0F5QURBQU1RQTNBQzBBTUFBeEFDMEFNZ0ExQUZRQU1BQTJBRG9BTXdBMUFEb0FOQUE0QUM0QU9RQXlBREFBV2dBaUFDd0FJZ0JwQUVzQVpRQjVBQ0lBT2dBaUFETUFOQUF6QUdFQU5BQXpBRFFBTVFBdEFHRUFNUUF5QURRQUxRQTBBRE1BTXdBM0FDMEFPQUF4QURNQU1nQXRBRE1BTUFBNUFHRUFZd0F3QURrQU53QXlBREFBTVFBMEFDSUFMQUFpQUc0QVlRQnRBR1VBSWdBNkFDSUFUUUJwQUdNQWNnQnZBSE1BYndCbUFIUUFMZ0JCQUhBQWNBQnNBR2tBWXdCaEFIUUFhUUJ2QUc0QVNRQnVBSE1BYVFCbkFHZ0FkQUJ6QUM0QU13QTBBRE1BWVFBMEFETUFOQUF4QUdFQU1RQXlBRFFBTkFBekFETUFOd0E0QURFQU13QXlBRE1BTUFBNUFHRUFZd0F3QURrQU53QXlBREFBTVFBMEFDNEFVQUJoQUdjQVpRQjJBR2tBWlFCM0FGQUFaUUJ5QUdZQWJ3QnlBRzBBWVFCdUFHTUFaUUFpQUN3QUlnQjBBR0VBWndCekFDSUFPZ0I3QUNJQVlRQnBBQzRBY3dCbEFITUFjd0JwQUc4QWJnQXVBR2tBWkFBaUFEb0FJZ0EwQUVnQVFnQlhBSG9BSWdBc0FDSUFZUUJwQUM0QVpBQmxBSFlBYVFCakFHVUFMZ0JwQUdRQUlnQTZBQ0lBWWdCeUFHOEFkd0J6QUdVQWNnQWlBQ3dBSWdCaEFHa0FMZ0JrQUdVQWRnQnBBR01BWlFBdUFIUUFlUUJ3QUdVQUlnQTZBQ0lBUWdCeUFHOEFkd0J6QUdVQWNnQWlBQ3dBSWdCaEFHa0FMZ0JwQUc0QWRBQmxBSElBYmdCaEFHd0FMZ0JoQUdjQVpRQnVBSFFBVmdCbEFISUFjd0JwQUc4QWJnQWlBRG9BSWdCekFHNEFhUUJ3QUhBQVpRQjBBRG9BTVFBdUFEQUFJZ0FzQUNJQVlRQnBBQzRBYVFCdUFIUUFaUUJ5QUc0QVlRQnNBQzRBY3dCa0FHc0FWZ0JsQUhJQWN3QnBBRzhBYmdBaUFEb0FJZ0JxQUdFQWRnQmhBSE1BWXdCeUFHa0FjQUIwQURvQU1RQXVBREFBTGdBM0FDSUFMQUFpQUdFQWFRQXVBSFVBY3dCbEFISUFMZ0JwQUdRQUlnQTZBQ0lBU3dBM0FGUUFOQUJHQUNJQUxBQWlBR0VBYVFBdUFHOEFjQUJsQUhJQVlRQjBBR2tBYndCdUFDNEFhUUJrQUNJQU9nQWlBSFVBTmdBckFHc0FUZ0FpQUN3QUlnQmhBR2tBTGdCdkFIQUFaUUJ5QUdFQWRBQnBBRzhBYmdBdUFHNEFZUUJ0QUdVQUlnQTZBQ0lBTHdBaUFIMEFMQUFpQUdRQVlRQjBBR0VBSWdBNkFIc0FJZ0JpQUdFQWN3QmxBRlFBZVFCd0FHVUFJZ0E2QUNJQVVBQmhBR2NBWlFCMkFHa0FaUUIzQUZBQVpRQnlBR1lBYndCeUFHMEFZUUJ1QUdNQVpRQkVBR0VBZEFCaEFDSUFMQUFpQUdJQVlRQnpBR1VBUkFCaEFIUUFZUUFpQURvQWV3QWlBSFlBWlFCeUFDSUFPZ0F5QUN3QUlnQnVBR0VBYlFCbEFDSUFPZ0FpQUVnQWJ3QnRBR1VBSUFCUUFHRUFad0JsQUNBQUV5QWdBRkFBWVFCeUFIUUFjd0FnQUZVQWJnQnNBR2tBYlFCcEFIUUFaUUJrQUNJQUxBQWlBSFVBY2dCc0FDSUFPZ0FpQUdnQWRBQjBBSEFBT2dBdkFDOEFjQUJoQUhJQWRBQnpBSFVBYmdCc0FHa0FiUUJwQUhRQVpRQmtBR1VBTWdCbEFHUUFaUUJ0QUc4QUxnQmhBSG9BZFFCeUFHVUFkd0JsQUdJQWN3QnBBSFFBWlFCekFDNEFiZ0JsQUhRQUx3QWlBQ3dBSWdCa0FIVUFjZ0JoQUhRQWFRQnZBRzRBSWdBNkFDSUFNQUF3QURvQU1BQXdBRG9BTUFBekFDNEFOZ0EyQURnQUlnQXNBQ0lBY0FCbEFISUFaZ0JVQUc4QWRBQmhBR3dBSWdBNkFDSUFNQUF3QURvQU1BQXdBRG9BTUFBekFDNEFOZ0EyQURnQUlnQXNBQ0lBYmdCbEFIUUFkd0J2QUhJQWF3QkRBRzhBYmdCdUFHVUFZd0IwQUNJQU9nQWlBREFBTUFBNkFEQUFNQUE2QURBQU1BQXVBREFBTUFBeEFDSUFMQUFpQUhNQVpRQnVBSFFBVWdCbEFIRUFkUUJsQUhNQWRBQWlBRG9BSWdBd0FEQUFPZ0F3QURBQU9nQXdBREFBTGdBd0FEQUFOZ0FpQUN3QUlnQnlBR1VBWXdCbEFHa0FkZ0JsQUdRQVVnQmxBSE1BY0FCdkFHNEFjd0JsQUNJQU9nQWlBREFBTUFBNkFEQUFNQUE2QURBQU1nQXVBREVBTlFBM0FDSUFMQUFpQUdRQWJ3QnRBRkFBY2dCdkFHTUFaUUJ6QUhNQWFRQnVBR2NBSWdBNkFDSUFNQUF3QURvQU1BQXdBRG9BTUFBd0FDNEFNZ0F3QURNQUlnQjlBSDBBZlFCZEFBPT08L1N0cmluZ0h0dHBCb2R5Pg0KICAgIDwvUmVxdWVzdD4NCiAgICA8UmVxdWVzdCBNZXRob2Q9IkdFVCIgR3VpZD0iYmRkY2Y2ZTUtOGRmZC00MDhiLTlmMDYtMmIyOTA0ZDQ3NTI0IiBWZXJzaW9uPSIxLjEiIFVybD0iaHR0cDovL3BhcnRzdW5saW1pdGVkZTJlZGVtby5henVyZXdlYnNpdGVzLm5ldC9TdG9yZS9Ccm93c2UiIFRoaW5rVGltZT0iMCIgVGltZW91dD0iMzAwIiBQYXJzZURlcGVuZGVudFJlcXVlc3RzPSJUcnVlIiBGb2xsb3dSZWRpcmVjdHM9IlRydWUiIFJlY29yZFJlc3VsdD0iVHJ1ZSIgQ2FjaGU9IkZhbHNlIiBSZXNwb25zZVRpbWVHb2FsPSIwIiBFbmNvZGluZz0idXRmLTgiIEV4cGVjdGVkSHR0cFN0YXR1c0NvZGU9IjAiIEV4cGVjdGVkUmVzcG9uc2VVcmw9IiIgUmVwb3J0aW5nTmFtZT0iIiBJZ25vcmVIdHRwU3RhdHVzQ29kZT0iRmFsc2UiPg0KICAgICAgPERlcGVuZGVudFJlcXVlc3RzPg0KICAgICAgICA8UmVxdWVzdCBNZXRob2Q9IkdFVCIgR3VpZD0iOTFmNTEwZTUtZjI4Yy00YTdiLWJmMmEtNjhlYjFmZDFhYTI5IiBWZXJzaW9uPSIxLjEiIFVybD0iaHR0cDovL3BhcnRzdW5saW1pdGVkZTJlZGVtby5henVyZXdlYnNpdGVzLm5ldC9mb250cy9nbHlwaGljb25zLWhhbGZsaW5ncy1yZWd1bGFyLmVvdCIgVGhpbmtUaW1lPSIyIiBUaW1lb3V0PSIzMDAiIFBhcnNlRGVwZW5kZW50UmVxdWVzdHM9IlRydWUiIEZvbGxvd1JlZGlyZWN0cz0iVHJ1ZSIgUmVjb3JkUmVzdWx0PSJUcnVlIiBDYWNoZT0iRmFsc2UiIFJlc3BvbnNlVGltZUdvYWw9IjAiIEVuY29kaW5nPSJ1dGYtOCIgRXhwZWN0ZWRIdHRwU3RhdHVzQ29kZT0iMCIgRXhwZWN0ZWRSZXNwb25zZVVybD0iIiBSZXBvcnRpbmdOYW1lPSIiIElnbm9yZUh0dHBTdGF0dXNDb2RlPSJGYWxzZSI+DQogICAgICAgICAgPEhlYWRlcnM+DQogICAgICAgICAgICA8SGVhZGVyIE5hbWU9IlJlZmVyZXIiIFZhbHVlPSJodHRwOi8vcGFydHN1bmxpbWl0ZWRlMmVkZW1vLmF6dXJld2Vic2l0ZXMubmV0L1N0b3JlL0Jyb3dzZT9DYXRlZ29yeUlkPTQiIC8+DQogICAgICAgICAgPC9IZWFkZXJzPg0KICAgICAgICAgIDxRdWVyeVN0cmluZ1BhcmFtZXRlcnM+DQogICAgICAgICAgICA8UXVlcnlTdHJpbmdQYXJhbWV0ZXIgTmFtZT0iIiBWYWx1ZT0iIiBSZWNvcmRlZFZhbHVlPSIiIENvcnJlbGF0aW9uQmluZGluZz0iIiBVcmxFbmNvZGU9IkZhbHNlIiBVc2VUb0dyb3VwUmVzdWx0cz0iRmFsc2UiIC8+DQogICAgICAgICAgPC9RdWVyeVN0cmluZ1BhcmFtZXRlcnM+DQogICAgICAgIDwvUmVxdWVzdD4NCiAgICAgIDwvRGVwZW5kZW50UmVxdWVzdHM+DQogICAgICA8SGVhZGVycz4NCiAgICAgICAgPEhlYWRlciBOYW1lPSJSZWZlcmVyIiBWYWx1ZT0iaHR0cDovL3BhcnRzdW5saW1pdGVkZTJlZGVtby5henVyZXdlYnNpdGVzLm5ldC8iIC8+DQogICAgICA8L0hlYWRlcnM+DQogICAgICA8UXVlcnlTdHJpbmdQYXJhbWV0ZXJzPg0KICAgICAgICA8UXVlcnlTdHJpbmdQYXJhbWV0ZXIgTmFtZT0iQ2F0ZWdvcnlJZCIgVmFsdWU9IjQiIFJlY29yZGVkVmFsdWU9IjQiIENvcnJlbGF0aW9uQmluZGluZz0ie3tRdWVyeVN0cmluZ1BhcmFtMS5DYXRlZ29yeUlkfX0iIFVybEVuY29kZT0iRmFsc2UiIFVzZVRvR3JvdXBSZXN1bHRzPSJGYWxzZSIgLz4NCiAgICAgIDwvUXVlcnlTdHJpbmdQYXJhbWV0ZXJzPg0KICAgIDwvUmVxdWVzdD4NCiAgICA8UmVxdWVzdCBNZXRob2Q9IkdFVCIgR3VpZD0iNDg2OTNkN2QtNWI3My00ZTk0LWI1NDEtMWNmYmE3ZTI2NzRkIiBWZXJzaW9uPSIxLjEiIFVybD0iaHR0cDovL3BhcnRzdW5saW1pdGVkZTJlZGVtby5henVyZXdlYnNpdGVzLm5ldC9TdG9yZS9EZXRhaWxzLzE1IiBUaGlua1RpbWU9IjAiIFRpbWVvdXQ9IjMwMCIgUGFyc2VEZXBlbmRlbnRSZXF1ZXN0cz0iVHJ1ZSIgRm9sbG93UmVkaXJlY3RzPSJUcnVlIiBSZWNvcmRSZXN1bHQ9IlRydWUiIENhY2hlPSJGYWxzZSIgUmVzcG9uc2VUaW1lR29hbD0iMCIgRW5jb2Rpbmc9InV0Zi04IiBFeHBlY3RlZEh0dHBTdGF0dXNDb2RlPSIwIiBFeHBlY3RlZFJlc3BvbnNlVXJsPSIiIFJlcG9ydGluZ05hbWU9IiIgSWdub3JlSHR0cFN0YXR1c0NvZGU9IkZhbHNlIj4NCiAgICAgIDxEZXBlbmRlbnRSZXF1ZXN0cz4NCiAgICAgICAgPFJlcXVlc3QgTWV0aG9kPSJHRVQiIEd1aWQ9ImViN2I2OGVmLTFlNTItNDcyNi04MjBiLWZiNzU1MjUxMDg2ZSIgVmVyc2lvbj0iMS4xIiBVcmw9Imh0dHA6Ly9wYXJ0c3VubGltaXRlZGUyZWRlbW8uYXp1cmV3ZWJzaXRlcy5uZXQvZm9udHMvZ2x5cGhpY29ucy1oYWxmbGluZ3MtcmVndWxhci5lb3QiIFRoaW5rVGltZT0iMyIgVGltZW91dD0iMzAwIiBQYXJzZURlcGVuZGVudFJlcXVlc3RzPSJUcnVlIiBGb2xsb3dSZWRpcmVjdHM9IlRydWUiIFJlY29yZFJlc3VsdD0iVHJ1ZSIgQ2FjaGU9IkZhbHNlIiBSZXNwb25zZVRpbWVHb2FsPSIwIiBFbmNvZGluZz0idXRmLTgiIEV4cGVjdGVkSHR0cFN0YXR1c0NvZGU9IjAiIEV4cGVjdGVkUmVzcG9uc2VVcmw9IiIgUmVwb3J0aW5nTmFtZT0iIiBJZ25vcmVIdHRwU3RhdHVzQ29kZT0iRmFsc2UiPg0KICAgICAgICAgIDxIZWFkZXJzPg0KICAgICAgICAgICAgPEhlYWRlciBOYW1lPSJSZWZlcmVyIiBWYWx1ZT0iaHR0cDovL3BhcnRzdW5saW1pdGVkZTJlZGVtby5henVyZXdlYnNpdGVzLm5ldC9TdG9yZS9EZXRhaWxzLzE1IiAvPg0KICAgICAgICAgIDwvSGVhZGVycz4NCiAgICAgICAgICA8UXVlcnlTdHJpbmdQYXJhbWV0ZXJzPg0KICAgICAgICAgICAgPFF1ZXJ5U3RyaW5nUGFyYW1ldGVyIE5hbWU9IiIgVmFsdWU9IiIgUmVjb3JkZWRWYWx1ZT0iIiBDb3JyZWxhdGlvbkJpbmRpbmc9IiIgVXJsRW5jb2RlPSJGYWxzZSIgVXNlVG9Hcm91cFJlc3VsdHM9IkZhbHNlIiAvPg0KICAgICAgICAgIDwvUXVlcnlTdHJpbmdQYXJhbWV0ZXJzPg0KICAgICAgICA8L1JlcXVlc3Q+DQogICAgICA8L0RlcGVuZGVudFJlcXVlc3RzPg0KICAgICAgPEhlYWRlcnM+DQogICAgICAgIDxIZWFkZXIgTmFtZT0iUmVmZXJlciIgVmFsdWU9Imh0dHA6Ly9wYXJ0c3VubGltaXRlZGUyZWRlbW8uYXp1cmV3ZWJzaXRlcy5uZXQvU3RvcmUvQnJvd3NlP0NhdGVnb3J5SWQ9NCIgLz4NCiAgICAgIDwvSGVhZGVycz4NCiAgICA8L1JlcXVlc3Q+DQogICAgPFJlcXVlc3QgTWV0aG9kPSJHRVQiIEd1aWQ9IjI4MDliNjIzLWI1NmItNGQyNC05NjE3LTc0NGRhNDBiY2FmYSIgVmVyc2lvbj0iMS4xIiBVcmw9Imh0dHA6Ly9wYXJ0c3VubGltaXRlZGUyZWRlbW8uYXp1cmV3ZWJzaXRlcy5uZXQvU2hvcHBpbmdDYXJ0L0FkZFRvQ2FydC8xNSIgVGhpbmtUaW1lPSIwIiBUaW1lb3V0PSIzMDAiIFBhcnNlRGVwZW5kZW50UmVxdWVzdHM9IlRydWUiIEZvbGxvd1JlZGlyZWN0cz0iVHJ1ZSIgUmVjb3JkUmVzdWx0PSJUcnVlIiBDYWNoZT0iRmFsc2UiIFJlc3BvbnNlVGltZUdvYWw9IjAiIEVuY29kaW5nPSJ1dGYtOCIgRXhwZWN0ZWRIdHRwU3RhdHVzQ29kZT0iMCIgRXhwZWN0ZWRSZXNwb25zZVVybD0iaHR0cDovL3BhcnRzdW5saW1pdGVkZTJlZGVtby5henVyZXdlYnNpdGVzLm5ldC9TaG9wcGluZ0NhcnQiIFJlcG9ydGluZ05hbWU9IiIgSWdub3JlSHR0cFN0YXR1c0NvZGU9IkZhbHNlIj4NCiAgICAgIDxEZXBlbmRlbnRSZXF1ZXN0cz4NCiAgICAgICAgPFJlcXVlc3QgTWV0aG9kPSJHRVQiIEd1aWQ9IjM2NmU3OGY1LWYxZTMtNDA0MC1hOWVlLWZkYjA3OTZmMmRiMSIgVmVyc2lvbj0iMS4xIiBVcmw9Imh0dHA6Ly9wYXJ0c3VubGltaXRlZGUyZWRlbW8uYXp1cmV3ZWJzaXRlcy5uZXQvZm9udHMvZ2x5cGhpY29ucy1oYWxmbGluZ3MtcmVndWxhci5lb3QiIFRoaW5rVGltZT0iMCIgVGltZW91dD0iMzAwIiBQYXJzZURlcGVuZGVudFJlcXVlc3RzPSJUcnVlIiBGb2xsb3dSZWRpcmVjdHM9IlRydWUiIFJlY29yZFJlc3VsdD0iVHJ1ZSIgQ2FjaGU9IkZhbHNlIiBSZXNwb25zZVRpbWVHb2FsPSIwIiBFbmNvZGluZz0idXRmLTgiIEV4cGVjdGVkSHR0cFN0YXR1c0NvZGU9IjAiIEV4cGVjdGVkUmVzcG9uc2VVcmw9IiIgUmVwb3J0aW5nTmFtZT0iIiBJZ25vcmVIdHRwU3RhdHVzQ29kZT0iRmFsc2UiPg0KICAgICAgICAgIDxIZWFkZXJzPg0KICAgICAgICAgICAgPEhlYWRlciBOYW1lPSJSZWZlcmVyIiBWYWx1ZT0iaHR0cDovL3BhcnRzdW5saW1pdGVkZTJlZGVtby5henVyZXdlYnNpdGVzLm5ldC9TaG9wcGluZ0NhcnQiIC8+DQogICAgICAgICAgPC9IZWFkZXJzPg0KICAgICAgICAgIDxRdWVyeVN0cmluZ1BhcmFtZXRlcnM+DQogICAgICAgICAgICA8UXVlcnlTdHJpbmdQYXJhbWV0ZXIgTmFtZT0iIiBWYWx1ZT0iIiBSZWNvcmRlZFZhbHVlPSIiIENvcnJlbGF0aW9uQmluZGluZz0iIiBVcmxFbmNvZGU9IkZhbHNlIiBVc2VUb0dyb3VwUmVzdWx0cz0iRmFsc2UiIC8+DQogICAgICAgICAgPC9RdWVyeVN0cmluZ1BhcmFtZXRlcnM+DQogICAgICAgIDwvUmVxdWVzdD4NCiAgICAgIDwvRGVwZW5kZW50UmVxdWVzdHM+DQogICAgICA8SGVhZGVycz4NCiAgICAgICAgPEhlYWRlciBOYW1lPSJSZWZlcmVyIiBWYWx1ZT0iaHR0cDovL3BhcnRzdW5saW1pdGVkZTJlZGVtby5henVyZXdlYnNpdGVzLm5ldC9TdG9yZS9EZXRhaWxzLzE1IiAvPg0KICAgICAgPC9IZWFkZXJzPg0KICAgIDwvUmVxdWVzdD4NCiAgICA8UmVxdWVzdCBNZXRob2Q9IlBPU1QiIEd1aWQ9IjU1MTM4Yzc2LThjMWItNGVmYy05ZGE0LWJhZDU5YjJhNDgwYSIgVmVyc2lvbj0iMS4xIiBVcmw9Imh0dHBzOi8vZGMuc2VydmljZXMudmlzdWFsc3R1ZGlvLmNvbS92Mi90cmFjayIgVGhpbmtUaW1lPSIwIiBUaW1lb3V0PSIzMDAiIFBhcnNlRGVwZW5kZW50UmVxdWVzdHM9IlRydWUiIEZvbGxvd1JlZGlyZWN0cz0iVHJ1ZSIgUmVjb3JkUmVzdWx0PSJUcnVlIiBDYWNoZT0iRmFsc2UiIFJlc3BvbnNlVGltZUdvYWw9IjAiIEVuY29kaW5nPSJ1dGYtOCIgRXhwZWN0ZWRIdHRwU3RhdHVzQ29kZT0iMCIgRXhwZWN0ZWRSZXNwb25zZVVybD0iIiBSZXBvcnRpbmdOYW1lPSIiIElnbm9yZUh0dHBTdGF0dXNDb2RlPSJGYWxzZSI+DQogICAgICA8SGVhZGVycz4NCiAgICAgICAgPEhlYWRlciBOYW1lPSJSZWZlcmVyIiBWYWx1ZT0iaHR0cDovL3BhcnRzdW5saW1pdGVkZTJlZGVtby5henVyZXdlYnNpdGVzLm5ldC9TaG9wcGluZ0NhcnQiIC8+DQogICAgICA8L0hlYWRlcnM+DQogICAgICA8U3RyaW5nSHR0cEJvZHkgQ29udGVudFR5cGU9ImFwcGxpY2F0aW9uL2pzb24iIEluc2VydEJ5dGVPcmRlck1hcms9IkZhbHNlIj5Xd0I3QUNJQWRBQnBBRzBBWlFBaUFEb0FJZ0F5QURBQU1RQTNBQzBBTUFBeEFDMEFNZ0ExQUZRQU1BQTJBRG9BTXdBNUFEb0FNZ0F5QUM0QU5BQTRBRGtBV2dBaUFDd0FJZ0JwQUVzQVpRQjVBQ0lBT2dBaUFETUFOQUF6QUdFQU5BQXpBRFFBTVFBdEFHRUFNUUF5QURRQUxRQTBBRE1BTXdBM0FDMEFPQUF4QURNQU1nQXRBRE1BTUFBNUFHRUFZd0F3QURrQU53QXlBREFBTVFBMEFDSUFMQUFpQUc0QVlRQnRBR1VBSWdBNkFDSUFUUUJwQUdNQWNnQnZBSE1BYndCbUFIUUFMZ0JCQUhBQWNBQnNBR2tBWXdCaEFIUUFhUUJ2QUc0QVNRQnVBSE1BYVFCbkFHZ0FkQUJ6QUM0QU13QTBBRE1BWVFBMEFETUFOQUF4QUdFQU1RQXlBRFFBTkFBekFETUFOd0E0QURFQU13QXlBRE1BTUFBNUFHRUFZd0F3QURrQU53QXlBREFBTVFBMEFDNEFSUUI0QUdNQVpRQndBSFFBYVFCdkFHNEFJZ0FzQUNJQWRBQmhBR2NBY3dBaUFEb0Fld0FpQUdFQWFRQXVBSE1BWlFCekFITUFhUUJ2QUc0QUxnQnBBR1FBSWdBNkFDSUFOQUJJQUVJQVZ3QjZBQ0lBTEFBaUFHRUFhUUF1QUdRQVpRQjJBR2tBWXdCbEFDNEFhUUJrQUNJQU9nQWlBR0lBY2dCdkFIY0Fjd0JsQUhJQUlnQXNBQ0lBWVFCcEFDNEFaQUJsQUhZQWFRQmpBR1VBTGdCMEFIa0FjQUJsQUNJQU9nQWlBRUlBY2dCdkFIY0Fjd0JsQUhJQUlnQXNBQ0lBWVFCcEFDNEFhUUJ1QUhRQVpRQnlBRzRBWVFCc0FDNEFZUUJuQUdVQWJnQjBBRllBWlFCeUFITUFhUUJ2QUc0QUlnQTZBQ0lBY3dCdUFHa0FjQUJ3QUdVQWRBQTZBREVBTGdBd0FDSUFMQUFpQUdFQWFRQXVBR2tBYmdCMEFHVUFjZ0J1QUdFQWJBQXVBSE1BWkFCckFGWUFaUUJ5QUhNQWFRQnZBRzRBSWdBNkFDSUFhZ0JoQUhZQVlRQnpBR01BY2dCcEFIQUFkQUE2QURFQUxnQXdBQzRBTndBaUFDd0FJZ0JoQUdrQUxnQjFBSE1BWlFCeUFDNEFhUUJrQUNJQU9nQWlBRXNBTndCVUFEUUFSZ0FpQUN3QUlnQmhBR2tBTGdCdkFIQUFaUUJ5QUdFQWRBQnBBRzhBYmdBdUFHa0FaQUFpQURvQUlnQjFBR29BZVFBd0FFZ0FJZ0FzQUNJQVlRQnBBQzRBYndCd0FHVUFjZ0JoQUhRQWFRQnZBRzRBTGdCdUFHRUFiUUJsQUNJQU9nQWlBQzhBVXdCb0FHOEFjQUJ3QUdrQWJnQm5BRU1BWVFCeUFIUUFJZ0I5QUN3QUlnQmtBR0VBZEFCaEFDSUFPZ0I3QUNJQVlnQmhBSE1BWlFCVUFIa0FjQUJsQUNJQU9nQWlBRVVBZUFCakFHVUFjQUIwQUdrQWJ3QnVBRVFBWVFCMEFHRUFJZ0FzQUNJQVlnQmhBSE1BWlFCRUFHRUFkQUJoQUNJQU9nQjdBQ0lBZGdCbEFISUFJZ0E2QURJQUxBQWlBR2dBWVFCdUFHUUFiQUJsQUdRQVFRQjBBQ0lBT2dBaUFIVUFiZ0JvQUdFQWJnQmtBR3dBWlFCa0FDSUFMQUFpQUdVQWVBQmpBR1VBY0FCMEFHa0Fid0J1QUhNQUlnQTZBRnNBZXdBaUFIUUFlUUJ3QUdVQVRnQmhBRzBBWlFBaUFEb0FJZ0JVQUhrQWNBQmxBRVVBY2dCeUFHOEFjZ0FpQUN3QUlnQnRBR1VBY3dCekFHRUFad0JsQUNJQU9nQWlBRlVBYmdCaEFHSUFiQUJsQUNBQWRBQnZBQ0FBWndCbEFIUUFJQUJ3QUhJQWJ3QndBR1VBY2dCMEFIa0FJQUFuQUdNQWJBQnBBR1VBYmdCMEFDY0FJQUJ2QUdZQUlBQjFBRzRBWkFCbEFHWUFhUUJ1QUdVQVpBQWdBRzhBY2dBZ0FHNEFkUUJzQUd3QUlBQnlBR1VBWmdCbEFISUFaUUJ1QUdNQVpRQWlBQ3dBSWdCb0FHRUFjd0JHQUhVQWJBQnNBRk1BZEFCaEFHTUFhd0FpQURvQWRBQnlBSFVBWlFBc0FDSUFjd0IwQUdFQVl3QnJBQ0lBT2dBaUFGUUFlUUJ3QUdVQVJRQnlBSElBYndCeUFEb0FJQUJWQUc0QVlRQmlBR3dBWlFBZ0FIUUFid0FnQUdjQVpRQjBBQ0FBY0FCeUFHOEFjQUJsQUhJQWRBQjVBQ0FBSndCakFHd0FhUUJsQUc0QWRBQW5BQ0FBYndCbUFDQUFkUUJ1QUdRQVpRQm1BR2tBYmdCbEFHUUFJQUJ2QUhJQUlBQnVBSFVBYkFCc0FDQUFjZ0JsQUdZQVpRQnlBR1VBYmdCakFHVUFYQUJ1QUNBQUlBQWdBR0VBZEFBZ0FFRUFiZ0J2QUc0QWVRQnRBRzhBZFFCekFDQUFaZ0IxQUc0QVl3QjBBR2tBYndCdUFDQUFLQUJvQUhRQWRBQndBRG9BTHdBdkFIQUFZUUJ5QUhRQWN3QjFBRzRBYkFCcEFHMEFhUUIwQUdVQVpBQmxBRElBWlFCa0FHVUFiUUJ2QUM0QVlRQjZBSFVBY2dCbEFIY0FaUUJpQUhNQWFRQjBBR1VBY3dBdUFHNEFaUUIwQUM4QVlnQjFBRzRBWkFCc0FHVUFjd0F2QUhNQWFRQjBBR1VBUHdCMkFEMEFOZ0JhQUVJQVJnQkhBR0VBTUFCd0FESUFNQUJqQUVVQVZnQnBBRFFBVFFCVEFFY0FkQUJqQUZNQVRnQkpBRFlBYkFCR0FHY0FhQUEzQUU0QVVnQkJBR0VBUXdBNUFHSUFWQUIwQUZNQVFnQlJBRlVBV1FBeEFEb0FNUUE2QURNQU1BQTBBQ2tBWEFCdUFDQUFJQUFnQUdFQWRBQWdBR0VBSUFBb0FHZ0FkQUIwQUhBQU9nQXZBQzhBY0FCaEFISUFkQUJ6QUhVQWJnQnNBR2tBYlFCcEFIUUFaUUJrQUdVQU1nQmxBR1FBWlFCdEFHOEFMZ0JoQUhvQWRRQnlBR1VBZHdCbEFHSUFjd0JwQUhRQVpRQnpBQzRBYmdCbEFIUUFMd0JpQUhVQWJnQmtBR3dBWlFCekFDOEFhZ0J4QUhVQVpRQnlBSGtBUHdCMkFEMEFZd0J4QUcwQU13QnlBRVlBZWdCeUFFZ0FZUUJ0QUdjQVNBQjVBR1VBT1FCd0FIZ0FOZ0JIQURnQVJ3QkVBRGdBVUFCa0FHTUFUZ0IxQUc4QWJBQklBRGdBY1FCNkFIRUFTd0JQQUd3QVRBQllBR29BWndBeEFEb0FNUUE2QURFQU9BQXlBRFVBT1FBcEFGd0FiZ0FnQUNBQUlBQmhBSFFBSUFCb0FDNEFaZ0JwQUhJQVpRQlhBR2tBZEFCb0FDQUFLQUJvQUhRQWRBQndBRG9BTHdBdkFIQUFZUUJ5QUhRQWN3QjFBRzRBYkFCcEFHMEFhUUIwQUdVQVpBQmxBRElBWlFCa0FHVUFiUUJ2QUM0QVlRQjZBSFVBY2dCbEFIY0FaUUJpQUhNQWFRQjBBR1VBY3dBdUFHNEFaUUIwQUM4QVlnQjFBRzRBWkFCc0FHVUFjd0F2QUdvQWNRQjFBR1VBY2dCNUFEOEFkZ0E5QUdNQWNRQnRBRE1BY2dCR0FIb0FjZ0JJQUdFQWJRQm5BRWdBZVFCbEFEa0FjQUI0QURZQVJ3QTRBRWNBUkFBNEFGQUFaQUJqQUU0QWRRQnZBR3dBU0FBNEFIRUFlZ0J4QUVzQVR3QnNBRXdBV0FCcUFHY0FNUUE2QURFQU9nQXhBRGtBTUFBd0FESUFLUUJjQUc0QUlBQWdBQ0FBWVFCMEFDQUFjZ0JsQUdFQVpBQjVBQ0FBS0FCb0FIUUFkQUJ3QURvQUx3QXZBSEFBWVFCeUFIUUFjd0IxQUc0QWJBQnBBRzBBYVFCMEFHVUFaQUJsQURJQVpRQmtBR1VBYlFCdkFDNEFZUUI2QUhVQWNnQmxBSGNBWlFCaUFITUFhUUIwQUdVQWN3QXVBRzRBWlFCMEFDOEFZZ0IxQUc0QVpBQnNBR1VBY3dBdkFHb0FjUUIxQUdVQWNnQjVBRDhBZGdBOUFHTUFjUUJ0QURNQWNnQkdBSG9BY2dCSUFHRUFiUUJuQUVnQWVRQmxBRGtBY0FCNEFEWUFSd0E0QUVjQVJBQTRBRkFBWkFCakFFNEFkUUJ2QUd3QVNBQTRBSEVBZWdCeEFFc0FUd0JzQUV3QVdBQnFBR2NBTVFBNkFERUFPZ0F4QURNQU9BQTVBRFFBS1FCY0FHNEFJQUFnQUNBQVlRQjBBQ0FBYUFBZ0FDZ0FhQUIwQUhRQWNBQTZBQzhBTHdCd0FHRUFjZ0IwQUhNQWRRQnVBR3dBYVFCdEFHa0FkQUJsQUdRQVpRQXlBR1VBWkFCbEFHMEFid0F1QUdFQWVnQjFBSElBWlFCM0FHVUFZZ0J6QUdrQWRBQmxBSE1BTGdCdUFHVUFkQUF2QUdJQWRRQnVBR1FBYkFCbEFITUFMd0JxQUhFQWRRQmxBSElBZVFBL0FIWUFQUUJqQUhFQWJRQXpBSElBUmdCNkFISUFTQUJoQUcwQVp3QklBSGtBWlFBNUFIQUFlQUEyQUVjQU9BQkhBRVFBT0FCUUFHUUFZd0JPQUhVQWJ3QnNBRWdBT0FCeEFIb0FjUUJMQUU4QWJBQk1BRmdBYWdCbkFERUFPZ0F4QURvQU1RQXhBRElBT1FBd0FDa0FJZ0FzQUNJQWNBQmhBSElBY3dCbEFHUUFVd0IwQUdFQVl3QnJBQ0lBT2dCYkFIc0FJZ0JzQUdVQWRnQmxBR3dBSWdBNkFEQUFMQUFpQUcwQVpRQjBBR2dBYndCa0FDSUFPZ0FpQUVFQWJnQnZBRzRBZVFCdEFHOEFkUUJ6QUNBQVpnQjFBRzRBWXdCMEFHa0Fid0J1QUNJQUxBQWlBR0VBY3dCekFHVUFiUUJpQUd3QWVRQWlBRG9BSWdCaEFIUUFJQUJCQUc0QWJ3QnVBSGtBYlFCdkFIVUFjd0FnQUdZQWRRQnVBR01BZEFCcEFHOEFiZ0FnQUNnQWFBQjBBSFFBY0FBNkFDOEFMd0J3QUdFQWNnQjBBSE1BZFFCdUFHd0FhUUJ0QUdrQWRBQmxBR1FBWlFBeUFHVUFaQUJsQUcwQWJ3QXVBR0VBZWdCMUFISUFaUUIzQUdVQVlnQnpBR2tBZEFCbEFITUFMZ0J1QUdVQWRBQXZBR0lBZFFCdUFHUUFiQUJsQUhNQUx3QnpBR2tBZEFCbEFEOEFkZ0E5QURZQVdnQkNBRVlBUndCaEFEQUFjQUF5QURBQVl3QkZBRllBYVFBMEFFMEFVd0JIQUhRQVl3QlRBRTRBU1FBMkFHd0FSZ0JuQUdnQU53Qk9BRklBUVFCaEFFTUFPUUJpQUZRQWRBQlRBRUlBVVFCVkFGa0FNUUE2QURFQU9nQXpBREFBTkFBcEFDSUFMQUFpQUdZQWFRQnNBR1VBVGdCaEFHMEFaUUFpQURvQUlnQm9BSFFBZEFCd0FEb0FMd0F2QUhBQVlRQnlBSFFBY3dCMUFHNEFiQUJwQUcwQWFRQjBBR1VBWkFCbEFESUFaUUJrQUdVQWJRQnZBQzRBWVFCNkFIVUFjZ0JsQUhjQVpRQmlBSE1BYVFCMEFHVUFjd0F1QUc0QVpRQjBBQzhBWWdCMUFHNEFaQUJzQUdVQWN3QXZBSE1BYVFCMEFHVUFQd0IyQUQwQU5nQmFBRUlBUmdCSEFHRUFNQUJ3QURJQU1BQmpBRVVBVmdCcEFEUUFUUUJUQUVjQWRBQmpBRk1BVGdCSkFEWUFiQUJHQUdjQWFBQTNBRTRBVWdCQkFHRUFRd0E1QUdJQVZBQjBBRk1BUWdCUkFGVUFXUUF4QUNJQUxBQWlBR3dBYVFCdUFHVUFJZ0E2QURFQWZRQXNBSHNBSWdCc0FHVUFkZ0JsQUd3QUlnQTZBREVBTEFBaUFHMEFaUUIwQUdnQWJ3QmtBQ0lBT2dBaUFHRUFJZ0FzQUNJQVlRQnpBSE1BWlFCdEFHSUFiQUI1QUNJQU9nQWlBR0VBZEFBZ0FHRUFJQUFvQUdnQWRBQjBBSEFBT2dBdkFDOEFjQUJoQUhJQWRBQnpBSFVBYmdCc0FHa0FiUUJwQUhRQVpRQmtBR1VBTWdCbEFHUUFaUUJ0QUc4QUxnQmhBSG9BZFFCeUFHVUFkd0JsQUdJQWN3QnBBSFFBWlFCekFDNEFiZ0JsQUhRQUx3QmlBSFVBYmdCa0FHd0FaUUJ6QUM4QWFnQnhBSFVBWlFCeUFIa0FQd0IyQUQwQVl3QnhBRzBBTXdCeUFFWUFlZ0J5QUVnQVlRQnRBR2NBU0FCNUFHVUFPUUJ3QUhnQU5nQkhBRGdBUndCRUFEZ0FVQUJrQUdNQVRnQjFBRzhBYkFCSUFEZ0FjUUI2QUhFQVN3QlBBR3dBVEFCWUFHb0Fad0F4QURvQU1RQTZBREVBT0FBeUFEVUFPUUFwQUNJQUxBQWlBR1lBYVFCc0FHVUFUZ0JoQUcwQVpRQWlBRG9BSWdCb0FIUUFkQUJ3QURvQUx3QXZBSEFBWVFCeUFIUUFjd0IxQUc0QWJBQnBBRzBBYVFCMEFHVUFaQUJsQURJQVpRQmtBR1VBYlFCdkFDNEFZUUI2QUhVQWNnQmxBSGNBWlFCaUFITUFhUUIwQUdVQWN3QXVBRzRBWlFCMEFDOEFZZ0IxQUc0QVpBQnNBR1VBY3dBdkFHb0FjUUIxQUdVQWNnQjVBRDhBZGdBOUFHTUFjUUJ0QURNQWNnQkdBSG9BY2dCSUFHRUFiUUJuQUVnQWVRQmxBRGtBY0FCNEFEWUFSd0E0QUVjQVJBQTRBRkFBWkFCakFFNEFkUUJ2QUd3QVNBQTRBSEVBZWdCeEFFc0FUd0JzQUV3QVdBQnFBR2NBTVFBaUFDd0FJZ0JzQUdrQWJnQmxBQ0lBT2dBeEFIMEFMQUI3QUNJQWJBQmxBSFlBWlFCc0FDSUFPZ0F5QUN3QUlnQnRBR1VBZEFCb0FHOEFaQUFpQURvQUlnQm9BQzRBWmdCcEFISUFaUUJYQUdrQWRBQm9BQ0lBTEFBaUFHRUFjd0J6QUdVQWJRQmlBR3dBZVFBaUFEb0FJZ0JoQUhRQUlBQm9BQzRBWmdCcEFISUFaUUJYQUdrQWRBQm9BQ0FBS0FCb0FIUUFkQUJ3QURvQUx3QXZBSEFBWVFCeUFIUUFjd0IxQUc0QWJBQnBBRzBBYVFCMEFHVUFaQUJsQURJQVpRQmtBR1VBYlFCdkFDNEFZUUI2QUhVQWNnQmxBSGNBWlFCaUFITUFhUUIwQUdVQWN3QXVBRzRBWlFCMEFDOEFZZ0IxQUc0QVpBQnNBR1VBY3dBdkFHb0FjUUIxQUdVQWNnQjVBRDhBZGdBOUFHTUFjUUJ0QURNQWNnQkdBSG9BY2dCSUFHRUFiUUJuQUVnQWVRQmxBRGtBY0FCNEFEWUFSd0E0QUVjQVJBQTRBRkFBWkFCakFFNEFkUUJ2QUd3QVNBQTRBSEVBZWdCeEFFc0FUd0JzQUV3QVdBQnFBR2NBTVFBNkFERUFPZ0F4QURrQU1BQXdBRElBS1FBaUFDd0FJZ0JtQUdrQWJBQmxBRTRBWVFCdEFHVUFJZ0E2QUNJQWFBQjBBSFFBY0FBNkFDOEFMd0J3QUdFQWNnQjBBSE1BZFFCdUFHd0FhUUJ0QUdrQWRBQmxBR1FBWlFBeUFHVUFaQUJsQUcwQWJ3QXVBR0VBZWdCMUFISUFaUUIzQUdVQVlnQnpBR2tBZEFCbEFITUFMZ0J1QUdVQWRBQXZBR0lBZFFCdUFHUUFiQUJsQUhNQUx3QnFBSEVBZFFCbEFISUFlUUEvQUhZQVBRQmpBSEVBYlFBekFISUFSZ0I2QUhJQVNBQmhBRzBBWndCSUFIa0FaUUE1QUhBQWVBQTJBRWNBT0FCSEFFUUFPQUJRQUdRQVl3Qk9BSFVBYndCc0FFZ0FPQUJ4QUhvQWNRQkxBRThBYkFCTUFGZ0FhZ0JuQURFQUlnQXNBQ0lBYkFCcEFHNEFaUUFpQURvQU1RQjlBQ3dBZXdBaUFHd0FaUUIyQUdVQWJBQWlBRG9BTXdBc0FDSUFiUUJsQUhRQWFBQnZBR1FBSWdBNkFDSUFjZ0JsQUdFQVpBQjVBQ0lBTEFBaUFHRUFjd0J6QUdVQWJRQmlBR3dBZVFBaUFEb0FJZ0JoQUhRQUlBQnlBR1VBWVFCa0FIa0FJQUFvQUdnQWRBQjBBSEFBT2dBdkFDOEFjQUJoQUhJQWRBQnpBSFVBYmdCc0FHa0FiUUJwQUhRQVpRQmtBR1VBTWdCbEFHUUFaUUJ0QUc4QUxnQmhBSG9BZFFCeUFHVUFkd0JsQUdJQWN3QnBBSFFBWlFCekFDNEFiZ0JsQUhRQUx3QmlBSFVBYmdCa0FHd0FaUUJ6QUM4QWFnQnhBSFVBWlFCeUFIa0FQd0IyQUQwQVl3QnhBRzBBTXdCeUFFWUFlZ0J5QUVnQVlRQnRBR2NBU0FCNUFHVUFPUUJ3QUhnQU5nQkhBRGdBUndCRUFEZ0FVQUJrQUdNQVRnQjFBRzhBYkFCSUFEZ0FjUUI2QUhFQVN3QlBBR3dBVEFCWUFHb0Fad0F4QURvQU1RQTZBREVBTXdBNEFEa0FOQUFwQUNJQUxBQWlBR1lBYVFCc0FHVUFUZ0JoQUcwQVpRQWlBRG9BSWdCb0FIUUFkQUJ3QURvQUx3QXZBSEFBWVFCeUFIUUFjd0IxQUc0QWJBQnBBRzBBYVFCMEFHVUFaQUJsQURJQVpRQmtBR1VBYlFCdkFDNEFZUUI2QUhVQWNnQmxBSGNBWlFCaUFITUFhUUIwQUdVQWN3QXVBRzRBWlFCMEFDOEFZZ0IxQUc0QVpBQnNBR1VBY3dBdkFHb0FjUUIxQUdVQWNnQjVBRDhBZGdBOUFHTUFjUUJ0QURNQWNnQkdBSG9BY2dCSUFHRUFiUUJuQUVnQWVRQmxBRGtBY0FCNEFEWUFSd0E0QUVjQVJBQTRBRkFBWkFCakFFNEFkUUJ2QUd3QVNBQTRBSEVBZWdCeEFFc0FUd0JzQUV3QVdBQnFBR2NBTVFBaUFDd0FJZ0JzQUdrQWJnQmxBQ0lBT2dBeEFIMEFMQUI3QUNJQWJBQmxBSFlBWlFCc0FDSUFPZ0EwQUN3QUlnQnRBR1VBZEFCb0FHOEFaQUFpQURvQUlnQm9BQ0lBTEFBaUFHRUFjd0J6QUdVQWJRQmlBR3dBZVFBaUFEb0FJZ0JoQUhRQUlBQm9BQ0FBS0FCb0FIUUFkQUJ3QURvQUx3QXZBSEFBWVFCeUFIUUFjd0IxQUc0QWJBQnBBRzBBYVFCMEFHVUFaQUJsQURJQVpRQmtBR1VBYlFCdkFDNEFZUUI2QUhVQWNnQmxBSGNBWlFCaUFITUFhUUIwQUdVQWN3QXVBRzRBWlFCMEFDOEFZZ0IxQUc0QVpBQnNBR1VBY3dBdkFHb0FjUUIxQUdVQWNnQjVBRDhBZGdBOUFHTUFjUUJ0QURNQWNnQkdBSG9BY2dCSUFHRUFiUUJuQUVnQWVRQmxBRGtBY0FCNEFEWUFSd0E0QUVjQVJBQTRBRkFBWkFCakFFNEFkUUJ2QUd3QVNBQTRBSEVBZWdCeEFFc0FUd0JzQUV3QVdBQnFBR2NBTVFBNkFERUFPZ0F4QURFQU1nQTVBREFBS1FBaUFDd0FJZ0JtQUdrQWJBQmxBRTRBWVFCdEFHVUFJZ0E2QUNJQWFBQjBBSFFBY0FBNkFDOEFMd0J3QUdFQWNnQjBBSE1BZFFCdUFHd0FhUUJ0QUdrQWRBQmxBR1FBWlFBeUFHVUFaQUJsQUcwQWJ3QXVBR0VBZWdCMUFISUFaUUIzQUdVQVlnQnpBR2tBZEFCbEFITUFMZ0J1QUdVQWRBQXZBR0lBZFFCdUFHUUFiQUJsQUhNQUx3QnFBSEVBZFFCbEFISUFlUUEvQUhZQVBRQmpBSEVBYlFBekFISUFSZ0I2QUhJQVNBQmhBRzBBWndCSUFIa0FaUUE1QUhBQWVBQTJBRWNBT0FCSEFFUUFPQUJRQUdRQVl3Qk9BSFVBYndCc0FFZ0FPQUJ4QUhvQWNRQkxBRThBYkFCTUFGZ0FhZ0JuQURFQUlnQXNBQ0lBYkFCcEFHNEFaUUFpQURvQU1RQjlBRjBBZlFCZEFDd0FJZ0J3QUhJQWJ3QndBR1VBY2dCMEFHa0FaUUJ6QUNJQU9nQjdBQ0lBZFFCeUFHd0FJZ0E2QUNJQWFBQjBBSFFBY0FBNkFDOEFMd0J3QUdFQWNnQjBBSE1BZFFCdUFHd0FhUUJ0QUdrQWRBQmxBR1FBWlFBeUFHVUFaQUJsQUcwQWJ3QXVBR0VBZWdCMUFISUFaUUIzQUdVQVlnQnpBR2tBZEFCbEFITUFMZ0J1QUdVQWRBQXZBR0lBZFFCdUFHUUFiQUJsQUhNQUx3QnpBR2tBZEFCbEFEOEFkZ0E5QURZQVdnQkNBRVlBUndCaEFEQUFjQUF5QURBQVl3QkZBRllBYVFBMEFFMEFVd0JIQUhRQVl3QlRBRTRBU1FBMkFHd0FSZ0JuQUdnQU53Qk9BRklBUVFCaEFFTUFPUUJpQUZRQWRBQlRBRUlBVVFCVkFGa0FNUUFpQUgwQWZRQjlBSDBBTEFCN0FDSUFkQUJwQUcwQVpRQWlBRG9BSWdBeUFEQUFNUUEzQUMwQU1BQXhBQzBBTWdBMUFGUUFNQUEyQURvQU13QTVBRG9BTWdBeUFDNEFOUUEwQURVQVdnQWlBQ3dBSWdCcEFFc0FaUUI1QUNJQU9nQWlBRE1BTkFBekFHRUFOQUF6QURRQU1RQXRBR0VBTVFBeUFEUUFMUUEwQURNQU13QTNBQzBBT0FBeEFETUFNZ0F0QURNQU1BQTVBR0VBWXdBd0FEa0FOd0F5QURBQU1RQTBBQ0lBTEFBaUFHNEFZUUJ0QUdVQUlnQTZBQ0lBVFFCcEFHTUFjZ0J2QUhNQWJ3Qm1BSFFBTGdCQkFIQUFjQUJzQUdrQVl3QmhBSFFBYVFCdkFHNEFTUUJ1QUhNQWFRQm5BR2dBZEFCekFDNEFNd0EwQURNQVlRQTBBRE1BTkFBeEFHRUFNUUF5QURRQU5BQXpBRE1BTndBNEFERUFNd0F5QURNQU1BQTVBR0VBWXdBd0FEa0FOd0F5QURBQU1RQTBBQzRBVUFCaEFHY0FaUUIyQUdrQVpRQjNBQ0lBTEFBaUFIUUFZUUJuQUhNQUlnQTZBSHNBSWdCaEFHa0FMZ0J6QUdVQWN3QnpBR2tBYndCdUFDNEFhUUJrQUNJQU9nQWlBRFFBU0FCQ0FGY0FlZ0FpQUN3QUlnQmhBR2tBTGdCa0FHVUFkZ0JwQUdNQVpRQXVBR2tBWkFBaUFEb0FJZ0JpQUhJQWJ3QjNBSE1BWlFCeUFDSUFMQUFpQUdFQWFRQXVBR1FBWlFCMkFHa0FZd0JsQUM0QWRBQjVBSEFBWlFBaUFEb0FJZ0JDQUhJQWJ3QjNBSE1BWlFCeUFDSUFMQUFpQUdFQWFRQXVBR2tBYmdCMEFHVUFjZ0J1QUdFQWJBQXVBR0VBWndCbEFHNEFkQUJXQUdVQWNnQnpBR2tBYndCdUFDSUFPZ0FpQUhNQWJnQnBBSEFBY0FCbEFIUUFPZ0F4QUM0QU1BQWlBQ3dBSWdCaEFHa0FMZ0JwQUc0QWRBQmxBSElBYmdCaEFHd0FMZ0J6QUdRQWF3QldBR1VBY2dCekFHa0Fid0J1QUNJQU9nQWlBR29BWVFCMkFHRUFjd0JqQUhJQWFRQndBSFFBT2dBeEFDNEFNQUF1QURjQUlnQXNBQ0lBWVFCcEFDNEFkUUJ6QUdVQWNnQXVBR2tBWkFBaUFEb0FJZ0JMQURjQVZBQTBBRVlBSWdBc0FDSUFZUUJwQUM0QWJ3QndBR1VBY2dCaEFIUUFhUUJ2QUc0QUxnQnBBR1FBSWdBNkFDSUFkUUJxQUhrQU1BQklBQ0lBTEFBaUFHRUFhUUF1QUc4QWNBQmxBSElBWVFCMEFHa0Fid0J1QUM0QWJnQmhBRzBBWlFBaUFEb0FJZ0F2QUZNQWFBQnZBSEFBY0FCcEFHNEFad0JEQUdFQWNnQjBBQ0lBZlFBc0FDSUFaQUJoQUhRQVlRQWlBRG9BZXdBaUFHSUFZUUJ6QUdVQVZBQjVBSEFBWlFBaUFEb0FJZ0JRQUdFQVp3QmxBSFlBYVFCbEFIY0FSQUJoQUhRQVlRQWlBQ3dBSWdCaUFHRUFjd0JsQUVRQVlRQjBBR0VBSWdBNkFIc0FJZ0IyQUdVQWNnQWlBRG9BTWdBc0FDSUFiZ0JoQUcwQVpRQWlBRG9BSWdCVEFHZ0Fid0J3QUhBQWFRQnVBR2NBSUFCREFHRUFjZ0IwQUNBQUV5QWdBRkFBWVFCeUFIUUFjd0FnQUZVQWJnQnNBR2tBYlFCcEFIUUFaUUJrQUNJQUxBQWlBSFVBY2dCc0FDSUFPZ0FpQUdnQWRBQjBBSEFBT2dBdkFDOEFjQUJoQUhJQWRBQnpBSFVBYmdCc0FHa0FiUUJwQUhRQVpRQmtBR1VBTWdCbEFHUUFaUUJ0QUc4QUxnQmhBSG9BZFFCeUFHVUFkd0JsQUdJQWN3QnBBSFFBWlFCekFDNEFiZ0JsQUhRQUx3QlRBR2dBYndCd0FIQUFhUUJ1QUdjQVF3QmhBSElBZEFBaUFDd0FJZ0JrQUhVQWNnQmhBSFFBYVFCdkFHNEFJZ0E2QUNJQU1BQXdBRG9BTUFBd0FEb0FNQUF5QUM0QU1nQXdBRGNBSWdCOUFIMEFmUUFzQUhzQUlnQjBBR2tBYlFCbEFDSUFPZ0FpQURJQU1BQXhBRGNBTFFBd0FERUFMUUF5QURVQVZBQXdBRFlBT2dBekFEa0FPZ0F5QURJQUxnQTFBRFFBTmdCYUFDSUFMQUFpQUdrQVN3QmxBSGtBSWdBNkFDSUFNd0EwQURNQVlRQTBBRE1BTkFBeEFDMEFZUUF4QURJQU5BQXRBRFFBTXdBekFEY0FMUUE0QURFQU13QXlBQzBBTXdBd0FEa0FZUUJqQURBQU9RQTNBRElBTUFBeEFEUUFJZ0FzQUNJQWJnQmhBRzBBWlFBaUFEb0FJZ0JOQUdrQVl3QnlBRzhBY3dCdkFHWUFkQUF1QUVFQWNBQndBR3dBYVFCakFHRUFkQUJwQUc4QWJnQkpBRzRBY3dCcEFHY0FhQUIwQUhNQUxnQXpBRFFBTXdCaEFEUUFNd0EwQURFQVlRQXhBRElBTkFBMEFETUFNd0EzQURnQU1RQXpBRElBTXdBd0FEa0FZUUJqQURBQU9RQTNBRElBTUFBeEFEUUFMZ0JRQUdFQVp3QmxBSFlBYVFCbEFIY0FVQUJsQUhJQVpnQnZBSElBYlFCaEFHNEFZd0JsQUNJQUxBQWlBSFFBWVFCbkFITUFJZ0E2QUhzQUlnQmhBR2tBTGdCekFHVUFjd0J6QUdrQWJ3QnVBQzRBYVFCa0FDSUFPZ0FpQURRQVNBQkNBRmNBZWdBaUFDd0FJZ0JoQUdrQUxnQmtBR1VBZGdCcEFHTUFaUUF1QUdrQVpBQWlBRG9BSWdCaUFISUFid0IzQUhNQVpRQnlBQ0lBTEFBaUFHRUFhUUF1QUdRQVpRQjJBR2tBWXdCbEFDNEFkQUI1QUhBQVpRQWlBRG9BSWdCQ0FISUFid0IzQUhNQVpRQnlBQ0lBTEFBaUFHRUFhUUF1QUdrQWJnQjBBR1VBY2dCdUFHRUFiQUF1QUdFQVp3QmxBRzRBZEFCV0FHVUFjZ0J6QUdrQWJ3QnVBQ0lBT2dBaUFITUFiZ0JwQUhBQWNBQmxBSFFBT2dBeEFDNEFNQUFpQUN3QUlnQmhBR2tBTGdCcEFHNEFkQUJsQUhJQWJnQmhBR3dBTGdCekFHUUFhd0JXQUdVQWNnQnpBR2tBYndCdUFDSUFPZ0FpQUdvQVlRQjJBR0VBY3dCakFISUFhUUJ3QUhRQU9nQXhBQzRBTUFBdUFEY0FJZ0FzQUNJQVlRQnBBQzRBZFFCekFHVUFjZ0F1QUdrQVpBQWlBRG9BSWdCTEFEY0FWQUEwQUVZQUlnQXNBQ0lBWVFCcEFDNEFid0J3QUdVQWNnQmhBSFFBYVFCdkFHNEFMZ0JwQUdRQUlnQTZBQ0lBZFFCcUFIa0FNQUJJQUNJQUxBQWlBR0VBYVFBdUFHOEFjQUJsQUhJQVlRQjBBR2tBYndCdUFDNEFiZ0JoQUcwQVpRQWlBRG9BSWdBdkFGTUFhQUJ2QUhBQWNBQnBBRzRBWndCREFHRUFjZ0IwQUNJQWZRQXNBQ0lBWkFCaEFIUUFZUUFpQURvQWV3QWlBR0lBWVFCekFHVUFWQUI1QUhBQVpRQWlBRG9BSWdCUUFHRUFad0JsQUhZQWFRQmxBSGNBVUFCbEFISUFaZ0J2QUhJQWJRQmhBRzRBWXdCbEFFUUFZUUIwQUdFQUlnQXNBQ0lBWWdCaEFITUFaUUJFQUdFQWRBQmhBQ0lBT2dCN0FDSUFkZ0JsQUhJQUlnQTZBRElBTEFBaUFHNEFZUUJ0QUdVQUlnQTZBQ0lBVXdCb0FHOEFjQUJ3QUdrQWJnQm5BQ0FBUXdCaEFISUFkQUFnQUJNZ0lBQlFBR0VBY2dCMEFITUFJQUJWQUc0QWJBQnBBRzBBYVFCMEFHVUFaQUFpQUN3QUlnQjFBSElBYkFBaUFEb0FJZ0JvQUhRQWRBQndBRG9BTHdBdkFIQUFZUUJ5QUhRQWN3QjFBRzRBYkFCcEFHMEFhUUIwQUdVQVpBQmxBRElBWlFCa0FHVUFiUUJ2QUM0QVlRQjZBSFVBY2dCbEFIY0FaUUJpQUhNQWFRQjBBR1VBY3dBdUFHNEFaUUIwQUM4QVV3Qm9BRzhBY0FCd0FHa0FiZ0JuQUVNQVlRQnlBSFFBSWdBc0FDSUFaQUIxQUhJQVlRQjBBR2tBYndCdUFDSUFPZ0FpQURBQU1BQTZBREFBTUFBNkFEQUFNZ0F1QURJQU1BQTNBQ0lBTEFBaUFIQUFaUUJ5QUdZQVZBQnZBSFFBWVFCc0FDSUFPZ0FpQURBQU1BQTZBREFBTUFBNkFEQUFNZ0F1QURJQU1BQTNBQ0lBTEFBaUFHNEFaUUIwQUhjQWJ3QnlBR3NBUXdCdkFHNEFiZ0JsQUdNQWRBQWlBRG9BSWdBd0FEQUFPZ0F3QURBQU9nQXdBREVBTGdBMkFEVUFOZ0FpQUN3QUlnQnpBR1VBYmdCMEFGSUFaUUJ4QUhVQVpRQnpBSFFBSWdBNkFDSUFNQUF3QURvQU1BQXdBRG9BTUFBd0FDNEFNQUF3QURnQUlnQXNBQ0lBY2dCbEFHTUFaUUJwQUhZQVpRQmtBRklBWlFCekFIQUFid0J1QUhNQVpRQWlBRG9BSWdBd0FEQUFPZ0F3QURBQU9nQXdBREFBTGdBd0FEQUFPUUFpQUN3QUlnQmtBRzhBYlFCUUFISUFid0JqQUdVQWN3QnpBR2tBYmdCbkFDSUFPZ0FpQURBQU1BQTZBREFBTUFBNkFEQUFNQUF1QURVQU13QXpBQ0lBZlFCOUFIMEFYUUE9PC9TdHJpbmdIdHRwQm9keT4NCiAgICA8L1JlcXVlc3Q+DQogIDwvSXRlbXM+DQogIDxWYWxpZGF0aW9uUnVsZXM+DQogICAgPFZhbGlkYXRpb25SdWxlIENsYXNzbmFtZT0iTWljcm9zb2Z0LlZpc3VhbFN0dWRpby5UZXN0VG9vbHMuV2ViVGVzdGluZy5SdWxlcy5WYWxpZGF0ZVJlc3BvbnNlVXJsLCBNaWNyb3NvZnQuVmlzdWFsU3R1ZGlvLlF1YWxpdHlUb29scy5XZWJUZXN0RnJhbWV3b3JrLCBWZXJzaW9uPTEwLjAuMC4wLCBDdWx0dXJlPW5ldXRyYWwsIFB1YmxpY0tleVRva2VuPWIwM2Y1ZjdmMTFkNTBhM2EiIERpc3BsYXlOYW1lPSJSZXNwb25zZSBVUkwiIERlc2NyaXB0aW9uPSJWYWxpZGF0ZXMgdGhhdCB0aGUgcmVzcG9uc2UgVVJMIGFmdGVyIHJlZGlyZWN0cyBhcmUgZm9sbG93ZWQgaXMgdGhlIHNhbWUgYXMgdGhlIHJlY29yZGVkIHJlc3BvbnNlIFVSTC4gIFF1ZXJ5U3RyaW5nIHBhcmFtZXRlcnMgYXJlIGlnbm9yZWQuIiBMZXZlbD0iTG93IiBFeGVjdHVpb25PcmRlcj0iQmVmb3JlRGVwZW5kZW50cyIgLz4NCiAgICA8VmFsaWRhdGlvblJ1bGUgQ2xhc3NuYW1lPSJNaWNyb3NvZnQuVmlzdWFsU3R1ZGlvLlRlc3RUb29scy5XZWJUZXN0aW5nLlJ1bGVzLlZhbGlkYXRpb25SdWxlUmVzcG9uc2VUaW1lR29hbCwgTWljcm9zb2Z0LlZpc3VhbFN0dWRpby5RdWFsaXR5VG9vbHMuV2ViVGVzdEZyYW1ld29yaywgVmVyc2lvbj0xMC4wLjAuMCwgQ3VsdHVyZT1uZXV0cmFsLCBQdWJsaWNLZXlUb2tlbj1iMDNmNWY3ZjExZDUwYTNhIiBEaXNwbGF5TmFtZT0iUmVzcG9uc2UgVGltZSBHb2FsIiBEZXNjcmlwdGlvbj0iVmFsaWRhdGVzIHRoYXQgdGhlIHJlc3BvbnNlIHRpbWUgZm9yIHRoZSByZXF1ZXN0IGlzIGxlc3MgdGhhbiBvciBlcXVhbCB0byB0aGUgcmVzcG9uc2UgdGltZSBnb2FsIGFzIHNwZWNpZmllZCBvbiB0aGUgcmVxdWVzdC4gIFJlc3BvbnNlIHRpbWUgZ29hbHMgb2YgemVybyB3aWxsIGJlIGlnbm9yZWQuIiBMZXZlbD0iTG93IiBFeGVjdHVpb25PcmRlcj0iQWZ0ZXJEZXBlbmRlbnRzIj4NCiAgICAgIDxSdWxlUGFyYW1ldGVycz4NCiAgICAgICAgPFJ1bGVQYXJhbWV0ZXIgTmFtZT0iVG9sZXJhbmNlIiBWYWx1ZT0iMCIgLz4NCiAgICAgIDwvUnVsZVBhcmFtZXRlcnM+DQogICAgPC9WYWxpZGF0aW9uUnVsZT4NCiAgPC9WYWxpZGF0aW9uUnVsZXM+DQo8L1dlYlRlc3Q+">
      <Execution id="aeaa76dd-8e16-4e4b-a876-f5df4563e2e6" />
    </WebTest>
  </TestDefinitions>
  <TestLists>
    <TestList name="Results Not in a List" id="8c84fa94-04c1-424b-9868-57a2d4851a1d" />
    <TestList name="All Loaded Results" id="19431567-8539-422a-85d7-44ee4e166bda" />
  </TestLists>
  <TestEntries>
    <TestEntry isTransparent="false" testId="496c3879-affb-4ed3-9fbd-87389667b71d" executionId="aeaa76dd-8e16-4e4b-a876-f5df4563e2e6" testListId="8c84fa94-04c1-424b-9868-57a2d4851a1d" />
  </TestEntries>
  <Results>
    <WebTestResult executionId="aeaa76dd-8e16-4e4b-a876-f5df4563e2e6" testId="496c3879-affb-4ed3-9fbd-87389667b71d" testName="WebTest3" computerName="SWATHI" duration="00:00:09.3196862" startTime="2017-01-25T12:09:26.3702797+05:30" endTime="2017-01-25T12:09:46.3228578+05:30" testType="4e7599fa-5ecb-43e9-a887-cd63cf72d207" outcome="Passed" testListId="8c84fa94-04c1-424b-9868-57a2d4851a1d" relativeResultsDirectory="aeaa76dd-8e16-4e4b-a876-f5df4563e2e6">
      <ResultFiles>
        <ResultFile path="WebTest3.webtestResult" />
      </ResultFiles>
      <TestSettings name="Local" id="8b69c781-d4d4-4580-a862-165b7125fe4c">
        <Description>These are default test settings for a local test run.</Description>
        <Execution>
          <TestTypeSpecific>
            <WebTestRunConfiguration testTypeId="4e7599fa-5ecb-43e9-a887-cd63cf72d207">
              <Browser name="Internet Explorer 9.0" MaxConnections="6">
                <Headers>
                  <Header name="User-Agent" value="Mozilla/5.0 (compatible; MSIE 9.0; Windows NT 6.1; Trident/5.0)" />
                  <Header name="Accept" value="*/*" />
                  <Header name="Accept-Language" value="{{$IEAcceptLanguage}}" />
                  <Header name="Accept-Encoding" value="GZIP" />
                </Headers>
              </Browser>
            </WebTestRunConfiguration>
          </TestTypeSpecific>
          <AgentRule name="Execution Agents">
          </AgentRule>
        </Execution>
        <Deployment runDeploymentRoot="srivatsam_SWATHI 2017-01-25 12_09_25" />
        <Properties>
          <Property name="TestSettingsUIType" value="LoadTest" />
        </Properties>
      </TestSettings>
      <WebTestResultFilePath>srivatsam_SWATHI 2017-01-25 12_09_25\In\aeaa76dd-8e16-4e4b-a876-f5df4563e2e6\WebTest3.webtestResult</WebTestResultFilePath>
    </WebTestResult>
  </Results>
</TestRun>