<?xml version="1.0" encoding="UTF-8"?>
<TestRun id="be7e7a7c-6413-4da0-9db8-47d586e7066b" name="srivatsam@SWATHI 2017-01-25 12:26:27" runUser="CANARYS\srivatsam" xmlns="http://microsoft.com/schemas/VisualStudio/TeamTest/2010">
  <TestSettings name="Local" id="8b69c781-d4d4-4580-a862-165b7125fe4c">
    <Description>These are default test settings for a local test run.</Description>
    <Execution>
      <TestTypeSpecific>
        <WebTestRunConfiguration testTypeId="4e7599fa-5ecb-43e9-a887-cd63cf72d207">
          <Browser name="Internet Explorer 9.0" MaxConnections="6">
            <Headers>
              <Header name="User-Agent" value="Mozilla/5.0 (compatible; MSIE 9.0; Windows NT 6.1; Trident/5.0)" />
              <Header name="Accept" value="*/*" />
              <Header name="Accept-Language" value="{{$IEAcceptLanguage}}" />
              <Header name="Accept-Encoding" value="GZIP" />
            </Headers>
          </Browser>
        </WebTestRunConfiguration>
      </TestTypeSpecific>
      <AgentRule name="Execution Agents">
      </AgentRule>
    </Execution>
    <Deployment runDeploymentRoot="srivatsam_SWATHI 2017-01-25 12_26_27" />
    <Properties>
      <Property name="TestSettingsUIType" value="LoadTest" />
    </Properties>
  </TestSettings>
  <Times creation="2017-01-25T12:26:27.1711856+05:30" queuing="2017-01-25T12:26:27.5306846+05:30" start="2017-01-25T12:26:27.6391863+05:30" finish="2017-01-25T12:29:59.3287612+05:30" />
  <ResultSummary outcome="Completed">
    <Counters total="1" error="0" failed="0" timeout="0" aborted="0" inconclusive="0" passedButRunAborted="0" notRunnable="0" notExecuted="0" disconnected="0" warning="0" passed="0" completed="0" inProgress="0" pending="0" />
  </ResultSummary>
  <TestDefinitions>
    <WebTest name="WebTest2" storage="c:\users\srivatsam\documents\visual studio 2017\projects\pul\pul\webtest2.webtest" id="bbc941ee-8db9-4789-95a8-272eeb3733da" persistedWebTest="77u/PD94bWwgdmVyc2lvbj0iMS4wIiBlbmNvZGluZz0iVVRGLTgiIHN0YW5kYWxvbmU9InllcyI/Pg0KPFdlYlRlc3QgTmFtZT0iV2ViVGVzdDIiIElkPSJiYmM5NDFlZS04ZGI5LTQ3ODktOTVhOC0yNzJlZWIzNzMzZGEiIE93bmVyPSIiIFByaW9yaXR5PSIyMTQ3NDgzNjQ3IiBFbmFibGVkPSJUcnVlIiBDc3NQcm9qZWN0U3RydWN0dXJlPSIiIENzc0l0ZXJhdGlvbj0iIiBUaW1lb3V0PSIwIiBXb3JrSXRlbUlkcz0iIiB4bWxucz0iaHR0cDovL21pY3Jvc29mdC5jb20vc2NoZW1hcy9WaXN1YWxTdHVkaW8vVGVhbVRlc3QvMjAxMCIgRGVzY3JpcHRpb249IiIgQ3JlZGVudGlhbFVzZXJOYW1lPSIiIENyZWRlbnRpYWxQYXNzd29yZD0iIiBQcmVBdXRoZW50aWNhdGU9IlRydWUiIFByb3h5PSJkZWZhdWx0IiBTdG9wT25FcnJvcj0iRmFsc2UiIFJlY29yZGVkUmVzdWx0RmlsZT0iV2ViVGVzdDIuOTM3YmY2MGQtYmVkMC00N2RiLWI0MDItZjFkN2Q2Mzk1ODI3LnJlYy53ZWJ0ZXN0cmVzdWx0IiBSZXN1bHRzTG9jYWxlPSIiPg0KICA8SXRlbXM+DQogICAgPFJlcXVlc3QgTWV0aG9kPSJHRVQiIEd1aWQ9IjE0M2U3NTgwLTY5NjEtNDdjOC05NTNjLTViOTdmZTA5OTRiMCIgVmVyc2lvbj0iMS4xIiBVcmw9Imh0dHA6Ly9hcGkuYmluZy5jb20vcXNtbC5hc3B4IiBUaGlua1RpbWU9IjEiIFRpbWVvdXQ9IjMwMCIgUGFyc2VEZXBlbmRlbnRSZXF1ZXN0cz0iVHJ1ZSIgRm9sbG93UmVkaXJlY3RzPSJUcnVlIiBSZWNvcmRSZXN1bHQ9IlRydWUiIENhY2hlPSJGYWxzZSIgUmVzcG9uc2VUaW1lR29hbD0iMCIgRW5jb2Rpbmc9InV0Zi04IiBFeHBlY3RlZEh0dHBTdGF0dXNDb2RlPSIwIiBFeHBlY3RlZFJlc3BvbnNlVXJsPSIiIFJlcG9ydGluZ05hbWU9IiIgSWdub3JlSHR0cFN0YXR1c0NvZGU9IkZhbHNlIj4NCiAgICAgIDxRdWVyeVN0cmluZ1BhcmFtZXRlcnM+DQogICAgICAgIDxRdWVyeVN0cmluZ1BhcmFtZXRlciBOYW1lPSJxdWVyeSIgVmFsdWU9InAiIFJlY29yZGVkVmFsdWU9InAiIENvcnJlbGF0aW9uQmluZGluZz0iIiBVcmxFbmNvZGU9IkZhbHNlIiBVc2VUb0dyb3VwUmVzdWx0cz0iRmFsc2UiIC8+DQogICAgICAgIDxRdWVyeVN0cmluZ1BhcmFtZXRlciBOYW1lPSJtYXh3aWR0aCIgVmFsdWU9IjMyNzY1IiBSZWNvcmRlZFZhbHVlPSIzMjc2NSIgQ29ycmVsYXRpb25CaW5kaW5nPSIiIFVybEVuY29kZT0iRmFsc2UiIFVzZVRvR3JvdXBSZXN1bHRzPSJGYWxzZSIgLz4NCiAgICAgICAgPFF1ZXJ5U3RyaW5nUGFyYW1ldGVyIE5hbWU9InJvd2hlaWdodCIgVmFsdWU9IjIwIiBSZWNvcmRlZFZhbHVlPSIyMCIgQ29ycmVsYXRpb25CaW5kaW5nPSIiIFVybEVuY29kZT0iRmFsc2UiIFVzZVRvR3JvdXBSZXN1bHRzPSJGYWxzZSIgLz4NCiAgICAgICAgPFF1ZXJ5U3RyaW5nUGFyYW1ldGVyIE5hbWU9InNlY3Rpb25IZWlnaHQiIFZhbHVlPSIxNjAiIFJlY29yZGVkVmFsdWU9IjE2MCIgQ29ycmVsYXRpb25CaW5kaW5nPSIiIFVybEVuY29kZT0iRmFsc2UiIFVzZVRvR3JvdXBSZXN1bHRzPSJGYWxzZSIgLz4NCiAgICAgICAgPFF1ZXJ5U3RyaW5nUGFyYW1ldGVyIE5hbWU9IkZPUk0iIFZhbHVlPSJJRVNTMDIiIFJlY29yZGVkVmFsdWU9IklFU1MwMiIgQ29ycmVsYXRpb25CaW5kaW5nPSIiIFVybEVuY29kZT0iRmFsc2UiIFVzZVRvR3JvdXBSZXN1bHRzPSJGYWxzZSIgLz4NCiAgICAgICAgPFF1ZXJ5U3RyaW5nUGFyYW1ldGVyIE5hbWU9Im1hcmtldCIgVmFsdWU9ImVuLVVTIiBSZWNvcmRlZFZhbHVlPSJlbi1VUyIgQ29ycmVsYXRpb25CaW5kaW5nPSIiIFVybEVuY29kZT0iRmFsc2UiIFVzZVRvR3JvdXBSZXN1bHRzPSJGYWxzZSIgLz4NCiAgICAgIDwvUXVlcnlTdHJpbmdQYXJhbWV0ZXJzPg0KICAgIDwvUmVxdWVzdD4NCiAgICA8UmVxdWVzdCBNZXRob2Q9IkdFVCIgR3VpZD0iZjBlZjhjZmYtYjg2MC00NjNkLWFjMDEtMWY2N2JjMTA0OTEzIiBWZXJzaW9uPSIxLjEiIFVybD0iaHR0cDovL3BhcnRzdW5saW1pdGVkZTJlZGVtby5henVyZXdlYnNpdGVzLm5ldC8iIFRoaW5rVGltZT0iMCIgVGltZW91dD0iMzAwIiBQYXJzZURlcGVuZGVudFJlcXVlc3RzPSJUcnVlIiBGb2xsb3dSZWRpcmVjdHM9IlRydWUiIFJlY29yZFJlc3VsdD0iVHJ1ZSIgQ2FjaGU9IkZhbHNlIiBSZXNwb25zZVRpbWVHb2FsPSIwIiBFbmNvZGluZz0idXRmLTgiIEV4cGVjdGVkSHR0cFN0YXR1c0NvZGU9IjAiIEV4cGVjdGVkUmVzcG9uc2VVcmw9IiIgUmVwb3J0aW5nTmFtZT0iIiBJZ25vcmVIdHRwU3RhdHVzQ29kZT0iRmFsc2UiPg0KICAgICAgPERlcGVuZGVudFJlcXVlc3RzPg0KICAgICAgICA8UmVxdWVzdCBNZXRob2Q9IkdFVCIgR3VpZD0iZDc2MDdlN2UtOTI0Yi00MDIwLWI3ZDktNzFkMjU3YTU5MDU0IiBWZXJzaW9uPSIxLjEiIFVybD0iaHR0cDovL3BhcnRzdW5saW1pdGVkZTJlZGVtby5henVyZXdlYnNpdGVzLm5ldC9mb250cy9nbHlwaGljb25zLWhhbGZsaW5ncy1yZWd1bGFyLmVvdCIgVGhpbmtUaW1lPSIwIiBUaW1lb3V0PSIzMDAiIFBhcnNlRGVwZW5kZW50UmVxdWVzdHM9IlRydWUiIEZvbGxvd1JlZGlyZWN0cz0iVHJ1ZSIgUmVjb3JkUmVzdWx0PSJUcnVlIiBDYWNoZT0iRmFsc2UiIFJlc3BvbnNlVGltZUdvYWw9IjAiIEVuY29kaW5nPSJ1dGYtOCIgRXhwZWN0ZWRIdHRwU3RhdHVzQ29kZT0iMCIgRXhwZWN0ZWRSZXNwb25zZVVybD0iIiBSZXBvcnRpbmdOYW1lPSIiIElnbm9yZUh0dHBTdGF0dXNDb2RlPSJGYWxzZSI+DQogICAgICAgICAgPEhlYWRlcnM+DQogICAgICAgICAgICA8SGVhZGVyIE5hbWU9IlJlZmVyZXIiIFZhbHVlPSJodHRwOi8vcGFydHN1bmxpbWl0ZWRlMmVkZW1vLmF6dXJld2Vic2l0ZXMubmV0LyIgLz4NCiAgICAgICAgICA8L0hlYWRlcnM+DQogICAgICAgICAgPFF1ZXJ5U3RyaW5nUGFyYW1ldGVycz4NCiAgICAgICAgICAgIDxRdWVyeVN0cmluZ1BhcmFtZXRlciBOYW1lPSIiIFZhbHVlPSIiIFJlY29yZGVkVmFsdWU9IiIgQ29ycmVsYXRpb25CaW5kaW5nPSIiIFVybEVuY29kZT0iRmFsc2UiIFVzZVRvR3JvdXBSZXN1bHRzPSJGYWxzZSIgLz4NCiAgICAgICAgICA8L1F1ZXJ5U3RyaW5nUGFyYW1ldGVycz4NCiAgICAgICAgPC9SZXF1ZXN0Pg0KICAgICAgPC9EZXBlbmRlbnRSZXF1ZXN0cz4NCiAgICAgIDxDb3JyZWxhdGlvbkV4dHJhY3Rpb25SdWxlcz4NCiAgICAgICAgPEV4dHJhY3Rpb25SdWxlIENsYXNzbmFtZT0iTWljcm9zb2Z0LlZpc3VhbFN0dWRpby5UZXN0VG9vbHMuV2ViVGVzdGluZy5SdWxlcy5FeHRyYWN0VGV4dCwgTWljcm9zb2Z0LlZpc3VhbFN0dWRpby5RdWFsaXR5VG9vbHMuV2ViVGVzdEZyYW1ld29yaywgVmVyc2lvbj0xMC4wLjAuMCwgQ3VsdHVyZT1uZXV0cmFsLCBQdWJsaWNLZXlUb2tlbj1iMDNmNWY3ZjExZDUwYTNhIiBWYXJpYWJsZU5hbWU9IlF1ZXJ5U3RyaW5nUGFyYW0xLkNhdGVnb3J5SWQiIERpc3BsYXlOYW1lPSIiIERlc2NyaXB0aW9uPSIiPg0KICAgICAgICAgIDxSdWxlUGFyYW1ldGVycz4NCiAgICAgICAgICAgIDxSdWxlUGFyYW1ldGVyIE5hbWU9IlN0YXJ0c1dpdGgiIFZhbHVlPSI/Q2F0ZWdvcnlJZD0iIC8+DQogICAgICAgICAgICA8UnVsZVBhcmFtZXRlciBOYW1lPSJFbmRzV2l0aCIgVmFsdWU9IiZxdW90OyIgLz4NCiAgICAgICAgICAgIDxSdWxlUGFyYW1ldGVyIE5hbWU9IkluZGV4IiBWYWx1ZT0iMiIgLz4NCiAgICAgICAgICAgIDxSdWxlUGFyYW1ldGVyIE5hbWU9Iklnbm9yZUNhc2UiIFZhbHVlPSJGYWxzZSIgLz4NCiAgICAgICAgICAgIDxSdWxlUGFyYW1ldGVyIE5hbWU9IlVzZVJlZ3VsYXJFeHByZXNzaW9uIiBWYWx1ZT0iRmFsc2UiIC8+DQogICAgICAgICAgICA8UnVsZVBhcmFtZXRlciBOYW1lPSJIdG1sRGVjb2RlIiBWYWx1ZT0iVHJ1ZSIgLz4NCiAgICAgICAgICAgIDxSdWxlUGFyYW1ldGVyIE5hbWU9IlJlcXVpcmVkIiBWYWx1ZT0iRmFsc2UiIC8+DQogICAgICAgICAgPC9SdWxlUGFyYW1ldGVycz4NCiAgICAgICAgPC9FeHRyYWN0aW9uUnVsZT4NCiAgICAgIDwvQ29ycmVsYXRpb25FeHRyYWN0aW9uUnVsZXM+DQogICAgPC9SZXF1ZXN0Pg0KICAgIDxSZXF1ZXN0IE1ldGhvZD0iT1BUSU9OUyIgR3VpZD0iMjdjMWE0ZmYtM2RjOS00YTU5LWFkMjktNDQ3ZDk1NzhmZTU0IiBWZXJzaW9uPSIxLjEiIFVybD0iaHR0cHM6Ly9kYy5zZXJ2aWNlcy52aXN1YWxzdHVkaW8uY29tL3YyL3RyYWNrIiBUaGlua1RpbWU9IjIiIFRpbWVvdXQ9IjMwMCIgUGFyc2VEZXBlbmRlbnRSZXF1ZXN0cz0iVHJ1ZSIgRm9sbG93UmVkaXJlY3RzPSJUcnVlIiBSZWNvcmRSZXN1bHQ9IlRydWUiIENhY2hlPSJGYWxzZSIgUmVzcG9uc2VUaW1lR29hbD0iMCIgRW5jb2Rpbmc9InV0Zi04IiBFeHBlY3RlZEh0dHBTdGF0dXNDb2RlPSIwIiBFeHBlY3RlZFJlc3BvbnNlVXJsPSIiIFJlcG9ydGluZ05hbWU9IiIgSWdub3JlSHR0cFN0YXR1c0NvZGU9IkZhbHNlIj4NCiAgICAgIDxTdHJpbmdIdHRwQm9keSBDb250ZW50VHlwZT0iIiBJbnNlcnRCeXRlT3JkZXJNYXJrPSJGYWxzZSI+DQogICAgICA8L1N0cmluZ0h0dHBCb2R5Pg0KICAgIDwvUmVxdWVzdD4NCiAgICA8UmVxdWVzdCBNZXRob2Q9IkdFVCIgR3VpZD0iYjQ0MzMxMjEtYjJmYi00YmE1LWE4MTktOTk3YzhmYzM5MTJjIiBWZXJzaW9uPSIxLjEiIFVybD0iaHR0cDovL3BhcnRzdW5saW1pdGVkZTJlZGVtby5henVyZXdlYnNpdGVzLm5ldC9TdG9yZS9Ccm93c2UiIFRoaW5rVGltZT0iMCIgVGltZW91dD0iMzAwIiBQYXJzZURlcGVuZGVudFJlcXVlc3RzPSJUcnVlIiBGb2xsb3dSZWRpcmVjdHM9IlRydWUiIFJlY29yZFJlc3VsdD0iVHJ1ZSIgQ2FjaGU9IkZhbHNlIiBSZXNwb25zZVRpbWVHb2FsPSIwIiBFbmNvZGluZz0idXRmLTgiIEV4cGVjdGVkSHR0cFN0YXR1c0NvZGU9IjAiIEV4cGVjdGVkUmVzcG9uc2VVcmw9IiIgUmVwb3J0aW5nTmFtZT0iIiBJZ25vcmVIdHRwU3RhdHVzQ29kZT0iRmFsc2UiPg0KICAgICAgPERlcGVuZGVudFJlcXVlc3RzPg0KICAgICAgICA8UmVxdWVzdCBNZXRob2Q9IkdFVCIgR3VpZD0iNWU5YjdmMTAtM2QzMy00MjdhLTg5ZGEtYTQ4MmVhOWI1OWFmIiBWZXJzaW9uPSIxLjEiIFVybD0iaHR0cDovL3BhcnRzdW5saW1pdGVkZTJlZGVtby5henVyZXdlYnNpdGVzLm5ldC9mb250cy9nbHlwaGljb25zLWhhbGZsaW5ncy1yZWd1bGFyLmVvdCIgVGhpbmtUaW1lPSIxMSIgVGltZW91dD0iMzAwIiBQYXJzZURlcGVuZGVudFJlcXVlc3RzPSJUcnVlIiBGb2xsb3dSZWRpcmVjdHM9IlRydWUiIFJlY29yZFJlc3VsdD0iVHJ1ZSIgQ2FjaGU9IkZhbHNlIiBSZXNwb25zZVRpbWVHb2FsPSIwIiBFbmNvZGluZz0idXRmLTgiIEV4cGVjdGVkSHR0cFN0YXR1c0NvZGU9IjAiIEV4cGVjdGVkUmVzcG9uc2VVcmw9IiIgUmVwb3J0aW5nTmFtZT0iIiBJZ25vcmVIdHRwU3RhdHVzQ29kZT0iRmFsc2UiPg0KICAgICAgICAgIDxIZWFkZXJzPg0KICAgICAgICAgICAgPEhlYWRlciBOYW1lPSJSZWZlcmVyIiBWYWx1ZT0iaHR0cDovL3BhcnRzdW5saW1pdGVkZTJlZGVtby5henVyZXdlYnNpdGVzLm5ldC9TdG9yZS9Ccm93c2U/Q2F0ZWdvcnlJZD0zIiAvPg0KICAgICAgICAgIDwvSGVhZGVycz4NCiAgICAgICAgICA8UXVlcnlTdHJpbmdQYXJhbWV0ZXJzPg0KICAgICAgICAgICAgPFF1ZXJ5U3RyaW5nUGFyYW1ldGVyIE5hbWU9IiIgVmFsdWU9IiIgUmVjb3JkZWRWYWx1ZT0iIiBDb3JyZWxhdGlvbkJpbmRpbmc9IiIgVXJsRW5jb2RlPSJGYWxzZSIgVXNlVG9Hcm91cFJlc3VsdHM9IkZhbHNlIiAvPg0KICAgICAgICAgIDwvUXVlcnlTdHJpbmdQYXJhbWV0ZXJzPg0KICAgICAgICA8L1JlcXVlc3Q+DQogICAgICA8L0RlcGVuZGVudFJlcXVlc3RzPg0KICAgICAgPEhlYWRlcnM+DQogICAgICAgIDxIZWFkZXIgTmFtZT0iUmVmZXJlciIgVmFsdWU9Imh0dHA6Ly9wYXJ0c3VubGltaXRlZGUyZWRlbW8uYXp1cmV3ZWJzaXRlcy5uZXQvIiAvPg0KICAgICAgPC9IZWFkZXJzPg0KICAgICAgPFF1ZXJ5U3RyaW5nUGFyYW1ldGVycz4NCiAgICAgICAgPFF1ZXJ5U3RyaW5nUGFyYW1ldGVyIE5hbWU9IkNhdGVnb3J5SWQiIFZhbHVlPSIzIiBSZWNvcmRlZFZhbHVlPSIzIiBDb3JyZWxhdGlvbkJpbmRpbmc9Int7UXVlcnlTdHJpbmdQYXJhbTEuQ2F0ZWdvcnlJZH19IiBVcmxFbmNvZGU9IkZhbHNlIiBVc2VUb0dyb3VwUmVzdWx0cz0iRmFsc2UiIC8+DQogICAgICA8L1F1ZXJ5U3RyaW5nUGFyYW1ldGVycz4NCiAgICA8L1JlcXVlc3Q+DQogICAgPFJlcXVlc3QgTWV0aG9kPSJHRVQiIEd1aWQ9Ijg1ZGNmOTNjLTQ3ZWUtNDJlMC1hN2ZlLTZhMDI4YjY5NjczNiIgVmVyc2lvbj0iMS4xIiBVcmw9Imh0dHA6Ly9wYXJ0c3VubGltaXRlZGUyZWRlbW8uYXp1cmV3ZWJzaXRlcy5uZXQvU3RvcmUvRGV0YWlscy81IiBUaGlua1RpbWU9IjAiIFRpbWVvdXQ9IjMwMCIgUGFyc2VEZXBlbmRlbnRSZXF1ZXN0cz0iVHJ1ZSIgRm9sbG93UmVkaXJlY3RzPSJUcnVlIiBSZWNvcmRSZXN1bHQ9IlRydWUiIENhY2hlPSJGYWxzZSIgUmVzcG9uc2VUaW1lR29hbD0iMCIgRW5jb2Rpbmc9InV0Zi04IiBFeHBlY3RlZEh0dHBTdGF0dXNDb2RlPSIwIiBFeHBlY3RlZFJlc3BvbnNlVXJsPSIiIFJlcG9ydGluZ05hbWU9IiIgSWdub3JlSHR0cFN0YXR1c0NvZGU9IkZhbHNlIj4NCiAgICAgIDxEZXBlbmRlbnRSZXF1ZXN0cz4NCiAgICAgICAgPFJlcXVlc3QgTWV0aG9kPSJHRVQiIEd1aWQ9ImFlZDk1Y2I2LTE5YTAtNDNmZC05ZjMyLTc1MGI4M2Q0OWM0ZSIgVmVyc2lvbj0iMS4xIiBVcmw9Imh0dHA6Ly9wYXJ0c3VubGltaXRlZGUyZWRlbW8uYXp1cmV3ZWJzaXRlcy5uZXQvZm9udHMvZ2x5cGhpY29ucy1oYWxmbGluZ3MtcmVndWxhci5lb3QiIFRoaW5rVGltZT0iMiIgVGltZW91dD0iMzAwIiBQYXJzZURlcGVuZGVudFJlcXVlc3RzPSJUcnVlIiBGb2xsb3dSZWRpcmVjdHM9IlRydWUiIFJlY29yZFJlc3VsdD0iVHJ1ZSIgQ2FjaGU9IkZhbHNlIiBSZXNwb25zZVRpbWVHb2FsPSIwIiBFbmNvZGluZz0idXRmLTgiIEV4cGVjdGVkSHR0cFN0YXR1c0NvZGU9IjAiIEV4cGVjdGVkUmVzcG9uc2VVcmw9IiIgUmVwb3J0aW5nTmFtZT0iIiBJZ25vcmVIdHRwU3RhdHVzQ29kZT0iRmFsc2UiPg0KICAgICAgICAgIDxIZWFkZXJzPg0KICAgICAgICAgICAgPEhlYWRlciBOYW1lPSJSZWZlcmVyIiBWYWx1ZT0iaHR0cDovL3BhcnRzdW5saW1pdGVkZTJlZGVtby5henVyZXdlYnNpdGVzLm5ldC9TdG9yZS9EZXRhaWxzLzUiIC8+DQogICAgICAgICAgPC9IZWFkZXJzPg0KICAgICAgICAgIDxRdWVyeVN0cmluZ1BhcmFtZXRlcnM+DQogICAgICAgICAgICA8UXVlcnlTdHJpbmdQYXJhbWV0ZXIgTmFtZT0iIiBWYWx1ZT0iIiBSZWNvcmRlZFZhbHVlPSIiIENvcnJlbGF0aW9uQmluZGluZz0iIiBVcmxFbmNvZGU9IkZhbHNlIiBVc2VUb0dyb3VwUmVzdWx0cz0iRmFsc2UiIC8+DQogICAgICAgICAgPC9RdWVyeVN0cmluZ1BhcmFtZXRlcnM+DQogICAgICAgIDwvUmVxdWVzdD4NCiAgICAgIDwvRGVwZW5kZW50UmVxdWVzdHM+DQogICAgICA8SGVhZGVycz4NCiAgICAgICAgPEhlYWRlciBOYW1lPSJSZWZlcmVyIiBWYWx1ZT0iaHR0cDovL3BhcnRzdW5saW1pdGVkZTJlZGVtby5henVyZXdlYnNpdGVzLm5ldC9TdG9yZS9Ccm93c2U/Q2F0ZWdvcnlJZD0zIiAvPg0KICAgICAgPC9IZWFkZXJzPg0KICAgIDwvUmVxdWVzdD4NCiAgICA8UmVxdWVzdCBNZXRob2Q9IkdFVCIgR3VpZD0iZWQxNzMzYTMtNDA1Yi00YTdhLTkwYzYtYTZlMjViZDYyMDFmIiBWZXJzaW9uPSIxLjEiIFVybD0iaHR0cDovL3BhcnRzdW5saW1pdGVkZTJlZGVtby5henVyZXdlYnNpdGVzLm5ldC9TaG9wcGluZ0NhcnQvQWRkVG9DYXJ0LzUiIFRoaW5rVGltZT0iMCIgVGltZW91dD0iMzAwIiBQYXJzZURlcGVuZGVudFJlcXVlc3RzPSJUcnVlIiBGb2xsb3dSZWRpcmVjdHM9IlRydWUiIFJlY29yZFJlc3VsdD0iVHJ1ZSIgQ2FjaGU9IkZhbHNlIiBSZXNwb25zZVRpbWVHb2FsPSIwIiBFbmNvZGluZz0idXRmLTgiIEV4cGVjdGVkSHR0cFN0YXR1c0NvZGU9IjAiIEV4cGVjdGVkUmVzcG9uc2VVcmw9Imh0dHA6Ly9wYXJ0c3VubGltaXRlZGUyZWRlbW8uYXp1cmV3ZWJzaXRlcy5uZXQvU2hvcHBpbmdDYXJ0IiBSZXBvcnRpbmdOYW1lPSIiIElnbm9yZUh0dHBTdGF0dXNDb2RlPSJGYWxzZSI+DQogICAgICA8RGVwZW5kZW50UmVxdWVzdHM+DQogICAgICAgIDxSZXF1ZXN0IE1ldGhvZD0iR0VUIiBHdWlkPSJlMTk4MGFkYi00YjJkLTQ3NmEtYjNlMS04NzY3NTlkMDMzMjMiIFZlcnNpb249IjEuMSIgVXJsPSJodHRwOi8vcGFydHN1bmxpbWl0ZWRlMmVkZW1vLmF6dXJld2Vic2l0ZXMubmV0L2ZvbnRzL2dseXBoaWNvbnMtaGFsZmxpbmdzLXJlZ3VsYXIuZW90IiBUaGlua1RpbWU9IjAiIFRpbWVvdXQ9IjMwMCIgUGFyc2VEZXBlbmRlbnRSZXF1ZXN0cz0iVHJ1ZSIgRm9sbG93UmVkaXJlY3RzPSJUcnVlIiBSZWNvcmRSZXN1bHQ9IlRydWUiIENhY2hlPSJGYWxzZSIgUmVzcG9uc2VUaW1lR29hbD0iMCIgRW5jb2Rpbmc9InV0Zi04IiBFeHBlY3RlZEh0dHBTdGF0dXNDb2RlPSIwIiBFeHBlY3RlZFJlc3BvbnNlVXJsPSIiIFJlcG9ydGluZ05hbWU9IiIgSWdub3JlSHR0cFN0YXR1c0NvZGU9IkZhbHNlIj4NCiAgICAgICAgICA8SGVhZGVycz4NCiAgICAgICAgICAgIDxIZWFkZXIgTmFtZT0iUmVmZXJlciIgVmFsdWU9Imh0dHA6Ly9wYXJ0c3VubGltaXRlZGUyZWRlbW8uYXp1cmV3ZWJzaXRlcy5uZXQvU2hvcHBpbmdDYXJ0IiAvPg0KICAgICAgICAgIDwvSGVhZGVycz4NCiAgICAgICAgICA8UXVlcnlTdHJpbmdQYXJhbWV0ZXJzPg0KICAgICAgICAgICAgPFF1ZXJ5U3RyaW5nUGFyYW1ldGVyIE5hbWU9IiIgVmFsdWU9IiIgUmVjb3JkZWRWYWx1ZT0iIiBDb3JyZWxhdGlvbkJpbmRpbmc9IiIgVXJsRW5jb2RlPSJGYWxzZSIgVXNlVG9Hcm91cFJlc3VsdHM9IkZhbHNlIiAvPg0KICAgICAgICAgIDwvUXVlcnlTdHJpbmdQYXJhbWV0ZXJzPg0KICAgICAgICA8L1JlcXVlc3Q+DQogICAgICA8L0RlcGVuZGVudFJlcXVlc3RzPg0KICAgICAgPEhlYWRlcnM+DQogICAgICAgIDxIZWFkZXIgTmFtZT0iUmVmZXJlciIgVmFsdWU9Imh0dHA6Ly9wYXJ0c3VubGltaXRlZGUyZWRlbW8uYXp1cmV3ZWJzaXRlcy5uZXQvU3RvcmUvRGV0YWlscy81IiAvPg0KICAgICAgPC9IZWFkZXJzPg0KICAgIDwvUmVxdWVzdD4NCiAgICA8UmVxdWVzdCBNZXRob2Q9IlBPU1QiIEd1aWQ9Ijc4ODk3MWJiLTk5YWMtNDBiYy05MjgwLWE1MWIyYzg4NDFkMCIgVmVyc2lvbj0iMS4xIiBVcmw9Imh0dHBzOi8vZGMuc2VydmljZXMudmlzdWFsc3R1ZGlvLmNvbS92Mi90cmFjayIgVGhpbmtUaW1lPSIxIiBUaW1lb3V0PSIzMDAiIFBhcnNlRGVwZW5kZW50UmVxdWVzdHM9IlRydWUiIEZvbGxvd1JlZGlyZWN0cz0iVHJ1ZSIgUmVjb3JkUmVzdWx0PSJUcnVlIiBDYWNoZT0iRmFsc2UiIFJlc3BvbnNlVGltZUdvYWw9IjAiIEVuY29kaW5nPSJ1dGYtOCIgRXhwZWN0ZWRIdHRwU3RhdHVzQ29kZT0iMCIgRXhwZWN0ZWRSZXNwb25zZVVybD0iIiBSZXBvcnRpbmdOYW1lPSIiIElnbm9yZUh0dHBTdGF0dXNDb2RlPSJGYWxzZSI+DQogICAgICA8SGVhZGVycz4NCiAgICAgICAgPEhlYWRlciBOYW1lPSJSZWZlcmVyIiBWYWx1ZT0iaHR0cDovL3BhcnRzdW5saW1pdGVkZTJlZGVtby5henVyZXdlYnNpdGVzLm5ldC9TaG9wcGluZ0NhcnQiIC8+DQogICAgICA8L0hlYWRlcnM+DQogICAgICA8U3RyaW5nSHR0cEJvZHkgQ29udGVudFR5cGU9ImFwcGxpY2F0aW9uL2pzb24iIEluc2VydEJ5dGVPcmRlck1hcms9IkZhbHNlIj5Xd0I3QUNJQWRBQnBBRzBBWlFBaUFEb0FJZ0F5QURBQU1RQTNBQzBBTUFBeEFDMEFNZ0ExQUZRQU1BQTJBRG9BTXdBekFEb0FOQUExQUM0QU1RQTJBRFVBV2dBaUFDd0FJZ0JwQUVzQVpRQjVBQ0lBT2dBaUFETUFOQUF6QUdFQU5BQXpBRFFBTVFBdEFHRUFNUUF5QURRQUxRQTBBRE1BTXdBM0FDMEFPQUF4QURNQU1nQXRBRE1BTUFBNUFHRUFZd0F3QURrQU53QXlBREFBTVFBMEFDSUFMQUFpQUc0QVlRQnRBR1VBSWdBNkFDSUFUUUJwQUdNQWNnQnZBSE1BYndCbUFIUUFMZ0JCQUhBQWNBQnNBR2tBWXdCaEFIUUFhUUJ2QUc0QVNRQnVBSE1BYVFCbkFHZ0FkQUJ6QUM0QU13QTBBRE1BWVFBMEFETUFOQUF4QUdFQU1RQXlBRFFBTkFBekFETUFOd0E0QURFQU13QXlBRE1BTUFBNUFHRUFZd0F3QURrQU53QXlBREFBTVFBMEFDNEFSUUI0QUdNQVpRQndBSFFBYVFCdkFHNEFJZ0FzQUNJQWRBQmhBR2NBY3dBaUFEb0Fld0FpQUdFQWFRQXVBSE1BWlFCekFITUFhUUJ2QUc0QUxnQnBBR1FBSWdBNkFDSUFOQUJJQUVJQVZ3QjZBQ0lBTEFBaUFHRUFhUUF1QUdRQVpRQjJBR2tBWXdCbEFDNEFhUUJrQUNJQU9nQWlBR0lBY2dCdkFIY0Fjd0JsQUhJQUlnQXNBQ0lBWVFCcEFDNEFaQUJsQUhZQWFRQmpBR1VBTGdCMEFIa0FjQUJsQUNJQU9nQWlBRUlBY2dCdkFIY0Fjd0JsQUhJQUlnQXNBQ0lBWVFCcEFDNEFhUUJ1QUhRQVpRQnlBRzRBWVFCc0FDNEFZUUJuQUdVQWJnQjBBRllBWlFCeUFITUFhUUJ2QUc0QUlnQTZBQ0lBY3dCdUFHa0FjQUJ3QUdVQWRBQTZBREVBTGdBd0FDSUFMQUFpQUdFQWFRQXVBR2tBYmdCMEFHVUFjZ0J1QUdFQWJBQXVBSE1BWkFCckFGWUFaUUJ5QUhNQWFRQnZBRzRBSWdBNkFDSUFhZ0JoQUhZQVlRQnpBR01BY2dCcEFIQUFkQUE2QURFQUxnQXdBQzRBTndBaUFDd0FJZ0JoQUdrQUxnQjFBSE1BWlFCeUFDNEFhUUJrQUNJQU9nQWlBRXNBTndCVUFEUUFSZ0FpQUN3QUlnQmhBR2tBTGdCdkFIQUFaUUJ5QUdFQWRBQnBBRzhBYmdBdUFHa0FaQUFpQURvQUlnQjZBSFFBWlFCMEFHd0FJZ0FzQUNJQVlRQnBBQzRBYndCd0FHVUFjZ0JoQUhRQWFRQnZBRzRBTGdCdUFHRUFiUUJsQUNJQU9nQWlBQzhBSWdCOUFDd0FJZ0JrQUdFQWRBQmhBQ0lBT2dCN0FDSUFZZ0JoQUhNQVpRQlVBSGtBY0FCbEFDSUFPZ0FpQUVVQWVBQmpBR1VBY0FCMEFHa0Fid0J1QUVRQVlRQjBBR0VBSWdBc0FDSUFZZ0JoQUhNQVpRQkVBR0VBZEFCaEFDSUFPZ0I3QUNJQWRnQmxBSElBSWdBNkFESUFMQUFpQUdnQVlRQnVBR1FBYkFCbEFHUUFRUUIwQUNJQU9nQWlBSFVBYmdCb0FHRUFiZ0JrQUd3QVpRQmtBQ0lBTEFBaUFHVUFlQUJqQUdVQWNBQjBBR2tBYndCdUFITUFJZ0E2QUZzQWV3QWlBSFFBZVFCd0FHVUFUZ0JoQUcwQVpRQWlBRG9BSWdCVUFIa0FjQUJsQUVVQWNnQnlBRzhBY2dBaUFDd0FJZ0J0QUdVQWN3QnpBR0VBWndCbEFDSUFPZ0FpQUZVQWJnQmhBR0lBYkFCbEFDQUFkQUJ2QUNBQVp3QmxBSFFBSUFCd0FISUFid0J3QUdVQWNnQjBBSGtBSUFBbkFHTUFiQUJwQUdVQWJnQjBBQ2NBSUFCdkFHWUFJQUIxQUc0QVpBQmxBR1lBYVFCdUFHVUFaQUFnQUc4QWNnQWdBRzRBZFFCc0FHd0FJQUJ5QUdVQVpnQmxBSElBWlFCdUFHTUFaUUFpQUN3QUlnQm9BR0VBY3dCR0FIVUFiQUJzQUZNQWRBQmhBR01BYXdBaUFEb0FkQUJ5QUhVQVpRQXNBQ0lBY3dCMEFHRUFZd0JyQUNJQU9nQWlBRlFBZVFCd0FHVUFSUUJ5QUhJQWJ3QnlBRG9BSUFCVkFHNEFZUUJpQUd3QVpRQWdBSFFBYndBZ0FHY0FaUUIwQUNBQWNBQnlBRzhBY0FCbEFISUFkQUI1QUNBQUp3QmpBR3dBYVFCbEFHNEFkQUFuQUNBQWJ3Qm1BQ0FBZFFCdUFHUUFaUUJtQUdrQWJnQmxBR1FBSUFCdkFISUFJQUJ1QUhVQWJBQnNBQ0FBY2dCbEFHWUFaUUJ5QUdVQWJnQmpBR1VBWEFCdUFDQUFJQUFnQUdFQWRBQWdBRUVBYmdCdkFHNEFlUUJ0QUc4QWRRQnpBQ0FBWmdCMUFHNEFZd0IwQUdrQWJ3QnVBQ0FBS0FCb0FIUUFkQUJ3QURvQUx3QXZBSEFBWVFCeUFIUUFjd0IxQUc0QWJBQnBBRzBBYVFCMEFHVUFaQUJsQURJQVpRQmtBR1VBYlFCdkFDNEFZUUI2QUhVQWNnQmxBSGNBWlFCaUFITUFhUUIwQUdVQWN3QXVBRzRBWlFCMEFDOEFZZ0IxQUc0QVpBQnNBR1VBY3dBdkFITUFhUUIwQUdVQVB3QjJBRDBBTmdCYUFFSUFSZ0JIQUdFQU1BQndBRElBTUFCakFFVUFWZ0JwQURRQVRRQlRBRWNBZEFCakFGTUFUZ0JKQURZQWJBQkdBR2NBYUFBM0FFNEFVZ0JCQUdFQVF3QTVBR0lBVkFCMEFGTUFRZ0JSQUZVQVdRQXhBRG9BTVFBNkFETUFNQUEwQUNrQVhBQnVBQ0FBSUFBZ0FHRUFkQUFnQUdFQUlBQW9BR2dBZEFCMEFIQUFPZ0F2QUM4QWNBQmhBSElBZEFCekFIVUFiZ0JzQUdrQWJRQnBBSFFBWlFCa0FHVUFNZ0JsQUdRQVpRQnRBRzhBTGdCaEFIb0FkUUJ5QUdVQWR3QmxBR0lBY3dCcEFIUUFaUUJ6QUM0QWJnQmxBSFFBTHdCaUFIVUFiZ0JrQUd3QVpRQnpBQzhBYWdCeEFIVUFaUUJ5QUhrQVB3QjJBRDBBWXdCeEFHMEFNd0J5QUVZQWVnQnlBRWdBWVFCdEFHY0FTQUI1QUdVQU9RQndBSGdBTmdCSEFEZ0FSd0JFQURnQVVBQmtBR01BVGdCMUFHOEFiQUJJQURnQWNRQjZBSEVBU3dCUEFHd0FUQUJZQUdvQVp3QXhBRG9BTVFBNkFERUFPQUF5QURVQU9RQXBBRndBYmdBZ0FDQUFJQUJoQUhRQUlBQm9BQzRBWmdCcEFISUFaUUJYQUdrQWRBQm9BQ0FBS0FCb0FIUUFkQUJ3QURvQUx3QXZBSEFBWVFCeUFIUUFjd0IxQUc0QWJBQnBBRzBBYVFCMEFHVUFaQUJsQURJQVpRQmtBR1VBYlFCdkFDNEFZUUI2QUhVQWNnQmxBSGNBWlFCaUFITUFhUUIwQUdVQWN3QXVBRzRBWlFCMEFDOEFZZ0IxQUc0QVpBQnNBR1VBY3dBdkFHb0FjUUIxQUdVQWNnQjVBRDhBZGdBOUFHTUFjUUJ0QURNQWNnQkdBSG9BY2dCSUFHRUFiUUJuQUVnQWVRQmxBRGtBY0FCNEFEWUFSd0E0QUVjQVJBQTRBRkFBWkFCakFFNEFkUUJ2QUd3QVNBQTRBSEVBZWdCeEFFc0FUd0JzQUV3QVdBQnFBR2NBTVFBNkFERUFPZ0F4QURrQU1BQXdBRElBS1FCY0FHNEFJQUFnQUNBQVlRQjBBQ0FBY2dCbEFHRUFaQUI1QUNBQUtBQm9BSFFBZEFCd0FEb0FMd0F2QUhBQVlRQnlBSFFBY3dCMUFHNEFiQUJwQUcwQWFRQjBBR1VBWkFCbEFESUFaUUJrQUdVQWJRQnZBQzRBWVFCNkFIVUFjZ0JsQUhjQVpRQmlBSE1BYVFCMEFHVUFjd0F1QUc0QVpRQjBBQzhBWWdCMUFHNEFaQUJzQUdVQWN3QXZBR29BY1FCMUFHVUFjZ0I1QUQ4QWRnQTlBR01BY1FCdEFETUFjZ0JHQUhvQWNnQklBR0VBYlFCbkFFZ0FlUUJsQURrQWNBQjRBRFlBUndBNEFFY0FSQUE0QUZBQVpBQmpBRTRBZFFCdkFHd0FTQUE0QUhFQWVnQnhBRXNBVHdCc0FFd0FXQUJxQUdjQU1RQTZBREVBT2dBeEFETUFPQUE1QURRQUtRQmNBRzRBSUFBZ0FDQUFZUUIwQUNBQWFBQWdBQ2dBYUFCMEFIUUFjQUE2QUM4QUx3QndBR0VBY2dCMEFITUFkUUJ1QUd3QWFRQnRBR2tBZEFCbEFHUUFaUUF5QUdVQVpBQmxBRzBBYndBdUFHRUFlZ0IxQUhJQVpRQjNBR1VBWWdCekFHa0FkQUJsQUhNQUxnQnVBR1VBZEFBdkFHSUFkUUJ1QUdRQWJBQmxBSE1BTHdCcUFIRUFkUUJsQUhJQWVRQS9BSFlBUFFCakFIRUFiUUF6QUhJQVJnQjZBSElBU0FCaEFHMEFad0JJQUhrQVpRQTVBSEFBZUFBMkFFY0FPQUJIQUVRQU9BQlFBR1FBWXdCT0FIVUFid0JzQUVnQU9BQnhBSG9BY1FCTEFFOEFiQUJNQUZnQWFnQm5BREVBT2dBeEFEb0FNUUF4QURJQU9RQXdBQ2tBSWdBc0FDSUFjQUJoQUhJQWN3QmxBR1FBVXdCMEFHRUFZd0JyQUNJQU9nQmJBSHNBSWdCc0FHVUFkZ0JsQUd3QUlnQTZBREFBTEFBaUFHMEFaUUIwQUdnQWJ3QmtBQ0lBT2dBaUFFRUFiZ0J2QUc0QWVRQnRBRzhBZFFCekFDQUFaZ0IxQUc0QVl3QjBBR2tBYndCdUFDSUFMQUFpQUdFQWN3QnpBR1VBYlFCaUFHd0FlUUFpQURvQUlnQmhBSFFBSUFCQkFHNEFid0J1QUhrQWJRQnZBSFVBY3dBZ0FHWUFkUUJ1QUdNQWRBQnBBRzhBYmdBZ0FDZ0FhQUIwQUhRQWNBQTZBQzhBTHdCd0FHRUFjZ0IwQUhNQWRRQnVBR3dBYVFCdEFHa0FkQUJsQUdRQVpRQXlBR1VBWkFCbEFHMEFid0F1QUdFQWVnQjFBSElBWlFCM0FHVUFZZ0J6QUdrQWRBQmxBSE1BTGdCdUFHVUFkQUF2QUdJQWRRQnVBR1FBYkFCbEFITUFMd0J6QUdrQWRBQmxBRDhBZGdBOUFEWUFXZ0JDQUVZQVJ3QmhBREFBY0FBeUFEQUFZd0JGQUZZQWFRQTBBRTBBVXdCSEFIUUFZd0JUQUU0QVNRQTJBR3dBUmdCbkFHZ0FOd0JPQUZJQVFRQmhBRU1BT1FCaUFGUUFkQUJUQUVJQVVRQlZBRmtBTVFBNkFERUFPZ0F6QURBQU5BQXBBQ0lBTEFBaUFHWUFhUUJzQUdVQVRnQmhBRzBBWlFBaUFEb0FJZ0JvQUhRQWRBQndBRG9BTHdBdkFIQUFZUUJ5QUhRQWN3QjFBRzRBYkFCcEFHMEFhUUIwQUdVQVpBQmxBRElBWlFCa0FHVUFiUUJ2QUM0QVlRQjZBSFVBY2dCbEFIY0FaUUJpQUhNQWFRQjBBR1VBY3dBdUFHNEFaUUIwQUM4QVlnQjFBRzRBWkFCc0FHVUFjd0F2QUhNQWFRQjBBR1VBUHdCMkFEMEFOZ0JhQUVJQVJnQkhBR0VBTUFCd0FESUFNQUJqQUVVQVZnQnBBRFFBVFFCVEFFY0FkQUJqQUZNQVRnQkpBRFlBYkFCR0FHY0FhQUEzQUU0QVVnQkJBR0VBUXdBNUFHSUFWQUIwQUZNQVFnQlJBRlVBV1FBeEFDSUFMQUFpQUd3QWFRQnVBR1VBSWdBNkFERUFmUUFzQUhzQUlnQnNBR1VBZGdCbEFHd0FJZ0E2QURFQUxBQWlBRzBBWlFCMEFHZ0Fid0JrQUNJQU9nQWlBR0VBSWdBc0FDSUFZUUJ6QUhNQVpRQnRBR0lBYkFCNUFDSUFPZ0FpQUdFQWRBQWdBR0VBSUFBb0FHZ0FkQUIwQUhBQU9nQXZBQzhBY0FCaEFISUFkQUJ6QUhVQWJnQnNBR2tBYlFCcEFIUUFaUUJrQUdVQU1nQmxBR1FBWlFCdEFHOEFMZ0JoQUhvQWRRQnlBR1VBZHdCbEFHSUFjd0JwQUhRQVpRQnpBQzRBYmdCbEFIUUFMd0JpQUhVQWJnQmtBR3dBWlFCekFDOEFhZ0J4QUhVQVpRQnlBSGtBUHdCMkFEMEFZd0J4QUcwQU13QnlBRVlBZWdCeUFFZ0FZUUJ0QUdjQVNBQjVBR1VBT1FCd0FIZ0FOZ0JIQURnQVJ3QkVBRGdBVUFCa0FHTUFUZ0IxQUc4QWJBQklBRGdBY1FCNkFIRUFTd0JQQUd3QVRBQllBR29BWndBeEFEb0FNUUE2QURFQU9BQXlBRFVBT1FBcEFDSUFMQUFpQUdZQWFRQnNBR1VBVGdCaEFHMEFaUUFpQURvQUlnQm9BSFFBZEFCd0FEb0FMd0F2QUhBQVlRQnlBSFFBY3dCMUFHNEFiQUJwQUcwQWFRQjBBR1VBWkFCbEFESUFaUUJrQUdVQWJRQnZBQzRBWVFCNkFIVUFjZ0JsQUhjQVpRQmlBSE1BYVFCMEFHVUFjd0F1QUc0QVpRQjBBQzhBWWdCMUFHNEFaQUJzQUdVQWN3QXZBR29BY1FCMUFHVUFjZ0I1QUQ4QWRnQTlBR01BY1FCdEFETUFjZ0JHQUhvQWNnQklBR0VBYlFCbkFFZ0FlUUJsQURrQWNBQjRBRFlBUndBNEFFY0FSQUE0QUZBQVpBQmpBRTRBZFFCdkFHd0FTQUE0QUhFQWVnQnhBRXNBVHdCc0FFd0FXQUJxQUdjQU1RQWlBQ3dBSWdCc0FHa0FiZ0JsQUNJQU9nQXhBSDBBTEFCN0FDSUFiQUJsQUhZQVpRQnNBQ0lBT2dBeUFDd0FJZ0J0QUdVQWRBQm9BRzhBWkFBaUFEb0FJZ0JvQUM0QVpnQnBBSElBWlFCWEFHa0FkQUJvQUNJQUxBQWlBR0VBY3dCekFHVUFiUUJpQUd3QWVRQWlBRG9BSWdCaEFIUUFJQUJvQUM0QVpnQnBBSElBWlFCWEFHa0FkQUJvQUNBQUtBQm9BSFFBZEFCd0FEb0FMd0F2QUhBQVlRQnlBSFFBY3dCMUFHNEFiQUJwQUcwQWFRQjBBR1VBWkFCbEFESUFaUUJrQUdVQWJRQnZBQzRBWVFCNkFIVUFjZ0JsQUhjQVpRQmlBSE1BYVFCMEFHVUFjd0F1QUc0QVpRQjBBQzhBWWdCMUFHNEFaQUJzQUdVQWN3QXZBR29BY1FCMUFHVUFjZ0I1QUQ4QWRnQTlBR01BY1FCdEFETUFjZ0JHQUhvQWNnQklBR0VBYlFCbkFFZ0FlUUJsQURrQWNBQjRBRFlBUndBNEFFY0FSQUE0QUZBQVpBQmpBRTRBZFFCdkFHd0FTQUE0QUhFQWVnQnhBRXNBVHdCc0FFd0FXQUJxQUdjQU1RQTZBREVBT2dBeEFEa0FNQUF3QURJQUtRQWlBQ3dBSWdCbUFHa0FiQUJsQUU0QVlRQnRBR1VBSWdBNkFDSUFhQUIwQUhRQWNBQTZBQzhBTHdCd0FHRUFjZ0IwQUhNQWRRQnVBR3dBYVFCdEFHa0FkQUJsQUdRQVpRQXlBR1VBWkFCbEFHMEFid0F1QUdFQWVnQjFBSElBWlFCM0FHVUFZZ0J6QUdrQWRBQmxBSE1BTGdCdUFHVUFkQUF2QUdJQWRRQnVBR1FBYkFCbEFITUFMd0JxQUhFQWRRQmxBSElBZVFBL0FIWUFQUUJqQUhFQWJRQXpBSElBUmdCNkFISUFTQUJoQUcwQVp3QklBSGtBWlFBNUFIQUFlQUEyQUVjQU9BQkhBRVFBT0FCUUFHUUFZd0JPQUhVQWJ3QnNBRWdBT0FCeEFIb0FjUUJMQUU4QWJBQk1BRmdBYWdCbkFERUFJZ0FzQUNJQWJBQnBBRzRBWlFBaUFEb0FNUUI5QUN3QWV3QWlBR3dBWlFCMkFHVUFiQUFpQURvQU13QXNBQ0lBYlFCbEFIUUFhQUJ2QUdRQUlnQTZBQ0lBY2dCbEFHRUFaQUI1QUNJQUxBQWlBR0VBY3dCekFHVUFiUUJpQUd3QWVRQWlBRG9BSWdCaEFIUUFJQUJ5QUdVQVlRQmtBSGtBSUFBb0FHZ0FkQUIwQUhBQU9nQXZBQzhBY0FCaEFISUFkQUJ6QUhVQWJnQnNBR2tBYlFCcEFIUUFaUUJrQUdVQU1nQmxBR1FBWlFCdEFHOEFMZ0JoQUhvQWRRQnlBR1VBZHdCbEFHSUFjd0JwQUhRQVpRQnpBQzRBYmdCbEFIUUFMd0JpQUhVQWJnQmtBR3dBWlFCekFDOEFhZ0J4QUhVQVpRQnlBSGtBUHdCMkFEMEFZd0J4QUcwQU13QnlBRVlBZWdCeUFFZ0FZUUJ0QUdjQVNBQjVBR1VBT1FCd0FIZ0FOZ0JIQURnQVJ3QkVBRGdBVUFCa0FHTUFUZ0IxQUc4QWJBQklBRGdBY1FCNkFIRUFTd0JQQUd3QVRBQllBR29BWndBeEFEb0FNUUE2QURFQU13QTRBRGtBTkFBcEFDSUFMQUFpQUdZQWFRQnNBR1VBVGdCaEFHMEFaUUFpQURvQUlnQm9BSFFBZEFCd0FEb0FMd0F2QUhBQVlRQnlBSFFBY3dCMUFHNEFiQUJwQUcwQWFRQjBBR1VBWkFCbEFESUFaUUJrQUdVQWJRQnZBQzRBWVFCNkFIVUFjZ0JsQUhjQVpRQmlBSE1BYVFCMEFHVUFjd0F1QUc0QVpRQjBBQzhBWWdCMUFHNEFaQUJzQUdVQWN3QXZBR29BY1FCMUFHVUFjZ0I1QUQ4QWRnQTlBR01BY1FCdEFETUFjZ0JHQUhvQWNnQklBR0VBYlFCbkFFZ0FlUUJsQURrQWNBQjRBRFlBUndBNEFFY0FSQUE0QUZBQVpBQmpBRTRBZFFCdkFHd0FTQUE0QUhFQWVnQnhBRXNBVHdCc0FFd0FXQUJxQUdjQU1RQWlBQ3dBSWdCc0FHa0FiZ0JsQUNJQU9nQXhBSDBBTEFCN0FDSUFiQUJsQUhZQVpRQnNBQ0lBT2dBMEFDd0FJZ0J0QUdVQWRBQm9BRzhBWkFBaUFEb0FJZ0JvQUNJQUxBQWlBR0VBY3dCekFHVUFiUUJpQUd3QWVRQWlBRG9BSWdCaEFIUUFJQUJvQUNBQUtBQm9BSFFBZEFCd0FEb0FMd0F2QUhBQVlRQnlBSFFBY3dCMUFHNEFiQUJwQUcwQWFRQjBBR1VBWkFCbEFESUFaUUJrQUdVQWJRQnZBQzRBWVFCNkFIVUFjZ0JsQUhjQVpRQmlBSE1BYVFCMEFHVUFjd0F1QUc0QVpRQjBBQzhBWWdCMUFHNEFaQUJzQUdVQWN3QXZBR29BY1FCMUFHVUFjZ0I1QUQ4QWRnQTlBR01BY1FCdEFETUFjZ0JHQUhvQWNnQklBR0VBYlFCbkFFZ0FlUUJsQURrQWNBQjRBRFlBUndBNEFFY0FSQUE0QUZBQVpBQmpBRTRBZFFCdkFHd0FTQUE0QUhFQWVnQnhBRXNBVHdCc0FFd0FXQUJxQUdjQU1RQTZBREVBT2dBeEFERUFNZ0E1QURBQUtRQWlBQ3dBSWdCbUFHa0FiQUJsQUU0QVlRQnRBR1VBSWdBNkFDSUFhQUIwQUhRQWNBQTZBQzhBTHdCd0FHRUFjZ0IwQUhNQWRRQnVBR3dBYVFCdEFHa0FkQUJsQUdRQVpRQXlBR1VBWkFCbEFHMEFid0F1QUdFQWVnQjFBSElBWlFCM0FHVUFZZ0J6QUdrQWRBQmxBSE1BTGdCdUFHVUFkQUF2QUdJQWRRQnVBR1FBYkFCbEFITUFMd0JxQUhFQWRRQmxBSElBZVFBL0FIWUFQUUJqQUhFQWJRQXpBSElBUmdCNkFISUFTQUJoQUcwQVp3QklBSGtBWlFBNUFIQUFlQUEyQUVjQU9BQkhBRVFBT0FCUUFHUUFZd0JPQUhVQWJ3QnNBRWdBT0FCeEFIb0FjUUJMQUU4QWJBQk1BRmdBYWdCbkFERUFJZ0FzQUNJQWJBQnBBRzRBWlFBaUFEb0FNUUI5QUYwQWZRQmRBQ3dBSWdCd0FISUFid0J3QUdVQWNnQjBBR2tBWlFCekFDSUFPZ0I3QUNJQWRRQnlBR3dBSWdBNkFDSUFhQUIwQUhRQWNBQTZBQzhBTHdCd0FHRUFjZ0IwQUhNQWRRQnVBR3dBYVFCdEFHa0FkQUJsQUdRQVpRQXlBR1VBWkFCbEFHMEFid0F1QUdFQWVnQjFBSElBWlFCM0FHVUFZZ0J6QUdrQWRBQmxBSE1BTGdCdUFHVUFkQUF2QUdJQWRRQnVBR1FBYkFCbEFITUFMd0J6QUdrQWRBQmxBRDhBZGdBOUFEWUFXZ0JDQUVZQVJ3QmhBREFBY0FBeUFEQUFZd0JGQUZZQWFRQTBBRTBBVXdCSEFIUUFZd0JUQUU0QVNRQTJBR3dBUmdCbkFHZ0FOd0JPQUZJQVFRQmhBRU1BT1FCaUFGUUFkQUJUQUVJQVVRQlZBRmtBTVFBaUFIMEFmUUI5QUgwQUxBQjdBQ0lBZEFCcEFHMEFaUUFpQURvQUlnQXlBREFBTVFBM0FDMEFNQUF4QUMwQU1nQTFBRlFBTUFBMkFEb0FNd0F6QURvQU5BQTFBQzRBTWdBM0FEa0FXZ0FpQUN3QUlnQnBBRXNBWlFCNUFDSUFPZ0FpQURNQU5BQXpBR0VBTkFBekFEUUFNUUF0QUdFQU1RQXlBRFFBTFFBMEFETUFNd0EzQUMwQU9BQXhBRE1BTWdBdEFETUFNQUE1QUdFQVl3QXdBRGtBTndBeUFEQUFNUUEwQUNJQUxBQWlBRzRBWVFCdEFHVUFJZ0E2QUNJQVRRQnBBR01BY2dCdkFITUFid0JtQUhRQUxnQkJBSEFBY0FCc0FHa0FZd0JoQUhRQWFRQnZBRzRBU1FCdUFITUFhUUJuQUdnQWRBQnpBQzRBTXdBMEFETUFZUUEwQURNQU5BQXhBR0VBTVFBeUFEUUFOQUF6QURNQU53QTRBREVBTXdBeUFETUFNQUE1QUdFQVl3QXdBRGtBTndBeUFEQUFNUUEwQUM0QVVBQmhBR2NBWlFCMkFHa0FaUUIzQUNJQUxBQWlBSFFBWVFCbkFITUFJZ0E2QUhzQUlnQmhBR2tBTGdCekFHVUFjd0J6QUdrQWJ3QnVBQzRBYVFCa0FDSUFPZ0FpQURRQVNBQkNBRmNBZWdBaUFDd0FJZ0JoQUdrQUxnQmtBR1VBZGdCcEFHTUFaUUF1QUdrQVpBQWlBRG9BSWdCaUFISUFid0IzQUhNQVpRQnlBQ0lBTEFBaUFHRUFhUUF1QUdRQVpRQjJBR2tBWXdCbEFDNEFkQUI1QUhBQVpRQWlBRG9BSWdCQ0FISUFid0IzQUhNQVpRQnlBQ0lBTEFBaUFHRUFhUUF1QUdrQWJnQjBBR1VBY2dCdUFHRUFiQUF1QUdFQVp3QmxBRzRBZEFCV0FHVUFjZ0J6QUdrQWJ3QnVBQ0lBT2dBaUFITUFiZ0JwQUhBQWNBQmxBSFFBT2dBeEFDNEFNQUFpQUN3QUlnQmhBR2tBTGdCcEFHNEFkQUJsQUhJQWJnQmhBR3dBTGdCekFHUUFhd0JXQUdVQWNnQnpBR2tBYndCdUFDSUFPZ0FpQUdvQVlRQjJBR0VBY3dCakFISUFhUUJ3QUhRQU9nQXhBQzRBTUFBdUFEY0FJZ0FzQUNJQVlRQnBBQzRBZFFCekFHVUFjZ0F1QUdrQVpBQWlBRG9BSWdCTEFEY0FWQUEwQUVZQUlnQXNBQ0lBWVFCcEFDNEFid0J3QUdVQWNnQmhBSFFBYVFCdkFHNEFMZ0JwQUdRQUlnQTZBQ0lBZWdCMEFHVUFkQUJzQUNJQUxBQWlBR0VBYVFBdUFHOEFjQUJsQUhJQVlRQjBBR2tBYndCdUFDNEFiZ0JoQUcwQVpRQWlBRG9BSWdBdkFDSUFmUUFzQUNJQVpBQmhBSFFBWVFBaUFEb0Fld0FpQUdJQVlRQnpBR1VBVkFCNUFIQUFaUUFpQURvQUlnQlFBR0VBWndCbEFIWUFhUUJsQUhjQVJBQmhBSFFBWVFBaUFDd0FJZ0JpQUdFQWN3QmxBRVFBWVFCMEFHRUFJZ0E2QUhzQUlnQjJBR1VBY2dBaUFEb0FNZ0FzQUNJQWJnQmhBRzBBWlFBaUFEb0FJZ0JJQUc4QWJRQmxBQ0FBVUFCaEFHY0FaUUFnQUJNZ0lBQlFBR0VBY2dCMEFITUFJQUJWQUc0QWJBQnBBRzBBYVFCMEFHVUFaQUFpQUN3QUlnQjFBSElBYkFBaUFEb0FJZ0JvQUhRQWRBQndBRG9BTHdBdkFIQUFZUUJ5QUhRQWN3QjFBRzRBYkFCcEFHMEFhUUIwQUdVQVpBQmxBRElBWlFCa0FHVUFiUUJ2QUM0QVlRQjZBSFVBY2dCbEFIY0FaUUJpQUhNQWFRQjBBR1VBY3dBdUFHNEFaUUIwQUM4QUlnQXNBQ0lBWkFCMUFISUFZUUIwQUdrQWJ3QnVBQ0lBT2dBaUFEQUFNQUE2QURBQU1BQTZBREFBTXdBdUFEVUFNd0E0QUNJQWZRQjlBSDBBTEFCN0FDSUFkQUJwQUcwQVpRQWlBRG9BSWdBeUFEQUFNUUEzQUMwQU1BQXhBQzBBTWdBMUFGUUFNQUEyQURvQU13QXpBRG9BTkFBMUFDNEFNZ0EzQURrQVdnQWlBQ3dBSWdCcEFFc0FaUUI1QUNJQU9nQWlBRE1BTkFBekFHRUFOQUF6QURRQU1RQXRBR0VBTVFBeUFEUUFMUUEwQURNQU13QTNBQzBBT0FBeEFETUFNZ0F0QURNQU1BQTVBR0VBWXdBd0FEa0FOd0F5QURBQU1RQTBBQ0lBTEFBaUFHNEFZUUJ0QUdVQUlnQTZBQ0lBVFFCcEFHTUFjZ0J2QUhNQWJ3Qm1BSFFBTGdCQkFIQUFjQUJzQUdrQVl3QmhBSFFBYVFCdkFHNEFTUUJ1QUhNQWFRQm5BR2dBZEFCekFDNEFNd0EwQURNQVlRQTBBRE1BTkFBeEFHRUFNUUF5QURRQU5BQXpBRE1BTndBNEFERUFNd0F5QURNQU1BQTVBR0VBWXdBd0FEa0FOd0F5QURBQU1RQTBBQzRBVUFCaEFHY0FaUUIyQUdrQVpRQjNBRkFBWlFCeUFHWUFid0J5QUcwQVlRQnVBR01BWlFBaUFDd0FJZ0IwQUdFQVp3QnpBQ0lBT2dCN0FDSUFZUUJwQUM0QWN3QmxBSE1BY3dCcEFHOEFiZ0F1QUdrQVpBQWlBRG9BSWdBMEFFZ0FRZ0JYQUhvQUlnQXNBQ0lBWVFCcEFDNEFaQUJsQUhZQWFRQmpBR1VBTGdCcEFHUUFJZ0E2QUNJQVlnQnlBRzhBZHdCekFHVUFjZ0FpQUN3QUlnQmhBR2tBTGdCa0FHVUFkZ0JwQUdNQVpRQXVBSFFBZVFCd0FHVUFJZ0E2QUNJQVFnQnlBRzhBZHdCekFHVUFjZ0FpQUN3QUlnQmhBR2tBTGdCcEFHNEFkQUJsQUhJQWJnQmhBR3dBTGdCaEFHY0FaUUJ1QUhRQVZnQmxBSElBY3dCcEFHOEFiZ0FpQURvQUlnQnpBRzRBYVFCd0FIQUFaUUIwQURvQU1RQXVBREFBSWdBc0FDSUFZUUJwQUM0QWFRQnVBSFFBWlFCeUFHNEFZUUJzQUM0QWN3QmtBR3NBVmdCbEFISUFjd0JwQUc4QWJnQWlBRG9BSWdCcUFHRUFkZ0JoQUhNQVl3QnlBR2tBY0FCMEFEb0FNUUF1QURBQUxnQTNBQ0lBTEFBaUFHRUFhUUF1QUhVQWN3QmxBSElBTGdCcEFHUUFJZ0E2QUNJQVN3QTNBRlFBTkFCR0FDSUFMQUFpQUdFQWFRQXVBRzhBY0FCbEFISUFZUUIwQUdrQWJ3QnVBQzRBYVFCa0FDSUFPZ0FpQUhvQWRBQmxBSFFBYkFBaUFDd0FJZ0JoQUdrQUxnQnZBSEFBWlFCeUFHRUFkQUJwQUc4QWJnQXVBRzRBWVFCdEFHVUFJZ0E2QUNJQUx3QWlBSDBBTEFBaUFHUUFZUUIwQUdFQUlnQTZBSHNBSWdCaUFHRUFjd0JsQUZRQWVRQndBR1VBSWdBNkFDSUFVQUJoQUdjQVpRQjJBR2tBWlFCM0FGQUFaUUJ5QUdZQWJ3QnlBRzBBWVFCdUFHTUFaUUJFQUdFQWRBQmhBQ0lBTEFBaUFHSUFZUUJ6QUdVQVJBQmhBSFFBWVFBaUFEb0Fld0FpQUhZQVpRQnlBQ0lBT2dBeUFDd0FJZ0J1QUdFQWJRQmxBQ0lBT2dBaUFFZ0Fid0J0QUdVQUlBQlFBR0VBWndCbEFDQUFFeUFnQUZBQVlRQnlBSFFBY3dBZ0FGVUFiZ0JzQUdrQWJRQnBBSFFBWlFCa0FDSUFMQUFpQUhVQWNnQnNBQ0lBT2dBaUFHZ0FkQUIwQUhBQU9nQXZBQzhBY0FCaEFISUFkQUJ6QUhVQWJnQnNBR2tBYlFCcEFIUUFaUUJrQUdVQU1nQmxBR1FBWlFCdEFHOEFMZ0JoQUhvQWRRQnlBR1VBZHdCbEFHSUFjd0JwQUhRQVpRQnpBQzRBYmdCbEFIUUFMd0FpQUN3QUlnQmtBSFVBY2dCaEFIUUFhUUJ2QUc0QUlnQTZBQ0lBTUFBd0FEb0FNQUF3QURvQU1BQXpBQzRBTlFBekFEZ0FJZ0FzQUNJQWNBQmxBSElBWmdCVUFHOEFkQUJoQUd3QUlnQTZBQ0lBTUFBd0FEb0FNQUF3QURvQU1BQXpBQzRBTlFBekFEZ0FJZ0FzQUNJQWJnQmxBSFFBZHdCdkFISUFhd0JEQUc4QWJnQnVBR1VBWXdCMEFDSUFPZ0FpQURBQU1BQTZBREFBTUFBNkFEQUFNQUF1QURBQU1BQXdBQ0lBTEFBaUFITUFaUUJ1QUhRQVVnQmxBSEVBZFFCbEFITUFkQUFpQURvQUlnQXdBREFBT2dBd0FEQUFPZ0F3QURBQUxnQXdBREFBTkFBaUFDd0FJZ0J5QUdVQVl3QmxBR2tBZGdCbEFHUUFVZ0JsQUhNQWNBQnZBRzRBY3dCbEFDSUFPZ0FpQURBQU1BQTZBREFBTUFBNkFEQUFNQUF1QURRQU1RQTNBQ0lBTEFBaUFHUUFid0J0QUZBQWNnQnZBR01BWlFCekFITUFhUUJ1QUdjQUlnQTZBQ0lBTUFBd0FEb0FNQUF3QURvQU1BQXdBQzRBT0FBeEFEY0FJZ0I5QUgwQWZRQXNBSHNBSWdCMEFHa0FiUUJsQUNJQU9nQWlBRElBTUFBeEFEY0FMUUF3QURFQUxRQXlBRFVBVkFBd0FEWUFPZ0F6QURRQU9nQXdBRFVBTGdBMkFEQUFPQUJhQUNJQUxBQWlBR2tBU3dCbEFIa0FJZ0E2QUNJQU13QTBBRE1BWVFBMEFETUFOQUF4QUMwQVlRQXhBRElBTkFBdEFEUUFNd0F6QURjQUxRQTRBREVBTXdBeUFDMEFNd0F3QURrQVlRQmpBREFBT1FBM0FESUFNQUF4QURRQUlnQXNBQ0lBYmdCaEFHMEFaUUFpQURvQUlnQk5BR2tBWXdCeUFHOEFjd0J2QUdZQWRBQXVBRUVBY0FCd0FHd0FhUUJqQUdFQWRBQnBBRzhBYmdCSkFHNEFjd0JwQUdjQWFBQjBBSE1BTGdBekFEUUFNd0JoQURRQU13QTBBREVBWVFBeEFESUFOQUEwQURNQU13QTNBRGdBTVFBekFESUFNd0F3QURrQVlRQmpBREFBT1FBM0FESUFNQUF4QURRQUxnQkZBSGdBWXdCbEFIQUFkQUJwQUc4QWJnQWlBQ3dBSWdCMEFHRUFad0J6QUNJQU9nQjdBQ0lBWVFCcEFDNEFjd0JsQUhNQWN3QnBBRzhBYmdBdUFHa0FaQUFpQURvQUlnQTBBRWdBUWdCWEFIb0FJZ0FzQUNJQVlRQnBBQzRBWkFCbEFIWUFhUUJqQUdVQUxnQnBBR1FBSWdBNkFDSUFZZ0J5QUc4QWR3QnpBR1VBY2dBaUFDd0FJZ0JoQUdrQUxnQmtBR1VBZGdCcEFHTUFaUUF1QUhRQWVRQndBR1VBSWdBNkFDSUFRZ0J5QUc4QWR3QnpBR1VBY2dBaUFDd0FJZ0JoQUdrQUxnQnBBRzRBZEFCbEFISUFiZ0JoQUd3QUxnQmhBR2NBWlFCdUFIUUFWZ0JsQUhJQWN3QnBBRzhBYmdBaUFEb0FJZ0J6QUc0QWFRQndBSEFBWlFCMEFEb0FNUUF1QURBQUlnQXNBQ0lBWVFCcEFDNEFhUUJ1QUhRQVpRQnlBRzRBWVFCc0FDNEFjd0JrQUdzQVZnQmxBSElBY3dCcEFHOEFiZ0FpQURvQUlnQnFBR0VBZGdCaEFITUFZd0J5QUdrQWNBQjBBRG9BTVFBdUFEQUFMZ0EzQUNJQUxBQWlBR0VBYVFBdUFIVUFjd0JsQUhJQUxnQnBBR1FBSWdBNkFDSUFTd0EzQUZRQU5BQkdBQ0lBTEFBaUFHRUFhUUF1QUc4QWNBQmxBSElBWVFCMEFHa0Fid0J1QUM0QWFRQmtBQ0lBT2dBaUFEVUFkZ0IxQURjQVVnQWlBQ3dBSWdCaEFHa0FMZ0J2QUhBQVpRQnlBR0VBZEFCcEFHOEFiZ0F1QUc0QVlRQnRBR1VBSWdBNkFDSUFMd0JUQUdnQWJ3QndBSEFBYVFCdUFHY0FRd0JoQUhJQWRBQWlBSDBBTEFBaUFHUUFZUUIwQUdFQUlnQTZBSHNBSWdCaUFHRUFjd0JsQUZRQWVRQndBR1VBSWdBNkFDSUFSUUI0QUdNQVpRQndBSFFBYVFCdkFHNEFSQUJoQUhRQVlRQWlBQ3dBSWdCaUFHRUFjd0JsQUVRQVlRQjBBR0VBSWdBNkFIc0FJZ0IyQUdVQWNnQWlBRG9BTWdBc0FDSUFhQUJoQUc0QVpBQnNBR1VBWkFCQkFIUUFJZ0E2QUNJQWRRQnVBR2dBWVFCdUFHUUFiQUJsQUdRQUlnQXNBQ0lBWlFCNEFHTUFaUUJ3QUhRQWFRQnZBRzRBY3dBaUFEb0FXd0I3QUNJQWRBQjVBSEFBWlFCT0FHRUFiUUJsQUNJQU9nQWlBRlFBZVFCd0FHVUFSUUJ5QUhJQWJ3QnlBQ0lBTEFBaUFHMEFaUUJ6QUhNQVlRQm5BR1VBSWdBNkFDSUFWUUJ1QUdFQVlnQnNBR1VBSUFCMEFHOEFJQUJuQUdVQWRBQWdBSEFBY2dCdkFIQUFaUUJ5QUhRQWVRQWdBQ2NBWXdCc0FHa0FaUUJ1QUhRQUp3QWdBRzhBWmdBZ0FIVUFiZ0JrQUdVQVpnQnBBRzRBWlFCa0FDQUFid0J5QUNBQWJnQjFBR3dBYkFBZ0FISUFaUUJtQUdVQWNnQmxBRzRBWXdCbEFDSUFMQUFpQUdnQVlRQnpBRVlBZFFCc0FHd0FVd0IwQUdFQVl3QnJBQ0lBT2dCMEFISUFkUUJsQUN3QUlnQnpBSFFBWVFCakFHc0FJZ0E2QUNJQVZBQjVBSEFBWlFCRkFISUFjZ0J2QUhJQU9nQWdBRlVBYmdCaEFHSUFiQUJsQUNBQWRBQnZBQ0FBWndCbEFIUUFJQUJ3QUhJQWJ3QndBR1VBY2dCMEFIa0FJQUFuQUdNQWJBQnBBR1VBYmdCMEFDY0FJQUJ2QUdZQUlBQjFBRzRBWkFCbEFHWUFhUUJ1QUdVQVpBQWdBRzhBY2dBZ0FHNEFkUUJzQUd3QUlBQnlBR1VBWmdCbEFISUFaUUJ1QUdNQVpRQmNBRzRBSUFBZ0FDQUFZUUIwQUNBQVFRQnVBRzhBYmdCNUFHMEFid0IxQUhNQUlBQm1BSFVBYmdCakFIUUFhUUJ2QUc0QUlBQW9BR2dBZEFCMEFIQUFPZ0F2QUM4QWNBQmhBSElBZEFCekFIVUFiZ0JzQUdrQWJRQnBBSFFBWlFCa0FHVUFNZ0JsQUdRQVpRQnRBRzhBTGdCaEFIb0FkUUJ5QUdVQWR3QmxBR0lBY3dCcEFIUUFaUUJ6QUM0QWJnQmxBSFFBTHdCaUFIVUFiZ0JrQUd3QVpRQnpBQzhBY3dCcEFIUUFaUUEvQUhZQVBRQTJBRm9BUWdCR0FFY0FZUUF3QUhBQU1nQXdBR01BUlFCV0FHa0FOQUJOQUZNQVJ3QjBBR01BVXdCT0FFa0FOZ0JzQUVZQVp3Qm9BRGNBVGdCU0FFRUFZUUJEQURrQVlnQlVBSFFBVXdCQ0FGRUFWUUJaQURFQU9nQXhBRG9BTXdBd0FEUUFLUUJjQUc0QUlBQWdBQ0FBWVFCMEFDQUFZUUFnQUNnQWFBQjBBSFFBY0FBNkFDOEFMd0J3QUdFQWNnQjBBSE1BZFFCdUFHd0FhUUJ0QUdrQWRBQmxBR1FBWlFBeUFHVUFaQUJsQUcwQWJ3QXVBR0VBZWdCMUFISUFaUUIzQUdVQVlnQnpBR2tBZEFCbEFITUFMZ0J1QUdVQWRBQXZBR0lBZFFCdUFHUUFiQUJsQUhNQUx3QnFBSEVBZFFCbEFISUFlUUEvQUhZQVBRQmpBSEVBYlFBekFISUFSZ0I2QUhJQVNBQmhBRzBBWndCSUFIa0FaUUE1QUhBQWVBQTJBRWNBT0FCSEFFUUFPQUJRQUdRQVl3Qk9BSFVBYndCc0FFZ0FPQUJ4QUhvQWNRQkxBRThBYkFCTUFGZ0FhZ0JuQURFQU9nQXhBRG9BTVFBNEFESUFOUUE1QUNrQVhBQnVBQ0FBSUFBZ0FHRUFkQUFnQUdnQUxnQm1BR2tBY2dCbEFGY0FhUUIwQUdnQUlBQW9BR2dBZEFCMEFIQUFPZ0F2QUM4QWNBQmhBSElBZEFCekFIVUFiZ0JzQUdrQWJRQnBBSFFBWlFCa0FHVUFNZ0JsQUdRQVpRQnRBRzhBTGdCaEFIb0FkUUJ5QUdVQWR3QmxBR0lBY3dCcEFIUUFaUUJ6QUM0QWJnQmxBSFFBTHdCaUFIVUFiZ0JrQUd3QVpRQnpBQzhBYWdCeEFIVUFaUUJ5QUhrQVB3QjJBRDBBWXdCeEFHMEFNd0J5QUVZQWVnQnlBRWdBWVFCdEFHY0FTQUI1QUdVQU9RQndBSGdBTmdCSEFEZ0FSd0JFQURnQVVBQmtBR01BVGdCMUFHOEFiQUJJQURnQWNRQjZBSEVBU3dCUEFHd0FUQUJZQUdvQVp3QXhBRG9BTVFBNkFERUFPUUF3QURBQU1nQXBBRndBYmdBZ0FDQUFJQUJoQUhRQUlBQnlBR1VBWVFCa0FIa0FJQUFvQUdnQWRBQjBBSEFBT2dBdkFDOEFjQUJoQUhJQWRBQnpBSFVBYmdCc0FHa0FiUUJwQUhRQVpRQmtBR1VBTWdCbEFHUUFaUUJ0QUc4QUxnQmhBSG9BZFFCeUFHVUFkd0JsQUdJQWN3QnBBSFFBWlFCekFDNEFiZ0JsQUhRQUx3QmlBSFVBYmdCa0FHd0FaUUJ6QUM4QWFnQnhBSFVBWlFCeUFIa0FQd0IyQUQwQVl3QnhBRzBBTXdCeUFFWUFlZ0J5QUVnQVlRQnRBR2NBU0FCNUFHVUFPUUJ3QUhnQU5nQkhBRGdBUndCRUFEZ0FVQUJrQUdNQVRnQjFBRzhBYkFCSUFEZ0FjUUI2QUhFQVN3QlBBR3dBVEFCWUFHb0Fad0F4QURvQU1RQTZBREVBTXdBNEFEa0FOQUFwQUZ3QWJnQWdBQ0FBSUFCaEFIUUFJQUJvQUNBQUtBQm9BSFFBZEFCd0FEb0FMd0F2QUhBQVlRQnlBSFFBY3dCMUFHNEFiQUJwQUcwQWFRQjBBR1VBWkFCbEFESUFaUUJrQUdVQWJRQnZBQzRBWVFCNkFIVUFjZ0JsQUhjQVpRQmlBSE1BYVFCMEFHVUFjd0F1QUc0QVpRQjBBQzhBWWdCMUFHNEFaQUJzQUdVQWN3QXZBR29BY1FCMUFHVUFjZ0I1QUQ4QWRnQTlBR01BY1FCdEFETUFjZ0JHQUhvQWNnQklBR0VBYlFCbkFFZ0FlUUJsQURrQWNBQjRBRFlBUndBNEFFY0FSQUE0QUZBQVpBQmpBRTRBZFFCdkFHd0FTQUE0QUhFQWVnQnhBRXNBVHdCc0FFd0FXQUJxQUdjQU1RQTZBREVBT2dBeEFERUFNZ0E1QURBQUtRQWlBQ3dBSWdCd0FHRUFjZ0J6QUdVQVpBQlRBSFFBWVFCakFHc0FJZ0E2QUZzQWV3QWlBR3dBWlFCMkFHVUFiQUFpQURvQU1BQXNBQ0lBYlFCbEFIUUFhQUJ2QUdRQUlnQTZBQ0lBUVFCdUFHOEFiZ0I1QUcwQWJ3QjFBSE1BSUFCbUFIVUFiZ0JqQUhRQWFRQnZBRzRBSWdBc0FDSUFZUUJ6QUhNQVpRQnRBR0lBYkFCNUFDSUFPZ0FpQUdFQWRBQWdBRUVBYmdCdkFHNEFlUUJ0QUc4QWRRQnpBQ0FBWmdCMUFHNEFZd0IwQUdrQWJ3QnVBQ0FBS0FCb0FIUUFkQUJ3QURvQUx3QXZBSEFBWVFCeUFIUUFjd0IxQUc0QWJBQnBBRzBBYVFCMEFHVUFaQUJsQURJQVpRQmtBR1VBYlFCdkFDNEFZUUI2QUhVQWNnQmxBSGNBWlFCaUFITUFhUUIwQUdVQWN3QXVBRzRBWlFCMEFDOEFZZ0IxQUc0QVpBQnNBR1VBY3dBdkFITUFhUUIwQUdVQVB3QjJBRDBBTmdCYUFFSUFSZ0JIQUdFQU1BQndBRElBTUFCakFFVUFWZ0JwQURRQVRRQlRBRWNBZEFCakFGTUFUZ0JKQURZQWJBQkdBR2NBYUFBM0FFNEFVZ0JCQUdFQVF3QTVBR0lBVkFCMEFGTUFRZ0JSQUZVQVdRQXhBRG9BTVFBNkFETUFNQUEwQUNrQUlnQXNBQ0lBWmdCcEFHd0FaUUJPQUdFQWJRQmxBQ0lBT2dBaUFHZ0FkQUIwQUhBQU9nQXZBQzhBY0FCaEFISUFkQUJ6QUhVQWJnQnNBR2tBYlFCcEFIUUFaUUJrQUdVQU1nQmxBR1FBWlFCdEFHOEFMZ0JoQUhvQWRRQnlBR1VBZHdCbEFHSUFjd0JwQUhRQVpRQnpBQzRBYmdCbEFIUUFMd0JpQUhVQWJnQmtBR3dBWlFCekFDOEFjd0JwQUhRQVpRQS9BSFlBUFFBMkFGb0FRZ0JHQUVjQVlRQXdBSEFBTWdBd0FHTUFSUUJXQUdrQU5BQk5BRk1BUndCMEFHTUFVd0JPQUVrQU5nQnNBRVlBWndCb0FEY0FUZ0JTQUVFQVlRQkRBRGtBWWdCVUFIUUFVd0JDQUZFQVZRQlpBREVBSWdBc0FDSUFiQUJwQUc0QVpRQWlBRG9BTVFCOUFDd0Fld0FpQUd3QVpRQjJBR1VBYkFBaUFEb0FNUUFzQUNJQWJRQmxBSFFBYUFCdkFHUUFJZ0E2QUNJQVlRQWlBQ3dBSWdCaEFITUFjd0JsQUcwQVlnQnNBSGtBSWdBNkFDSUFZUUIwQUNBQVlRQWdBQ2dBYUFCMEFIUUFjQUE2QUM4QUx3QndBR0VBY2dCMEFITUFkUUJ1QUd3QWFRQnRBR2tBZEFCbEFHUUFaUUF5QUdVQVpBQmxBRzBBYndBdUFHRUFlZ0IxQUhJQVpRQjNBR1VBWWdCekFHa0FkQUJsQUhNQUxnQnVBR1VBZEFBdkFHSUFkUUJ1QUdRQWJBQmxBSE1BTHdCcUFIRUFkUUJsQUhJQWVRQS9BSFlBUFFCakFIRUFiUUF6QUhJQVJnQjZBSElBU0FCaEFHMEFad0JJQUhrQVpRQTVBSEFBZUFBMkFFY0FPQUJIQUVRQU9BQlFBR1FBWXdCT0FIVUFid0JzQUVnQU9BQnhBSG9BY1FCTEFFOEFiQUJNQUZnQWFnQm5BREVBT2dBeEFEb0FNUUE0QURJQU5RQTVBQ2tBSWdBc0FDSUFaZ0JwQUd3QVpRQk9BR0VBYlFCbEFDSUFPZ0FpQUdnQWRBQjBBSEFBT2dBdkFDOEFjQUJoQUhJQWRBQnpBSFVBYmdCc0FHa0FiUUJwQUhRQVpRQmtBR1VBTWdCbEFHUUFaUUJ0QUc4QUxnQmhBSG9BZFFCeUFHVUFkd0JsQUdJQWN3QnBBSFFBWlFCekFDNEFiZ0JsQUhRQUx3QmlBSFVBYmdCa0FHd0FaUUJ6QUM4QWFnQnhBSFVBWlFCeUFIa0FQd0IyQUQwQVl3QnhBRzBBTXdCeUFFWUFlZ0J5QUVnQVlRQnRBR2NBU0FCNUFHVUFPUUJ3QUhnQU5nQkhBRGdBUndCRUFEZ0FVQUJrQUdNQVRnQjFBRzhBYkFCSUFEZ0FjUUI2QUhFQVN3QlBBR3dBVEFCWUFHb0Fad0F4QUNJQUxBQWlBR3dBYVFCdUFHVUFJZ0E2QURFQWZRQXNBSHNBSWdCc0FHVUFkZ0JsQUd3QUlnQTZBRElBTEFBaUFHMEFaUUIwQUdnQWJ3QmtBQ0lBT2dBaUFHZ0FMZ0JtQUdrQWNnQmxBRmNBYVFCMEFHZ0FJZ0FzQUNJQVlRQnpBSE1BWlFCdEFHSUFiQUI1QUNJQU9nQWlBR0VBZEFBZ0FHZ0FMZ0JtQUdrQWNnQmxBRmNBYVFCMEFHZ0FJQUFvQUdnQWRBQjBBSEFBT2dBdkFDOEFjQUJoQUhJQWRBQnpBSFVBYmdCc0FHa0FiUUJwQUhRQVpRQmtBR1VBTWdCbEFHUUFaUUJ0QUc4QUxnQmhBSG9BZFFCeUFHVUFkd0JsQUdJQWN3QnBBSFFBWlFCekFDNEFiZ0JsQUhRQUx3QmlBSFVBYmdCa0FHd0FaUUJ6QUM4QWFnQnhBSFVBWlFCeUFIa0FQd0IyQUQwQVl3QnhBRzBBTXdCeUFFWUFlZ0J5QUVnQVlRQnRBR2NBU0FCNUFHVUFPUUJ3QUhnQU5nQkhBRGdBUndCRUFEZ0FVQUJrQUdNQVRnQjFBRzhBYkFCSUFEZ0FjUUI2QUhFQVN3QlBBR3dBVEFCWUFHb0Fad0F4QURvQU1RQTZBREVBT1FBd0FEQUFNZ0FwQUNJQUxBQWlBR1lBYVFCc0FHVUFUZ0JoQUcwQVpRQWlBRG9BSWdCb0FIUUFkQUJ3QURvQUx3QXZBSEFBWVFCeUFIUUFjd0IxQUc0QWJBQnBBRzBBYVFCMEFHVUFaQUJsQURJQVpRQmtBR1VBYlFCdkFDNEFZUUI2QUhVQWNnQmxBSGNBWlFCaUFITUFhUUIwQUdVQWN3QXVBRzRBWlFCMEFDOEFZZ0IxQUc0QVpBQnNBR1VBY3dBdkFHb0FjUUIxQUdVQWNnQjVBRDhBZGdBOUFHTUFjUUJ0QURNQWNnQkdBSG9BY2dCSUFHRUFiUUJuQUVnQWVRQmxBRGtBY0FCNEFEWUFSd0E0QUVjQVJBQTRBRkFBWkFCakFFNEFkUUJ2QUd3QVNBQTRBSEVBZWdCeEFFc0FUd0JzQUV3QVdBQnFBR2NBTVFBaUFDd0FJZ0JzQUdrQWJnQmxBQ0lBT2dBeEFIMEFMQUI3QUNJQWJBQmxBSFlBWlFCc0FDSUFPZ0F6QUN3QUlnQnRBR1VBZEFCb0FHOEFaQUFpQURvQUlnQnlBR1VBWVFCa0FIa0FJZ0FzQUNJQVlRQnpBSE1BWlFCdEFHSUFiQUI1QUNJQU9nQWlBR0VBZEFBZ0FISUFaUUJoQUdRQWVRQWdBQ2dBYUFCMEFIUUFjQUE2QUM4QUx3QndBR0VBY2dCMEFITUFkUUJ1QUd3QWFRQnRBR2tBZEFCbEFHUUFaUUF5QUdVQVpBQmxBRzBBYndBdUFHRUFlZ0IxQUhJQVpRQjNBR1VBWWdCekFHa0FkQUJsQUhNQUxnQnVBR1VBZEFBdkFHSUFkUUJ1QUdRQWJBQmxBSE1BTHdCcUFIRUFkUUJsQUhJQWVRQS9BSFlBUFFCakFIRUFiUUF6QUhJQVJnQjZBSElBU0FCaEFHMEFad0JJQUhrQVpRQTVBSEFBZUFBMkFFY0FPQUJIQUVRQU9BQlFBR1FBWXdCT0FIVUFid0JzQUVnQU9BQnhBSG9BY1FCTEFFOEFiQUJNQUZnQWFnQm5BREVBT2dBeEFEb0FNUUF6QURnQU9RQTBBQ2tBSWdBc0FDSUFaZ0JwQUd3QVpRQk9BR0VBYlFCbEFDSUFPZ0FpQUdnQWRBQjBBSEFBT2dBdkFDOEFjQUJoQUhJQWRBQnpBSFVBYmdCc0FHa0FiUUJwQUhRQVpRQmtBR1VBTWdCbEFHUUFaUUJ0QUc4QUxnQmhBSG9BZFFCeUFHVUFkd0JsQUdJQWN3QnBBSFFBWlFCekFDNEFiZ0JsQUhRQUx3QmlBSFVBYmdCa0FHd0FaUUJ6QUM4QWFnQnhBSFVBWlFCeUFIa0FQd0IyQUQwQVl3QnhBRzBBTXdCeUFFWUFlZ0J5QUVnQVlRQnRBR2NBU0FCNUFHVUFPUUJ3QUhnQU5nQkhBRGdBUndCRUFEZ0FVQUJrQUdNQVRnQjFBRzhBYkFCSUFEZ0FjUUI2QUhFQVN3QlBBR3dBVEFCWUFHb0Fad0F4QUNJQUxBQWlBR3dBYVFCdUFHVUFJZ0E2QURFQWZRQXNBSHNBSWdCc0FHVUFkZ0JsQUd3QUlnQTZBRFFBTEFBaUFHMEFaUUIwQUdnQWJ3QmtBQ0lBT2dBaUFHZ0FJZ0FzQUNJQVlRQnpBSE1BWlFCdEFHSUFiQUI1QUNJQU9nQWlBR0VBZEFBZ0FHZ0FJQUFvQUdnQWRBQjBBSEFBT2dBdkFDOEFjQUJoQUhJQWRBQnpBSFVBYmdCc0FHa0FiUUJwQUhRQVpRQmtBR1VBTWdCbEFHUUFaUUJ0QUc4QUxnQmhBSG9BZFFCeUFHVUFkd0JsQUdJQWN3QnBBSFFBWlFCekFDNEFiZ0JsQUhRQUx3QmlBSFVBYmdCa0FHd0FaUUJ6QUM4QWFnQnhBSFVBWlFCeUFIa0FQd0IyQUQwQVl3QnhBRzBBTXdCeUFFWUFlZ0J5QUVnQVlRQnRBR2NBU0FCNUFHVUFPUUJ3QUhnQU5nQkhBRGdBUndCRUFEZ0FVQUJrQUdNQVRnQjFBRzhBYkFCSUFEZ0FjUUI2QUhFQVN3QlBBR3dBVEFCWUFHb0Fad0F4QURvQU1RQTZBREVBTVFBeUFEa0FNQUFwQUNJQUxBQWlBR1lBYVFCc0FHVUFUZ0JoQUcwQVpRQWlBRG9BSWdCb0FIUUFkQUJ3QURvQUx3QXZBSEFBWVFCeUFIUUFjd0IxQUc0QWJBQnBBRzBBYVFCMEFHVUFaQUJsQURJQVpRQmtBR1VBYlFCdkFDNEFZUUI2QUhVQWNnQmxBSGNBWlFCaUFITUFhUUIwQUdVQWN3QXVBRzRBWlFCMEFDOEFZZ0IxQUc0QVpBQnNBR1VBY3dBdkFHb0FjUUIxQUdVQWNnQjVBRDhBZGdBOUFHTUFjUUJ0QURNQWNnQkdBSG9BY2dCSUFHRUFiUUJuQUVnQWVRQmxBRGtBY0FCNEFEWUFSd0E0QUVjQVJBQTRBRkFBWkFCakFFNEFkUUJ2QUd3QVNBQTRBSEVBZWdCeEFFc0FUd0JzQUV3QVdBQnFBR2NBTVFBaUFDd0FJZ0JzQUdrQWJnQmxBQ0lBT2dBeEFIMEFYUUI5QUYwQUxBQWlBSEFBY2dCdkFIQUFaUUJ5QUhRQWFRQmxBSE1BSWdBNkFIc0FJZ0IxQUhJQWJBQWlBRG9BSWdCb0FIUUFkQUJ3QURvQUx3QXZBSEFBWVFCeUFIUUFjd0IxQUc0QWJBQnBBRzBBYVFCMEFHVUFaQUJsQURJQVpRQmtBR1VBYlFCdkFDNEFZUUI2QUhVQWNnQmxBSGNBWlFCaUFITUFhUUIwQUdVQWN3QXVBRzRBWlFCMEFDOEFZZ0IxQUc0QVpBQnNBR1VBY3dBdkFITUFhUUIwQUdVQVB3QjJBRDBBTmdCYUFFSUFSZ0JIQUdFQU1BQndBRElBTUFCakFFVUFWZ0JwQURRQVRRQlRBRWNBZEFCakFGTUFUZ0JKQURZQWJBQkdBR2NBYUFBM0FFNEFVZ0JCQUdFQVF3QTVBR0lBVkFCMEFGTUFRZ0JSQUZVQVdRQXhBQ0lBZlFCOUFIMEFmUUFzQUhzQUlnQjBBR2tBYlFCbEFDSUFPZ0FpQURJQU1BQXhBRGNBTFFBd0FERUFMUUF5QURVQVZBQXdBRFlBT2dBekFEUUFPZ0F3QURVQUxnQTJBRGNBTVFCYUFDSUFMQUFpQUdrQVN3QmxBSGtBSWdBNkFDSUFNd0EwQURNQVlRQTBBRE1BTkFBeEFDMEFZUUF4QURJQU5BQXRBRFFBTXdBekFEY0FMUUE0QURFQU13QXlBQzBBTXdBd0FEa0FZUUJqQURBQU9RQTNBRElBTUFBeEFEUUFJZ0FzQUNJQWJnQmhBRzBBWlFBaUFEb0FJZ0JOQUdrQVl3QnlBRzhBY3dCdkFHWUFkQUF1QUVFQWNBQndBR3dBYVFCakFHRUFkQUJwQUc4QWJnQkpBRzRBY3dCcEFHY0FhQUIwQUhNQUxnQXpBRFFBTXdCaEFEUUFNd0EwQURFQVlRQXhBRElBTkFBMEFETUFNd0EzQURnQU1RQXpBRElBTXdBd0FEa0FZUUJqQURBQU9RQTNBRElBTUFBeEFEUUFMZ0JRQUdFQVp3QmxBSFlBYVFCbEFIY0FJZ0FzQUNJQWRBQmhBR2NBY3dBaUFEb0Fld0FpQUdFQWFRQXVBSE1BWlFCekFITUFhUUJ2QUc0QUxnQnBBR1FBSWdBNkFDSUFOQUJJQUVJQVZ3QjZBQ0lBTEFBaUFHRUFhUUF1QUdRQVpRQjJBR2tBWXdCbEFDNEFhUUJrQUNJQU9nQWlBR0lBY2dCdkFIY0Fjd0JsQUhJQUlnQXNBQ0lBWVFCcEFDNEFaQUJsQUhZQWFRQmpBR1VBTGdCMEFIa0FjQUJsQUNJQU9nQWlBRUlBY2dCdkFIY0Fjd0JsQUhJQUlnQXNBQ0lBWVFCcEFDNEFhUUJ1QUhRQVpRQnlBRzRBWVFCc0FDNEFZUUJuQUdVQWJnQjBBRllBWlFCeUFITUFhUUJ2QUc0QUlnQTZBQ0lBY3dCdUFHa0FjQUJ3QUdVQWRBQTZBREVBTGdBd0FDSUFMQUFpQUdFQWFRQXVBR2tBYmdCMEFHVUFjZ0J1QUdFQWJBQXVBSE1BWkFCckFGWUFaUUJ5QUhNQWFRQnZBRzRBSWdBNkFDSUFhZ0JoQUhZQVlRQnpBR01BY2dCcEFIQUFkQUE2QURFQUxnQXdBQzRBTndBaUFDd0FJZ0JoQUdrQUxnQjFBSE1BWlFCeUFDNEFhUUJrQUNJQU9nQWlBRXNBTndCVUFEUUFSZ0FpQUN3QUlnQmhBR2tBTGdCdkFIQUFaUUJ5QUdFQWRBQnBBRzhBYmdBdUFHa0FaQUFpQURvQUlnQTFBSFlBZFFBM0FGSUFJZ0FzQUNJQVlRQnBBQzRBYndCd0FHVUFjZ0JoQUhRQWFRQnZBRzRBTGdCdUFHRUFiUUJsQUNJQU9nQWlBQzhBVXdCb0FHOEFjQUJ3QUdrQWJnQm5BRU1BWVFCeUFIUUFJZ0I5QUN3QUlnQmtBR0VBZEFCaEFDSUFPZ0I3QUNJQVlnQmhBSE1BWlFCVUFIa0FjQUJsQUNJQU9nQWlBRkFBWVFCbkFHVUFkZ0JwQUdVQWR3QkVBR0VBZEFCaEFDSUFMQUFpQUdJQVlRQnpBR1VBUkFCaEFIUUFZUUFpQURvQWV3QWlBSFlBWlFCeUFDSUFPZ0F5QUN3QUlnQnVBR0VBYlFCbEFDSUFPZ0FpQUZNQWFBQnZBSEFBY0FCcEFHNEFad0FnQUVNQVlRQnlBSFFBSUFBVElDQUFVQUJoQUhJQWRBQnpBQ0FBVlFCdUFHd0FhUUJ0QUdrQWRBQmxBR1FBSWdBc0FDSUFkUUJ5QUd3QUlnQTZBQ0lBYUFCMEFIUUFjQUE2QUM4QUx3QndBR0VBY2dCMEFITUFkUUJ1QUd3QWFRQnRBR2tBZEFCbEFHUUFaUUF5QUdVQVpBQmxBRzBBYndBdUFHRUFlZ0IxQUhJQVpRQjNBR1VBWWdCekFHa0FkQUJsQUhNQUxnQnVBR1VBZEFBdkFGTUFhQUJ2QUhBQWNBQnBBRzRBWndCREFHRUFjZ0IwQUNJQUxBQWlBR1FBZFFCeUFHRUFkQUJwQUc4QWJnQWlBRG9BSWdBd0FEQUFPZ0F3QURBQU9nQXdBRElBTGdBekFERUFNQUFpQUgwQWZRQjlBQ3dBZXdBaUFIUUFhUUJ0QUdVQUlnQTZBQ0lBTWdBd0FERUFOd0F0QURBQU1RQXRBRElBTlFCVUFEQUFOZ0E2QURNQU5BQTZBREFBTlFBdUFEWUFOd0F5QUZvQUlnQXNBQ0lBYVFCTEFHVUFlUUFpQURvQUlnQXpBRFFBTXdCaEFEUUFNd0EwQURFQUxRQmhBREVBTWdBMEFDMEFOQUF6QURNQU53QXRBRGdBTVFBekFESUFMUUF6QURBQU9RQmhBR01BTUFBNUFEY0FNZ0F3QURFQU5BQWlBQ3dBSWdCdUFHRUFiUUJsQUNJQU9nQWlBRTBBYVFCakFISUFid0J6QUc4QVpnQjBBQzRBUVFCd0FIQUFiQUJwQUdNQVlRQjBBR2tBYndCdUFFa0FiZ0J6QUdrQVp3Qm9BSFFBY3dBdUFETUFOQUF6QUdFQU5BQXpBRFFBTVFCaEFERUFNZ0EwQURRQU13QXpBRGNBT0FBeEFETUFNZ0F6QURBQU9RQmhBR01BTUFBNUFEY0FNZ0F3QURFQU5BQXVBRkFBWVFCbkFHVUFkZ0JwQUdVQWR3QlFBR1VBY2dCbUFHOEFjZ0J0QUdFQWJnQmpBR1VBSWdBc0FDSUFkQUJoQUdjQWN3QWlBRG9BZXdBaUFHRUFhUUF1QUhNQVpRQnpBSE1BYVFCdkFHNEFMZ0JwQUdRQUlnQTZBQ0lBTkFCSUFFSUFWd0I2QUNJQUxBQWlBR0VBYVFBdUFHUUFaUUIyQUdrQVl3QmxBQzRBYVFCa0FDSUFPZ0FpQUdJQWNnQnZBSGNBY3dCbEFISUFJZ0FzQUNJQVlRQnBBQzRBWkFCbEFIWUFhUUJqQUdVQUxnQjBBSGtBY0FCbEFDSUFPZ0FpQUVJQWNnQnZBSGNBY3dCbEFISUFJZ0FzQUNJQVlRQnBBQzRBYVFCdUFIUUFaUUJ5QUc0QVlRQnNBQzRBWVFCbkFHVUFiZ0IwQUZZQVpRQnlBSE1BYVFCdkFHNEFJZ0E2QUNJQWN3QnVBR2tBY0FCd0FHVUFkQUE2QURFQUxnQXdBQ0lBTEFBaUFHRUFhUUF1QUdrQWJnQjBBR1VBY2dCdUFHRUFiQUF1QUhNQVpBQnJBRllBWlFCeUFITUFhUUJ2QUc0QUlnQTZBQ0lBYWdCaEFIWUFZUUJ6QUdNQWNnQnBBSEFBZEFBNkFERUFMZ0F3QUM0QU53QWlBQ3dBSWdCaEFHa0FMZ0IxQUhNQVpRQnlBQzRBYVFCa0FDSUFPZ0FpQUVzQU53QlVBRFFBUmdBaUFDd0FJZ0JoQUdrQUxnQnZBSEFBWlFCeUFHRUFkQUJwQUc4QWJnQXVBR2tBWkFBaUFEb0FJZ0ExQUhZQWRRQTNBRklBSWdBc0FDSUFZUUJwQUM0QWJ3QndBR1VBY2dCaEFIUUFhUUJ2QUc0QUxnQnVBR0VBYlFCbEFDSUFPZ0FpQUM4QVV3Qm9BRzhBY0FCd0FHa0FiZ0JuQUVNQVlRQnlBSFFBSWdCOUFDd0FJZ0JrQUdFQWRBQmhBQ0lBT2dCN0FDSUFZZ0JoQUhNQVpRQlVBSGtBY0FCbEFDSUFPZ0FpQUZBQVlRQm5BR1VBZGdCcEFHVUFkd0JRQUdVQWNnQm1BRzhBY2dCdEFHRUFiZ0JqQUdVQVJBQmhBSFFBWVFBaUFDd0FJZ0JpQUdFQWN3QmxBRVFBWVFCMEFHRUFJZ0E2QUhzQUlnQjJBR1VBY2dBaUFEb0FNZ0FzQUNJQWJnQmhBRzBBWlFBaUFEb0FJZ0JUQUdnQWJ3QndBSEFBYVFCdUFHY0FJQUJEQUdFQWNnQjBBQ0FBRXlBZ0FGQUFZUUJ5QUhRQWN3QWdBRlVBYmdCc0FHa0FiUUJwQUhRQVpRQmtBQ0lBTEFBaUFIVUFjZ0JzQUNJQU9nQWlBR2dBZEFCMEFIQUFPZ0F2QUM4QWNBQmhBSElBZEFCekFIVUFiZ0JzQUdrQWJRQnBBSFFBWlFCa0FHVUFNZ0JsQUdRQVpRQnRBRzhBTGdCaEFIb0FkUUJ5QUdVQWR3QmxBR0lBY3dCcEFIUUFaUUJ6QUM0QWJnQmxBSFFBTHdCVEFHZ0Fid0J3QUhBQWFRQnVBR2NBUXdCaEFISUFkQUFpQUN3QUlnQmtBSFVBY2dCaEFIUUFhUUJ2QUc0QUlnQTZBQ0lBTUFBd0FEb0FNQUF3QURvQU1BQXlBQzRBTXdBeEFEQUFJZ0FzQUNJQWNBQmxBSElBWmdCVUFHOEFkQUJoQUd3QUlnQTZBQ0lBTUFBd0FEb0FNQUF3QURvQU1BQXlBQzRBTXdBeEFEQUFJZ0FzQUNJQWJnQmxBSFFBZHdCdkFISUFhd0JEQUc4QWJnQnVBR1VBWXdCMEFDSUFPZ0FpQURBQU1BQTZBREFBTUFBNkFEQUFNUUF1QURjQU5RQTBBQ0lBTEFBaUFITUFaUUJ1QUhRQVVnQmxBSEVBZFFCbEFITUFkQUFpQURvQUlnQXdBREFBT2dBd0FEQUFPZ0F3QURBQUxnQXdBREFBTlFBaUFDd0FJZ0J5QUdVQVl3QmxBR2tBZGdCbEFHUUFVZ0JsQUhNQWNBQnZBRzRBY3dCbEFDSUFPZ0FpQURBQU1BQTZBREFBTUFBNkFEQUFNQUF1QURBQU1RQTNBQ0lBTEFBaUFHUUFid0J0QUZBQWNnQnZBR01BWlFCekFITUFhUUJ1QUdjQUlnQTZBQ0lBTUFBd0FEb0FNQUF3QURvQU1BQXdBQzRBTlFBekFESUFJZ0I5QUgwQWZRQmRBQT09PC9TdHJpbmdIdHRwQm9keT4NCiAgICA8L1JlcXVlc3Q+DQogICAgPFJlcXVlc3QgTWV0aG9kPSJHRVQiIEd1aWQ9IjlhOTM2ZGE3LTM0MTUtNGIyYS04YjFiLTc4YzMzYTg2NDc0YyIgVmVyc2lvbj0iMS4xIiBVcmw9Imh0dHA6Ly9wYXJ0c3VubGltaXRlZGUyZWRlbW8uYXp1cmV3ZWJzaXRlcy5uZXQvQ2hlY2tvdXQvQWRkcmVzc0FuZFBheW1lbnQiIFRoaW5rVGltZT0iMCIgVGltZW91dD0iMzAwIiBQYXJzZURlcGVuZGVudFJlcXVlc3RzPSJUcnVlIiBGb2xsb3dSZWRpcmVjdHM9IlRydWUiIFJlY29yZFJlc3VsdD0iVHJ1ZSIgQ2FjaGU9IkZhbHNlIiBSZXNwb25zZVRpbWVHb2FsPSIwIiBFbmNvZGluZz0idXRmLTgiIEV4cGVjdGVkSHR0cFN0YXR1c0NvZGU9IjAiIEV4cGVjdGVkUmVzcG9uc2VVcmw9Imh0dHA6Ly9wYXJ0c3VubGltaXRlZGUyZWRlbW8uYXp1cmV3ZWJzaXRlcy5uZXQvQWNjb3VudC9Mb2dpbj9SZXR1cm5Vcmw9JTJGQ2hlY2tvdXQlMkZBZGRyZXNzQW5kUGF5bWVudCIgUmVwb3J0aW5nTmFtZT0iIiBJZ25vcmVIdHRwU3RhdHVzQ29kZT0iRmFsc2UiPg0KICAgICAgPERlcGVuZGVudFJlcXVlc3RzPg0KICAgICAgICA8UmVxdWVzdCBNZXRob2Q9IkdFVCIgR3VpZD0iNjg5M2FmZGQtZWJmOC00NDk1LTkxZjQtZDU4ZmU2MDdmMzIwIiBWZXJzaW9uPSIxLjEiIFVybD0iaHR0cDovL3BhcnRzdW5saW1pdGVkZTJlZGVtby5henVyZXdlYnNpdGVzLm5ldC9mb250cy9nbHlwaGljb25zLWhhbGZsaW5ncy1yZWd1bGFyLmVvdCIgVGhpbmtUaW1lPSIwIiBUaW1lb3V0PSIzMDAiIFBhcnNlRGVwZW5kZW50UmVxdWVzdHM9IlRydWUiIEZvbGxvd1JlZGlyZWN0cz0iVHJ1ZSIgUmVjb3JkUmVzdWx0PSJUcnVlIiBDYWNoZT0iRmFsc2UiIFJlc3BvbnNlVGltZUdvYWw9IjAiIEVuY29kaW5nPSJ1dGYtOCIgRXhwZWN0ZWRIdHRwU3RhdHVzQ29kZT0iMCIgRXhwZWN0ZWRSZXNwb25zZVVybD0iIiBSZXBvcnRpbmdOYW1lPSIiIElnbm9yZUh0dHBTdGF0dXNDb2RlPSJGYWxzZSI+DQogICAgICAgICAgPEhlYWRlcnM+DQogICAgICAgICAgICA8SGVhZGVyIE5hbWU9IlJlZmVyZXIiIFZhbHVlPSJodHRwOi8vcGFydHN1bmxpbWl0ZWRlMmVkZW1vLmF6dXJld2Vic2l0ZXMubmV0L0FjY291bnQvTG9naW4/UmV0dXJuVXJsPSUyRkNoZWNrb3V0JTJGQWRkcmVzc0FuZFBheW1lbnQiIC8+DQogICAgICAgICAgPC9IZWFkZXJzPg0KICAgICAgICAgIDxRdWVyeVN0cmluZ1BhcmFtZXRlcnM+DQogICAgICAgICAgICA8UXVlcnlTdHJpbmdQYXJhbWV0ZXIgTmFtZT0iIiBWYWx1ZT0iIiBSZWNvcmRlZFZhbHVlPSIiIENvcnJlbGF0aW9uQmluZGluZz0iIiBVcmxFbmNvZGU9IkZhbHNlIiBVc2VUb0dyb3VwUmVzdWx0cz0iRmFsc2UiIC8+DQogICAgICAgICAgPC9RdWVyeVN0cmluZ1BhcmFtZXRlcnM+DQogICAgICAgIDwvUmVxdWVzdD4NCiAgICAgIDwvRGVwZW5kZW50UmVxdWVzdHM+DQogICAgICA8SGVhZGVycz4NCiAgICAgICAgPEhlYWRlciBOYW1lPSJSZWZlcmVyIiBWYWx1ZT0iaHR0cDovL3BhcnRzdW5saW1pdGVkZTJlZGVtby5henVyZXdlYnNpdGVzLm5ldC9TaG9wcGluZ0NhcnQiIC8+DQogICAgICA8L0hlYWRlcnM+DQogICAgPC9SZXF1ZXN0Pg0KICA8L0l0ZW1zPg0KICA8VmFsaWRhdGlvblJ1bGVzPg0KICAgIDxWYWxpZGF0aW9uUnVsZSBDbGFzc25hbWU9Ik1pY3Jvc29mdC5WaXN1YWxTdHVkaW8uVGVzdFRvb2xzLldlYlRlc3RpbmcuUnVsZXMuVmFsaWRhdGVSZXNwb25zZVVybCwgTWljcm9zb2Z0LlZpc3VhbFN0dWRpby5RdWFsaXR5VG9vbHMuV2ViVGVzdEZyYW1ld29yaywgVmVyc2lvbj0xMC4wLjAuMCwgQ3VsdHVyZT1uZXV0cmFsLCBQdWJsaWNLZXlUb2tlbj1iMDNmNWY3ZjExZDUwYTNhIiBEaXNwbGF5TmFtZT0iUmVzcG9uc2UgVVJMIiBEZXNjcmlwdGlvbj0iVmFsaWRhdGVzIHRoYXQgdGhlIHJlc3BvbnNlIFVSTCBhZnRlciByZWRpcmVjdHMgYXJlIGZvbGxvd2VkIGlzIHRoZSBzYW1lIGFzIHRoZSByZWNvcmRlZCByZXNwb25zZSBVUkwuICBRdWVyeVN0cmluZyBwYXJhbWV0ZXJzIGFyZSBpZ25vcmVkLiIgTGV2ZWw9IkxvdyIgRXhlY3R1aW9uT3JkZXI9IkJlZm9yZURlcGVuZGVudHMiIC8+DQogICAgPFZhbGlkYXRpb25SdWxlIENsYXNzbmFtZT0iTWljcm9zb2Z0LlZpc3VhbFN0dWRpby5UZXN0VG9vbHMuV2ViVGVzdGluZy5SdWxlcy5WYWxpZGF0aW9uUnVsZVJlc3BvbnNlVGltZUdvYWwsIE1pY3Jvc29mdC5WaXN1YWxTdHVkaW8uUXVhbGl0eVRvb2xzLldlYlRlc3RGcmFtZXdvcmssIFZlcnNpb249MTAuMC4wLjAsIEN1bHR1cmU9bmV1dHJhbCwgUHVibGljS2V5VG9rZW49YjAzZjVmN2YxMWQ1MGEzYSIgRGlzcGxheU5hbWU9IlJlc3BvbnNlIFRpbWUgR29hbCIgRGVzY3JpcHRpb249IlZhbGlkYXRlcyB0aGF0IHRoZSByZXNwb25zZSB0aW1lIGZvciB0aGUgcmVxdWVzdCBpcyBsZXNzIHRoYW4gb3IgZXF1YWwgdG8gdGhlIHJlc3BvbnNlIHRpbWUgZ29hbCBhcyBzcGVjaWZpZWQgb24gdGhlIHJlcXVlc3QuICBSZXNwb25zZSB0aW1lIGdvYWxzIG9mIHplcm8gd2lsbCBiZSBpZ25vcmVkLiIgTGV2ZWw9IkxvdyIgRXhlY3R1aW9uT3JkZXI9IkFmdGVyRGVwZW5kZW50cyI+DQogICAgICA8UnVsZVBhcmFtZXRlcnM+DQogICAgICAgIDxSdWxlUGFyYW1ldGVyIE5hbWU9IlRvbGVyYW5jZSIgVmFsdWU9IjAiIC8+DQogICAgICA8L1J1bGVQYXJhbWV0ZXJzPg0KICAgIDwvVmFsaWRhdGlvblJ1bGU+DQogIDwvVmFsaWRhdGlvblJ1bGVzPg0KPC9XZWJUZXN0Pg==">
      <Execution id="898ec7a9-e99b-40b7-afcf-88a2ecf7a845" />
    </WebTest>
  </TestDefinitions>
  <TestLists>
    <TestList name="Results Not in a List" id="8c84fa94-04c1-424b-9868-57a2d4851a1d" />
    <TestList name="All Loaded Results" id="19431567-8539-422a-85d7-44ee4e166bda" />
  </TestLists>
  <TestEntries>
    <TestEntry isTransparent="false" testId="bbc941ee-8db9-4789-95a8-272eeb3733da" executionId="898ec7a9-e99b-40b7-afcf-88a2ecf7a845" testListId="8c84fa94-04c1-424b-9868-57a2d4851a1d" />
  </TestEntries>
  <Results>
    <WebTestResult executionId="898ec7a9-e99b-40b7-afcf-88a2ecf7a845" testId="bbc941ee-8db9-4789-95a8-272eeb3733da" testName="WebTest2" computerName="SWATHI" duration="00:03:30.5658938" startTime="2017-01-25T12:26:27.7501856+05:30" testType="4e7599fa-5ecb-43e9-a887-cd63cf72d207" testListId="8c84fa94-04c1-424b-9868-57a2d4851a1d" relativeResultsDirectory="898ec7a9-e99b-40b7-afcf-88a2ecf7a845">
      <Output>
        <ErrorInfo>
          <Message>The test adapter 'WebTestAdapter' threw an exception while running test 'WebTest2'. Thread was being aborted.</Message>
        </ErrorInfo>
      </Output>
      <ResultFiles>
        <ResultFile path="WebTest2.webtestResult" />
      </ResultFiles>
      <TestSettings name="Local" id="8b69c781-d4d4-4580-a862-165b7125fe4c">
        <Description>These are default test settings for a local test run.</Description>
        <Execution>
          <TestTypeSpecific>
            <WebTestRunConfiguration testTypeId="4e7599fa-5ecb-43e9-a887-cd63cf72d207">
              <Browser name="Internet Explorer 9.0" MaxConnections="6">
                <Headers>
                  <Header name="User-Agent" value="Mozilla/5.0 (compatible; MSIE 9.0; Windows NT 6.1; Trident/5.0)" />
                  <Header name="Accept" value="*/*" />
                  <Header name="Accept-Language" value="{{$IEAcceptLanguage}}" />
                  <Header name="Accept-Encoding" value="GZIP" />
                </Headers>
              </Browser>
            </WebTestRunConfiguration>
          </TestTypeSpecific>
          <AgentRule name="Execution Agents">
          </AgentRule>
        </Execution>
        <Deployment runDeploymentRoot="srivatsam_SWATHI 2017-01-25 12_26_27" />
        <Properties>
          <Property name="TestSettingsUIType" value="LoadTest" />
        </Properties>
      </TestSettings>
      <WebTestResultFilePath>srivatsam_SWATHI 2017-01-25 12_26_27\In\898ec7a9-e99b-40b7-afcf-88a2ecf7a845\WebTest2.webtestResult</WebTestResultFilePath>
    </WebTestResult>
  </Results>
</TestRun>